{"meta": {"format": 3, "version": "7.13.5", "timestamp": "2026-03-19T18:24:53.685874", "branch_coverage": true, "show_contexts": false}, "files": {"src/ainpp_pb_latam/__init__.py": {"executed_lines": [1, 3], "summary": {"covered_lines": 2, "num_statements": 2, "percent_covered": 100.0, "percent_covered_display": "100", "missing_lines": 0, "excluded_lines": 0, "percent_statements_covered": 100.0, "percent_statements_covered_display": "100", "num_branches": 0, "num_partial_branches": 0, "covered_branches": 0, "missing_branches": 0, "percent_branches_covered": 100.0, "percent_branches_covered_display": "100"}, "missing_lines": [], "excluded_lines": [], "executed_branches": [], "missing_branches": [], "functions": {"": {"executed_lines": [1, 3], "summary": {"covered_lines": 2, "num_statements": 2, "percent_covered": 100.0, "percent_covered_display": "100", "missing_lines": 0, "excluded_lines": 0, "percent_statements_covered": 100.0, "percent_statements_covered_display": "100", "num_branches": 0, "num_partial_branches": 0, "covered_branches": 0, "missing_branches": 0, "percent_branches_covered": 100.0, "percent_branches_covered_display": "100"}, "missing_lines": [], "excluded_lines": [], "start_line": 1, "executed_branches": [], "missing_branches": []}}, "classes": {"": {"executed_lines": [1, 3], "summary": {"covered_lines": 2, "num_statements": 2, "percent_covered": 100.0, "percent_covered_display": "100", "missing_lines": 0, "excluded_lines": 0, "percent_statements_covered": 100.0, "percent_statements_covered_display": "100", "num_branches": 0, "num_partial_branches": 0, "covered_branches": 0, "missing_branches": 0, "percent_branches_covered": 100.0, "percent_branches_covered_display": "100"}, "missing_lines": [], "excluded_lines": [], "start_line": 1, "executed_branches": [], "missing_branches": []}}}, "src/ainpp_pb_latam/_utils/standardization.py": {"executed_lines": [1, 3, 6, 7, 17, 18, 19, 28, 43, 48, 49, 50, 52, 61, 64, 67, 70], "summary": {"covered_lines": 17, "num_statements": 34, "percent_covered": 47.5, "percent_covered_display": "48", "missing_lines": 17, "excluded_lines": 0, "percent_statements_covered": 50.0, "percent_statements_covered_display": "50", "num_branches": 6, "num_partial_branches": 2, "covered_branches": 2, "missing_branches": 4, "percent_branches_covered": 33.333333333333336, "percent_branches_covered_display": "33"}, "missing_lines": [20, 21, 24, 25, 26, 30, 31, 32, 34, 35, 36, 37, 38, 39, 40, 41, 62], "excluded_lines": [], "executed_branches": [[17, 18], [61, 64]], "missing_branches": [[17, 20], [20, 21], [20, 24], [61, 62]], "functions": {"LogZScoreStandardizer.__init__": {"executed_lines": [17, 18, 19], "summary": {"covered_lines": 3, "num_statements": 8, "percent_covered": 33.333333333333336, "percent_covered_display": "33", "missing_lines": 5, "excluded_lines": 0, "percent_statements_covered": 37.5, "percent_statements_covered_display": "38", "num_branches": 4, "num_partial_branches": 1, "covered_branches": 1, "missing_branches": 3, "percent_branches_covered": 25.0, "percent_branches_covered_display": "25"}, "missing_lines": [20, 21, 24, 25, 26], "excluded_lines": [], "start_line": 7, "executed_branches": [[17, 18]], "missing_branches": [[17, 20], [20, 21], [20, 24]]}, "LogZScoreStandardizer.load_params": {"executed_lines": [], "summary": {"covered_lines": 0, "num_statements": 11, "percent_covered": 0.0, "percent_covered_display": "0", "missing_lines": 11, "excluded_lines": 0, "percent_statements_covered": 0.0, "percent_statements_covered_display": "0", "num_branches": 0, "num_partial_branches": 0, "covered_branches": 0, "missing_branches": 0, "percent_branches_covered": 100.0, "percent_branches_covered_display": "100"}, "missing_lines": [30, 31, 32, 34, 35, 36, 37, 38, 39, 40, 41], "excluded_lines": [], "start_line": 28, "executed_branches": [], "missing_branches": []}, "LogZScoreStandardizer.transform": {"executed_lines": [48, 49, 50], "summary": {"covered_lines": 3, "num_statements": 3, "percent_covered": 100.0, "percent_covered_display": "100", "missing_lines": 0, "excluded_lines": 0, "percent_statements_covered": 100.0, "percent_statements_covered_display": "100", "num_branches": 0, "num_partial_branches": 0, "covered_branches": 0, "missing_branches": 0, "percent_branches_covered": 100.0, "percent_branches_covered_display": "100"}, "missing_lines": [], "excluded_lines": [], "start_line": 43, "executed_branches": [], "missing_branches": []}, "LogZScoreStandardizer.inverse_transform": {"executed_lines": [61, 64, 67, 70], "summary": {"covered_lines": 4, "num_statements": 5, "percent_covered": 71.42857142857143, "percent_covered_display": "71", "missing_lines": 1, "excluded_lines": 0, "percent_statements_covered": 80.0, "percent_statements_covered_display": "80", "num_branches": 2, "num_partial_branches": 1, "covered_branches": 1, "missing_branches": 1, "percent_branches_covered": 50.0, "percent_branches_covered_display": "50"}, "missing_lines": [62], "excluded_lines": [], "start_line": 52, "executed_branches": [[61, 64]], "missing_branches": [[61, 62]]}, "": {"executed_lines": [1, 3, 6, 7, 28, 43, 52], "summary": {"covered_lines": 7, "num_statements": 7, "percent_covered": 100.0, "percent_covered_display": "100", "missing_lines": 0, "excluded_lines": 0, "percent_statements_covered": 100.0, "percent_statements_covered_display": "100", "num_branches": 0, "num_partial_branches": 0, "covered_branches": 0, "missing_branches": 0, "percent_branches_covered": 100.0, "percent_branches_covered_display": "100"}, "missing_lines": [], "excluded_lines": [], "start_line": 1, "executed_branches": [], "missing_branches": []}}, "classes": {"LogZScoreStandardizer": {"executed_lines": [17, 18, 19, 48, 49, 50, 61, 64, 67, 70], "summary": {"covered_lines": 10, "num_statements": 27, "percent_covered": 36.36363636363637, "percent_covered_display": "36", "missing_lines": 17, "excluded_lines": 0, "percent_statements_covered": 37.03703703703704, "percent_statements_covered_display": "37", "num_branches": 6, "num_partial_branches": 2, "covered_branches": 2, "missing_branches": 4, "percent_branches_covered": 33.333333333333336, "percent_branches_covered_display": "33"}, "missing_lines": [20, 21, 24, 25, 26, 30, 31, 32, 34, 35, 36, 37, 38, 39, 40, 41, 62], "excluded_lines": [], "start_line": 6, "executed_branches": [[17, 18], [61, 64]], "missing_branches": [[17, 20], [20, 21], [20, 24], [61, 62]]}, "": {"executed_lines": [1, 3, 6, 7, 28, 43, 52], "summary": {"covered_lines": 7, "num_statements": 7, "percent_covered": 100.0, "percent_covered_display": "100", "missing_lines": 0, "excluded_lines": 0, "percent_statements_covered": 100.0, "percent_statements_covered_display": "100", "num_branches": 0, "num_partial_branches": 0, "covered_branches": 0, "missing_branches": 0, "percent_branches_covered": 100.0, "percent_branches_covered_display": "100"}, "missing_lines": [], "excluded_lines": [], "start_line": 1, "executed_branches": [], "missing_branches": []}}}, "src/ainpp_pb_latam/aggregation/__init__.py": {"executed_lines": [], "summary": {"covered_lines": 0, "num_statements": 27, "percent_covered": 0.0, "percent_covered_display": "0", "missing_lines": 27, "excluded_lines": 0, "percent_statements_covered": 0.0, "percent_statements_covered_display": "0", "num_branches": 2, "num_partial_branches": 0, "covered_branches": 0, "missing_branches": 2, "percent_branches_covered": 0.0, "percent_branches_covered_display": "0"}, "missing_lines": [1, 2, 4, 6, 9, 10, 11, 16, 17, 19, 20, 26, 27, 29, 30, 32, 33, 37, 38, 40, 41, 43, 45, 46, 47, 48, 49], "excluded_lines": [], "executed_branches": [], "missing_branches": [[26, 27], [26, 29]], "functions": {"Aggregator.construct_tidy_dataframe": {"executed_lines": [], "summary": {"covered_lines": 0, "num_statements": 2, "percent_covered": 0.0, "percent_covered_display": "0", "missing_lines": 2, "excluded_lines": 0, "percent_statements_covered": 0.0, "percent_statements_covered_display": "0", "num_branches": 0, "num_partial_branches": 0, "covered_branches": 0, "missing_branches": 0, "percent_branches_covered": 100.0, "percent_branches_covered_display": "100"}, "missing_lines": [16, 17], "excluded_lines": [], "start_line": 11, "executed_branches": [], "missing_branches": []}, "Aggregator.summarize": {"executed_lines": [], "summary": {"covered_lines": 0, "num_statements": 4, "percent_covered": 0.0, "percent_covered_display": "0", "missing_lines": 4, "excluded_lines": 0, "percent_statements_covered": 0.0, "percent_statements_covered_display": "0", "num_branches": 2, "num_partial_branches": 0, "covered_branches": 0, "missing_branches": 2, "percent_branches_covered": 0.0, "percent_branches_covered_display": "0"}, "missing_lines": [26, 27, 29, 30], "excluded_lines": [], "start_line": 20, "executed_branches": [], "missing_branches": [[26, 27], [26, 29]]}, "Aggregator.save_results": {"executed_lines": [], "summary": {"covered_lines": 0, "num_statements": 10, "percent_covered": 0.0, "percent_covered_display": "0", "missing_lines": 10, "excluded_lines": 0, "percent_statements_covered": 0.0, "percent_statements_covered_display": "0", "num_branches": 0, "num_partial_branches": 0, "covered_branches": 0, "missing_branches": 0, "percent_branches_covered": 100.0, "percent_branches_covered_display": "100"}, "missing_lines": [37, 38, 40, 41, 43, 45, 46, 47, 48, 49], "excluded_lines": [], "start_line": 33, "executed_branches": [], "missing_branches": []}, "": {"executed_lines": [], "summary": {"covered_lines": 0, "num_statements": 11, "percent_covered": 0.0, "percent_covered_display": "0", "missing_lines": 11, "excluded_lines": 0, "percent_statements_covered": 0.0, "percent_statements_covered_display": "0", "num_branches": 0, "num_partial_branches": 0, "covered_branches": 0, "missing_branches": 0, "percent_branches_covered": 100.0, "percent_branches_covered_display": "100"}, "missing_lines": [1, 2, 4, 6, 9, 10, 11, 19, 20, 32, 33], "excluded_lines": [], "start_line": 1, "executed_branches": [], "missing_branches": []}}, "classes": {"Aggregator": {"executed_lines": [], "summary": {"covered_lines": 0, "num_statements": 16, "percent_covered": 0.0, "percent_covered_display": "0", "missing_lines": 16, "excluded_lines": 0, "percent_statements_covered": 0.0, "percent_statements_covered_display": "0", "num_branches": 2, "num_partial_branches": 0, "covered_branches": 0, "missing_branches": 2, "percent_branches_covered": 0.0, "percent_branches_covered_display": "0"}, "missing_lines": [16, 17, 26, 27, 29, 30, 37, 38, 40, 41, 43, 45, 46, 47, 48, 49], "excluded_lines": [], "start_line": 9, "executed_branches": [], "missing_branches": [[26, 27], [26, 29]]}, "": {"executed_lines": [], "summary": {"covered_lines": 0, "num_statements": 11, "percent_covered": 0.0, "percent_covered_display": "0", "missing_lines": 11, "excluded_lines": 0, "percent_statements_covered": 0.0, "percent_statements_covered_display": "0", "num_branches": 0, "num_partial_branches": 0, "covered_branches": 0, "missing_branches": 0, "percent_branches_covered": 100.0, "percent_branches_covered_display": "100"}, "missing_lines": [1, 2, 4, 6, 9, 10, 11, 19, 20, 32, 33], "excluded_lines": [], "start_line": 1, "executed_branches": [], "missing_branches": []}}}, "src/ainpp_pb_latam/datasets/__init__.py": {"executed_lines": [1, 5], "summary": {"covered_lines": 2, "num_statements": 2, "percent_covered": 100.0, "percent_covered_display": "100", "missing_lines": 0, "excluded_lines": 0, "percent_statements_covered": 100.0, "percent_statements_covered_display": "100", "num_branches": 0, "num_partial_branches": 0, "covered_branches": 0, "missing_branches": 0, "percent_branches_covered": 100.0, "percent_branches_covered_display": "100"}, "missing_lines": [], "excluded_lines": [], "executed_branches": [], "missing_branches": [], "functions": {"": {"executed_lines": [1, 5], "summary": {"covered_lines": 2, "num_statements": 2, "percent_covered": 100.0, "percent_covered_display": "100", "missing_lines": 0, "excluded_lines": 0, "percent_statements_covered": 100.0, "percent_statements_covered_display": "100", "num_branches": 0, "num_partial_branches": 0, "covered_branches": 0, "missing_branches": 0, "percent_branches_covered": 100.0, "percent_branches_covered_display": "100"}, "missing_lines": [], "excluded_lines": [], "start_line": 1, "executed_branches": [], "missing_branches": []}}, "classes": {"": {"executed_lines": [1, 5], "summary": {"covered_lines": 2, "num_statements": 2, "percent_covered": 100.0, "percent_covered_display": "100", "missing_lines": 0, "excluded_lines": 0, "percent_statements_covered": 100.0, "percent_statements_covered_display": "100", "num_branches": 0, "num_partial_branches": 0, "covered_branches": 0, "missing_branches": 0, "percent_branches_covered": 100.0, "percent_branches_covered_display": "100"}, "missing_lines": [], "excluded_lines": [], "start_line": 1, "executed_branches": [], "missing_branches": []}}}, "src/ainpp_pb_latam/datasets/gsmap.py": {"executed_lines": [6, 7, 8, 10, 11, 12, 13, 15, 18, 19, 22, 39, 148, 156, 167, 173, 193, 194, 210, 215], "summary": {"covered_lines": 20, "num_statements": 103, "percent_covered": 15.748031496062993, "percent_covered_display": "16", "missing_lines": 83, "excluded_lines": 0, "percent_statements_covered": 19.41747572815534, "percent_statements_covered_display": "19", "num_branches": 24, "num_partial_branches": 0, "covered_branches": 0, "missing_branches": 24, "percent_branches_covered": 0.0, "percent_branches_covered_display": "0"}, "missing_lines": [84, 87, 88, 89, 91, 92, 93, 94, 95, 96, 97, 98, 101, 102, 105, 106, 107, 108, 111, 112, 115, 116, 123, 124, 127, 128, 131, 132, 133, 136, 137, 140, 142, 150, 151, 152, 153, 154, 158, 159, 161, 162, 163, 164, 165, 169, 170, 171, 176, 177, 178, 181, 184, 196, 197, 199, 200, 203, 204, 205, 206, 208, 211, 212, 213, 217, 219, 220, 223, 224, 225, 228, 229, 230, 232, 233, 236, 240, 245, 246, 248, 249, 251], "excluded_lines": [], "executed_branches": [], "missing_branches": [[88, 89], [88, 91], [123, 124], [123, 127], [150, 151], [150, 152], [152, 153], [152, 154], [161, 162], [161, 163], [163, 164], [163, 165], [177, 178], [177, 181], [203, 204], [203, 205], [205, 206], [205, 208], [211, 212], [211, 213], [217, 219], [217, 223], [248, 249], [248, 251]], "functions": {"AINPPPBLATAMDataset.__init__": {"executed_lines": [], "summary": {"covered_lines": 0, "num_statements": 33, "percent_covered": 0.0, "percent_covered_display": "0", "missing_lines": 33, "excluded_lines": 0, "percent_statements_covered": 0.0, "percent_statements_covered_display": "0", "num_branches": 4, "num_partial_branches": 0, "covered_branches": 0, "missing_branches": 4, "percent_branches_covered": 0.0, "percent_branches_covered_display": "0"}, "missing_lines": [84, 87, 88, 89, 91, 92, 93, 94, 95, 96, 97, 98, 101, 102, 105, 106, 107, 108, 111, 112, 115, 116, 123, 124, 127, 128, 131, 132, 133, 136, 137, 140, 142], "excluded_lines": [], "start_line": 39, "executed_branches": [], "missing_branches": [[88, 89], [88, 91], [123, 124], [123, 127]]}, "AINPPPBLATAMDataset._resolve_temporal_stride": {"executed_lines": [], "summary": {"covered_lines": 0, "num_statements": 5, "percent_covered": 0.0, "percent_covered_display": "0", "missing_lines": 5, "excluded_lines": 0, "percent_statements_covered": 0.0, "percent_statements_covered_display": "0", "num_branches": 4, "num_partial_branches": 0, "covered_branches": 0, "missing_branches": 4, "percent_branches_covered": 0.0, "percent_branches_covered_display": "0"}, "missing_lines": [150, 151, 152, 153, 154], "excluded_lines": [], "start_line": 148, "executed_branches": [], "missing_branches": [[150, 151], [150, 152], [152, 153], [152, 154]]}, "AINPPPBLATAMDataset._resolve_patch_shape": {"executed_lines": [], "summary": {"covered_lines": 0, "num_statements": 7, "percent_covered": 0.0, "percent_covered_display": "0", "missing_lines": 7, "excluded_lines": 0, "percent_statements_covered": 0.0, "percent_statements_covered_display": "0", "num_branches": 4, "num_partial_branches": 0, "covered_branches": 0, "missing_branches": 4, "percent_branches_covered": 0.0, "percent_branches_covered_display": "0"}, "missing_lines": [158, 159, 161, 162, 163, 164, 165], "excluded_lines": [], "start_line": 156, "executed_branches": [], "missing_branches": [[161, 162], [161, 163], [163, 164], [163, 165]]}, "AINPPPBLATAMDataset._resolve_patch_stride": {"executed_lines": [], "summary": {"covered_lines": 0, "num_statements": 3, "percent_covered": 0.0, "percent_covered_display": "0", "missing_lines": 3, "excluded_lines": 0, "percent_statements_covered": 0.0, "percent_statements_covered_display": "0", "num_branches": 0, "num_partial_branches": 0, "covered_branches": 0, "missing_branches": 0, "percent_branches_covered": 100.0, "percent_branches_covered_display": "100"}, "missing_lines": [169, 170, 171], "excluded_lines": [], "start_line": 167, "executed_branches": [], "missing_branches": []}, "AINPPPBLATAMDataset._init_indices": {"executed_lines": [], "summary": {"covered_lines": 0, "num_statements": 5, "percent_covered": 0.0, "percent_covered_display": "0", "missing_lines": 5, "excluded_lines": 0, "percent_statements_covered": 0.0, "percent_statements_covered_display": "0", "num_branches": 2, "num_partial_branches": 0, "covered_branches": 0, "missing_branches": 2, "percent_branches_covered": 0.0, "percent_branches_covered_display": "0"}, "missing_lines": [176, 177, 178, 181, 184], "excluded_lines": [], "start_line": 173, "executed_branches": [], "missing_branches": [[177, 178], [177, 181]]}, "AINPPPBLATAMDataset._build_patch_grid": {"executed_lines": [], "summary": {"covered_lines": 0, "num_statements": 9, "percent_covered": 0.0, "percent_covered_display": "0", "missing_lines": 9, "excluded_lines": 0, "percent_statements_covered": 0.0, "percent_statements_covered_display": "0", "num_branches": 4, "num_partial_branches": 0, "covered_branches": 0, "missing_branches": 4, "percent_branches_covered": 0.0, "percent_branches_covered_display": "0"}, "missing_lines": [196, 197, 199, 200, 203, 204, 205, 206, 208], "excluded_lines": [], "start_line": 194, "executed_branches": [], "missing_branches": [[203, 204], [203, 205], [205, 206], [205, 208]]}, "AINPPPBLATAMDataset.__len__": {"executed_lines": [], "summary": {"covered_lines": 0, "num_statements": 3, "percent_covered": 0.0, "percent_covered_display": "0", "missing_lines": 3, "excluded_lines": 0, "percent_statements_covered": 0.0, "percent_statements_covered_display": "0", "num_branches": 2, "num_partial_branches": 0, "covered_branches": 0, "missing_branches": 2, "percent_branches_covered": 0.0, "percent_branches_covered_display": "0"}, "missing_lines": [211, 212, 213], "excluded_lines": [], "start_line": 210, "executed_branches": [], "missing_branches": [[211, 212], [211, 213]]}, "AINPPPBLATAMDataset.__getitem__": {"executed_lines": [], "summary": {"covered_lines": 0, "num_statements": 18, "percent_covered": 0.0, "percent_covered_display": "0", "missing_lines": 18, "excluded_lines": 0, "percent_statements_covered": 0.0, "percent_statements_covered_display": "0", "num_branches": 4, "num_partial_branches": 0, "covered_branches": 0, "missing_branches": 4, "percent_branches_covered": 0.0, "percent_branches_covered_display": "0"}, "missing_lines": [217, 219, 220, 223, 224, 225, 228, 229, 230, 232, 233, 236, 240, 245, 246, 248, 249, 251], "excluded_lines": [], "start_line": 215, "executed_branches": [], "missing_branches": [[217, 219], [217, 223], [248, 249], [248, 251]]}, "": {"executed_lines": [6, 7, 8, 10, 11, 12, 13, 15, 18, 19, 22, 39, 148, 156, 167, 173, 193, 194, 210, 215], "summary": {"covered_lines": 20, "num_statements": 20, "percent_covered": 100.0, "percent_covered_display": "100", "missing_lines": 0, "excluded_lines": 0, "percent_statements_covered": 100.0, "percent_statements_covered_display": "100", "num_branches": 0, "num_partial_branches": 0, "covered_branches": 0, "missing_branches": 0, "percent_branches_covered": 100.0, "percent_branches_covered_display": "100"}, "missing_lines": [], "excluded_lines": [], "start_line": 1, "executed_branches": [], "missing_branches": []}}, "classes": {"AINPPPBLATAMDataset": {"executed_lines": [], "summary": {"covered_lines": 0, "num_statements": 83, "percent_covered": 0.0, "percent_covered_display": "0", "missing_lines": 83, "excluded_lines": 0, "percent_statements_covered": 0.0, "percent_statements_covered_display": "0", "num_branches": 24, "num_partial_branches": 0, "covered_branches": 0, "missing_branches": 24, "percent_branches_covered": 0.0, "percent_branches_covered_display": "0"}, "missing_lines": [84, 87, 88, 89, 91, 92, 93, 94, 95, 96, 97, 98, 101, 102, 105, 106, 107, 108, 111, 112, 115, 116, 123, 124, 127, 128, 131, 132, 133, 136, 137, 140, 142, 150, 151, 152, 153, 154, 158, 159, 161, 162, 163, 164, 165, 169, 170, 171, 176, 177, 178, 181, 184, 196, 197, 199, 200, 203, 204, 205, 206, 208, 211, 212, 213, 217, 219, 220, 223, 224, 225, 228, 229, 230, 232, 233, 236, 240, 245, 246, 248, 249, 251], "excluded_lines": [], "start_line": 22, "executed_branches": [], "missing_branches": [[88, 89], [88, 91], [123, 124], [123, 127], [150, 151], [150, 152], [152, 153], [152, 154], [161, 162], [161, 163], [163, 164], [163, 165], [177, 178], [177, 181], [203, 204], [203, 205], [205, 206], [205, 208], [211, 212], [211, 213], [217, 219], [217, 223], [248, 249], [248, 251]]}, "": {"executed_lines": [6, 7, 8, 10, 11, 12, 13, 15, 18, 19, 22, 39, 148, 156, 167, 173, 193, 194, 210, 215], "summary": {"covered_lines": 20, "num_statements": 20, "percent_covered": 100.0, "percent_covered_display": "100", "missing_lines": 0, "excluded_lines": 0, "percent_statements_covered": 100.0, "percent_statements_covered_display": "100", "num_branches": 0, "num_partial_branches": 0, "covered_branches": 0, "missing_branches": 0, "percent_branches_covered": 100.0, "percent_branches_covered_display": "100"}, "missing_lines": [], "excluded_lines": [], "start_line": 1, "executed_branches": [], "missing_branches": []}}}, "src/ainpp_pb_latam/distributed.py": {"executed_lines": [1, 3, 4, 7, 36, 41], "summary": {"covered_lines": 6, "num_statements": 22, "percent_covered": 21.428571428571427, "percent_covered_display": "21", "missing_lines": 16, "excluded_lines": 0, "percent_statements_covered": 27.272727272727273, "percent_statements_covered_display": "27", "num_branches": 6, "num_partial_branches": 0, "covered_branches": 0, "missing_branches": 6, "percent_branches_covered": 0.0, "percent_branches_covered_display": "0"}, "missing_lines": [15, 17, 18, 19, 21, 22, 25, 27, 28, 32, 33, 37, 38, 43, 44, 45], "excluded_lines": [], "executed_branches": [], "missing_branches": [[15, 17], [15, 32], [37, -36], [37, 38], [43, 44], [43, 45]], "functions": {"setup_distributed": {"executed_lines": [], "summary": {"covered_lines": 0, "num_statements": 11, "percent_covered": 0.0, "percent_covered_display": "0", "missing_lines": 11, "excluded_lines": 0, "percent_statements_covered": 0.0, "percent_statements_covered_display": "0", "num_branches": 2, "num_partial_branches": 0, "covered_branches": 0, "missing_branches": 2, "percent_branches_covered": 0.0, "percent_branches_covered_display": "0"}, "missing_lines": [15, 17, 18, 19, 21, 22, 25, 27, 28, 32, 33], "excluded_lines": [], "start_line": 7, "executed_branches": [], "missing_branches": [[15, 17], [15, 32]]}, "cleanup_distributed": {"executed_lines": [], "summary": {"covered_lines": 0, "num_statements": 2, "percent_covered": 0.0, "percent_covered_display": "0", "missing_lines": 2, "excluded_lines": 0, "percent_statements_covered": 0.0, "percent_statements_covered_display": "0", "num_branches": 2, "num_partial_branches": 0, "covered_branches": 0, "missing_branches": 2, "percent_branches_covered": 0.0, "percent_branches_covered_display": "0"}, "missing_lines": [37, 38], "excluded_lines": [], "start_line": 36, "executed_branches": [], "missing_branches": [[37, -36], [37, 38]]}, "is_main_process": {"executed_lines": [], "summary": {"covered_lines": 0, "num_statements": 3, "percent_covered": 0.0, "percent_covered_display": "0", "missing_lines": 3, "excluded_lines": 0, "percent_statements_covered": 0.0, "percent_statements_covered_display": "0", "num_branches": 2, "num_partial_branches": 0, "covered_branches": 0, "missing_branches": 2, "percent_branches_covered": 0.0, "percent_branches_covered_display": "0"}, "missing_lines": [43, 44, 45], "excluded_lines": [], "start_line": 41, "executed_branches": [], "missing_branches": [[43, 44], [43, 45]]}, "": {"executed_lines": [1, 3, 4, 7, 36, 41], "summary": {"covered_lines": 6, "num_statements": 6, "percent_covered": 100.0, "percent_covered_display": "100", "missing_lines": 0, "excluded_lines": 0, "percent_statements_covered": 100.0, "percent_statements_covered_display": "100", "num_branches": 0, "num_partial_branches": 0, "covered_branches": 0, "missing_branches": 0, "percent_branches_covered": 100.0, "percent_branches_covered_display": "100"}, "missing_lines": [], "excluded_lines": [], "start_line": 1, "executed_branches": [], "missing_branches": []}}, "classes": {"": {"executed_lines": [1, 3, 4, 7, 36, 41], "summary": {"covered_lines": 6, "num_statements": 22, "percent_covered": 21.428571428571427, "percent_covered_display": "21", "missing_lines": 16, "excluded_lines": 0, "percent_statements_covered": 27.272727272727273, "percent_statements_covered_display": "27", "num_branches": 6, "num_partial_branches": 0, "covered_branches": 0, "missing_branches": 6, "percent_branches_covered": 0.0, "percent_branches_covered_display": "0"}, "missing_lines": [15, 17, 18, 19, 21, 22, 25, 27, 28, 32, 33, 37, 38, 43, 44, 45], "excluded_lines": [], "start_line": 1, "executed_branches": [], "missing_branches": [[15, 17], [15, 32], [37, -36], [37, 38], [43, 44], [43, 45]]}}}, "src/ainpp_pb_latam/engine.py": {"executed_lines": [1, 2, 3, 5, 6, 7, 8, 9, 10, 11, 12, 14, 15, 16, 18, 21, 138], "summary": {"covered_lines": 17, "num_statements": 64, "percent_covered": 19.318181818181817, "percent_covered_display": "19", "missing_lines": 47, "excluded_lines": 0, "percent_statements_covered": 26.5625, "percent_statements_covered_display": "27", "num_branches": 24, "num_partial_branches": 0, "covered_branches": 0, "missing_branches": 24, "percent_branches_covered": 0.0, "percent_branches_covered_display": "0"}, "missing_lines": [52, 54, 61, 62, 64, 67, 68, 70, 71, 76, 80, 81, 83, 84, 85, 86, 87, 89, 91, 93, 95, 98, 105, 108, 109, 110, 111, 114, 115, 118, 120, 121, 122, 127, 128, 131, 132, 134, 135, 153, 154, 156, 157, 158, 159, 160, 162], "excluded_lines": [], "executed_branches": [], "missing_branches": [[61, 62], [61, 64], [64, 67], [64, 134], [67, 68], [67, 70], [80, 81], [80, 95], [91, 80], [91, 93], [108, 109], [108, 127], [114, 115], [114, 118], [120, 121], [120, 127], [127, 128], [127, 131], [131, 64], [131, 132], [134, -21], [134, 135], [157, 158], [157, 162]], "functions": {"run_training": {"executed_lines": [], "summary": {"covered_lines": 0, "num_statements": 39, "percent_covered": 0.0, "percent_covered_display": "0", "missing_lines": 39, "excluded_lines": 0, "percent_statements_covered": 0.0, "percent_statements_covered_display": "0", "num_branches": 22, "num_partial_branches": 0, "covered_branches": 0, "missing_branches": 22, "percent_branches_covered": 0.0, "percent_branches_covered_display": "0"}, "missing_lines": [52, 54, 61, 62, 64, 67, 68, 70, 71, 76, 80, 81, 83, 84, 85, 86, 87, 89, 91, 93, 95, 98, 105, 108, 109, 110, 111, 114, 115, 118, 120, 121, 122, 127, 128, 131, 132, 134, 135], "excluded_lines": [], "start_line": 21, "executed_branches": [], "missing_branches": [[61, 62], [61, 64], [64, 67], [64, 134], [67, 68], [67, 70], [80, 81], [80, 95], [91, 80], [91, 93], [108, 109], [108, 127], [114, 115], [114, 118], [120, 121], [120, 127], [127, 128], [127, 131], [131, 64], [131, 132], [134, -21], [134, 135]]}, "run_validation": {"executed_lines": [], "summary": {"covered_lines": 0, "num_statements": 8, "percent_covered": 0.0, "percent_covered_display": "0", "missing_lines": 8, "excluded_lines": 0, "percent_statements_covered": 0.0, "percent_statements_covered_display": "0", "num_branches": 2, "num_partial_branches": 0, "covered_branches": 0, "missing_branches": 2, "percent_branches_covered": 0.0, "percent_branches_covered_display": "0"}, "missing_lines": [153, 154, 156, 157, 158, 159, 160, 162], "excluded_lines": [], "start_line": 138, "executed_branches": [], "missing_branches": [[157, 158], [157, 162]]}, "": {"executed_lines": [1, 2, 3, 5, 6, 7, 8, 9, 10, 11, 12, 14, 15, 16, 18, 21, 138], "summary": {"covered_lines": 17, "num_statements": 17, "percent_covered": 100.0, "percent_covered_display": "100", "missing_lines": 0, "excluded_lines": 0, "percent_statements_covered": 100.0, "percent_statements_covered_display": "100", "num_branches": 0, "num_partial_branches": 0, "covered_branches": 0, "missing_branches": 0, "percent_branches_covered": 100.0, "percent_branches_covered_display": "100"}, "missing_lines": [], "excluded_lines": [], "start_line": 1, "executed_branches": [], "missing_branches": []}}, "classes": {"": {"executed_lines": [1, 2, 3, 5, 6, 7, 8, 9, 10, 11, 12, 14, 15, 16, 18, 21, 138], "summary": {"covered_lines": 17, "num_statements": 64, "percent_covered": 19.318181818181817, "percent_covered_display": "19", "missing_lines": 47, "excluded_lines": 0, "percent_statements_covered": 26.5625, "percent_statements_covered_display": "27", "num_branches": 24, "num_partial_branches": 0, "covered_branches": 0, "missing_branches": 24, "percent_branches_covered": 0.0, "percent_branches_covered_display": "0"}, "missing_lines": [52, 54, 61, 62, 64, 67, 68, 70, 71, 76, 80, 81, 83, 84, 85, 86, 87, 89, 91, 93, 95, 98, 105, 108, 109, 110, 111, 114, 115, 118, 120, 121, 122, 127, 128, 131, 132, 134, 135, 153, 154, 156, 157, 158, 159, 160, 162], "excluded_lines": [], "start_line": 1, "executed_branches": [], "missing_branches": [[61, 62], [61, 64], [64, 67], [64, 134], [67, 68], [67, 70], [80, 81], [80, 95], [91, 80], [91, 93], [108, 109], [108, 127], [114, 115], [114, 118], [120, 121], [120, 127], [127, 128], [127, 131], [131, 64], [131, 132], [134, -21], [134, 135], [157, 158], [157, 162]]}}}, "src/ainpp_pb_latam/engine_gan.py": {"executed_lines": [], "summary": {"covered_lines": 0, "num_statements": 57, "percent_covered": 0.0, "percent_covered_display": "0", "missing_lines": 57, "excluded_lines": 0, "percent_statements_covered": 0.0, "percent_statements_covered_display": "0", "num_branches": 14, "num_partial_branches": 0, "covered_branches": 0, "missing_branches": 14, "percent_branches_covered": 0.0, "percent_branches_covered_display": "0"}, "missing_lines": [8, 9, 11, 12, 13, 14, 15, 16, 18, 19, 21, 24, 52, 53, 55, 56, 57, 59, 60, 62, 63, 65, 67, 70, 76, 83, 86, 87, 92, 95, 96, 97, 101, 102, 103, 106, 107, 108, 113, 116, 117, 118, 121, 124, 125, 126, 129, 130, 132, 133, 138, 139, 141, 142, 144, 146, 147], "excluded_lines": [], "executed_branches": [], "missing_branches": [[52, 53], [52, 55], [55, -24], [55, 56], [56, 57], [56, 59], [67, 70], [67, 138], [132, 67], [132, 133], [141, 55], [141, 142], [144, 55], [144, 146]], "functions": {"run_gan_training": {"executed_lines": [], "summary": {"covered_lines": 0, "num_statements": 43, "percent_covered": 0.0, "percent_covered_display": "0", "missing_lines": 43, "excluded_lines": 0, "percent_statements_covered": 0.0, "percent_statements_covered_display": "0", "num_branches": 14, "num_partial_branches": 0, "covered_branches": 0, "missing_branches": 14, "percent_branches_covered": 0.0, "percent_branches_covered_display": "0"}, "missing_lines": [52, 53, 55, 56, 57, 59, 60, 62, 63, 65, 67, 70, 76, 83, 92, 95, 96, 97, 101, 102, 103, 106, 107, 108, 113, 116, 117, 118, 121, 124, 125, 126, 129, 130, 132, 133, 138, 139, 141, 142, 144, 146, 147], "excluded_lines": [], "start_line": 24, "executed_branches": [], "missing_branches": [[52, 53], [52, 55], [55, -24], [55, 56], [56, 57], [56, 59], [67, 70], [67, 138], [132, 67], [132, 133], [141, 55], [141, 142], [144, 55], [144, 146]]}, "run_gan_training.format_for_d": {"executed_lines": [], "summary": {"covered_lines": 0, "num_statements": 2, "percent_covered": 0.0, "percent_covered_display": "0", "missing_lines": 2, "excluded_lines": 0, "percent_statements_covered": 0.0, "percent_statements_covered_display": "0", "num_branches": 0, "num_partial_branches": 0, "covered_branches": 0, "missing_branches": 0, "percent_branches_covered": 100.0, "percent_branches_covered_display": "100"}, "missing_lines": [86, 87], "excluded_lines": [], "start_line": 83, "executed_branches": [], "missing_branches": []}, "": {"executed_lines": [], "summary": {"covered_lines": 0, "num_statements": 12, "percent_covered": 0.0, "percent_covered_display": "0", "missing_lines": 12, "excluded_lines": 0, "percent_statements_covered": 0.0, "percent_statements_covered_display": "0", "num_branches": 0, "num_partial_branches": 0, "covered_branches": 0, "missing_branches": 0, "percent_branches_covered": 100.0, "percent_branches_covered_display": "100"}, "missing_lines": [8, 9, 11, 12, 13, 14, 15, 16, 18, 19, 21, 24], "excluded_lines": [], "start_line": 1, "executed_branches": [], "missing_branches": []}}, "classes": {"": {"executed_lines": [], "summary": {"covered_lines": 0, "num_statements": 57, "percent_covered": 0.0, "percent_covered_display": "0", "missing_lines": 57, "excluded_lines": 0, "percent_statements_covered": 0.0, "percent_statements_covered_display": "0", "num_branches": 14, "num_partial_branches": 0, "covered_branches": 0, "missing_branches": 14, "percent_branches_covered": 0.0, "percent_branches_covered_display": "0"}, "missing_lines": [8, 9, 11, 12, 13, 14, 15, 16, 18, 19, 21, 24, 52, 53, 55, 56, 57, 59, 60, 62, 63, 65, 67, 70, 76, 83, 86, 87, 92, 95, 96, 97, 101, 102, 103, 106, 107, 108, 113, 116, 117, 118, 121, 124, 125, 126, 129, 130, 132, 133, 138, 139, 141, 142, 144, 146, 147], "excluded_lines": [], "start_line": 1, "executed_branches": [], "missing_branches": [[52, 53], [52, 55], [55, -24], [55, 56], [56, 57], [56, 59], [67, 70], [67, 138], [132, 67], [132, 133], [141, 55], [141, 142], [144, 55], [144, 146]]}}}, "src/ainpp_pb_latam/evaluation.py": {"executed_lines": [], "summary": {"covered_lines": 0, "num_statements": 5, "percent_covered": 0.0, "percent_covered_display": "0", "missing_lines": 5, "excluded_lines": 0, "percent_statements_covered": 0.0, "percent_statements_covered_display": "0", "num_branches": 0, "num_partial_branches": 0, "covered_branches": 0, "missing_branches": 0, "percent_branches_covered": 100.0, "percent_branches_covered_display": "100"}, "missing_lines": [1, 2, 3, 5, 10], "excluded_lines": [], "executed_branches": [], "missing_branches": [], "functions": {"Evaluator.__init__": {"executed_lines": [], "summary": {"covered_lines": 0, "num_statements": 1, "percent_covered": 0.0, "percent_covered_display": "0", "missing_lines": 1, "excluded_lines": 0, "percent_statements_covered": 0.0, "percent_statements_covered_display": "0", "num_branches": 0, "num_partial_branches": 0, "covered_branches": 0, "missing_branches": 0, "percent_branches_covered": 100.0, "percent_branches_covered_display": "100"}, "missing_lines": [3], "excluded_lines": [], "start_line": 2, "executed_branches": [], "missing_branches": []}, "Evaluator.evaluate": {"executed_lines": [], "summary": {"covered_lines": 0, "num_statements": 1, "percent_covered": 0.0, "percent_covered_display": "0", "missing_lines": 1, "excluded_lines": 0, "percent_statements_covered": 0.0, "percent_statements_covered_display": "0", "num_branches": 0, "num_partial_branches": 0, "covered_branches": 0, "missing_branches": 0, "percent_branches_covered": 100.0, "percent_branches_covered_display": "100"}, "missing_lines": [10], "excluded_lines": [], "start_line": 5, "executed_branches": [], "missing_branches": []}, "": {"executed_lines": [], "summary": {"covered_lines": 0, "num_statements": 3, "percent_covered": 0.0, "percent_covered_display": "0", "missing_lines": 3, "excluded_lines": 0, "percent_statements_covered": 0.0, "percent_statements_covered_display": "0", "num_branches": 0, "num_partial_branches": 0, "covered_branches": 0, "missing_branches": 0, "percent_branches_covered": 100.0, "percent_branches_covered_display": "100"}, "missing_lines": [1, 2, 5], "excluded_lines": [], "start_line": 1, "executed_branches": [], "missing_branches": []}}, "classes": {"Evaluator": {"executed_lines": [], "summary": {"covered_lines": 0, "num_statements": 2, "percent_covered": 0.0, "percent_covered_display": "0", "missing_lines": 2, "excluded_lines": 0, "percent_statements_covered": 0.0, "percent_statements_covered_display": "0", "num_branches": 0, "num_partial_branches": 0, "covered_branches": 0, "missing_branches": 0, "percent_branches_covered": 100.0, "percent_branches_covered_display": "100"}, "missing_lines": [3, 10], "excluded_lines": [], "start_line": 1, "executed_branches": [], "missing_branches": []}, "": {"executed_lines": [], "summary": {"covered_lines": 0, "num_statements": 3, "percent_covered": 0.0, "percent_covered_display": "0", "missing_lines": 3, "excluded_lines": 0, "percent_statements_covered": 0.0, "percent_statements_covered_display": "0", "num_branches": 0, "num_partial_branches": 0, "covered_branches": 0, "missing_branches": 0, "percent_branches_covered": 100.0, "percent_branches_covered_display": "100"}, "missing_lines": [1, 2, 5], "excluded_lines": [], "start_line": 1, "executed_branches": [], "missing_branches": []}}}, "src/ainpp_pb_latam/evaluation/__init__.py": {"executed_lines": [], "summary": {"covered_lines": 0, "num_statements": 0, "percent_covered": 100.0, "percent_covered_display": "100", "missing_lines": 0, "excluded_lines": 0, "percent_statements_covered": 100.0, "percent_statements_covered_display": "100", "num_branches": 0, "num_partial_branches": 0, "covered_branches": 0, "missing_branches": 0, "percent_branches_covered": 100.0, "percent_branches_covered_display": "100"}, "missing_lines": [], "excluded_lines": [], "executed_branches": [], "missing_branches": [], "functions": {"": {"executed_lines": [], "summary": {"covered_lines": 0, "num_statements": 0, "percent_covered": 100.0, "percent_covered_display": "100", "missing_lines": 0, "excluded_lines": 0, "percent_statements_covered": 100.0, "percent_statements_covered_display": "100", "num_branches": 0, "num_partial_branches": 0, "covered_branches": 0, "missing_branches": 0, "percent_branches_covered": 100.0, "percent_branches_covered_display": "100"}, "missing_lines": [], "excluded_lines": [], "start_line": 1, "executed_branches": [], "missing_branches": []}}, "classes": {"": {"executed_lines": [], "summary": {"covered_lines": 0, "num_statements": 0, "percent_covered": 100.0, "percent_covered_display": "100", "missing_lines": 0, "excluded_lines": 0, "percent_statements_covered": 100.0, "percent_statements_covered_display": "100", "num_branches": 0, "num_partial_branches": 0, "covered_branches": 0, "missing_branches": 0, "percent_branches_covered": 100.0, "percent_branches_covered_display": "100"}, "missing_lines": [], "excluded_lines": [], "start_line": 1, "executed_branches": [], "missing_branches": []}}}, "src/ainpp_pb_latam/evaluation/evaluator.py": {"executed_lines": [], "summary": {"covered_lines": 0, "num_statements": 87, "percent_covered": 0.0, "percent_covered_display": "0", "missing_lines": 87, "excluded_lines": 0, "percent_statements_covered": 0.0, "percent_statements_covered_display": "0", "num_branches": 34, "num_partial_branches": 0, "covered_branches": 0, "missing_branches": 34, "percent_branches_covered": 0.0, "percent_branches_covered_display": "0"}, "missing_lines": [1, 2, 4, 5, 6, 8, 9, 10, 11, 12, 13, 14, 17, 23, 24, 25, 26, 27, 28, 31, 34, 35, 36, 37, 38, 40, 41, 44, 45, 46, 47, 48, 49, 51, 52, 53, 55, 56, 58, 60, 61, 64, 65, 67, 69, 70, 73, 76, 77, 78, 80, 81, 84, 85, 86, 88, 89, 92, 93, 94, 95, 106, 107, 108, 109, 119, 120, 121, 122, 133, 134, 135, 138, 139, 149, 150, 153, 154, 164, 165, 168, 169, 180, 181, 182, 183, 185], "excluded_lines": [], "executed_branches": [], "missing_branches": [[61, 64], [61, 180], [64, 65], [64, 67], [76, 77], [76, 80], [85, 61], [85, 86], [92, 93], [92, 106], [94, 95], [94, 106], [106, 107], [106, 119], [108, 109], [108, 119], [119, 120], [119, 133], [121, 122], [121, 133], [133, 85], [133, 134], [134, 135], [134, 149], [138, 139], [138, 149], [149, 150], [149, 164], [153, 154], [153, 164], [164, 133], [164, 165], [168, 133], [168, 169]], "functions": {"Evaluator.__init__": {"executed_lines": [], "summary": {"covered_lines": 0, "num_statements": 19, "percent_covered": 0.0, "percent_covered_display": "0", "missing_lines": 19, "excluded_lines": 0, "percent_statements_covered": 0.0, "percent_statements_covered_display": "0", "num_branches": 0, "num_partial_branches": 0, "covered_branches": 0, "missing_branches": 0, "percent_branches_covered": 100.0, "percent_branches_covered_display": "100"}, "missing_lines": [24, 25, 26, 27, 28, 31, 34, 35, 36, 37, 38, 40, 41, 44, 45, 46, 47, 48, 49], "excluded_lines": [], "start_line": 23, "executed_branches": [], "missing_branches": []}, "Evaluator.evaluate": {"executed_lines": [], "summary": {"covered_lines": 0, "num_statements": 53, "percent_covered": 0.0, "percent_covered_display": "0", "missing_lines": 53, "excluded_lines": 0, "percent_statements_covered": 0.0, "percent_statements_covered_display": "0", "num_branches": 34, "num_partial_branches": 0, "covered_branches": 0, "missing_branches": 34, "percent_branches_covered": 0.0, "percent_branches_covered_display": "0"}, "missing_lines": [52, 53, 55, 56, 58, 60, 61, 64, 65, 67, 69, 70, 73, 76, 77, 78, 80, 81, 84, 85, 86, 88, 89, 92, 93, 94, 95, 106, 107, 108, 109, 119, 120, 121, 122, 133, 134, 135, 138, 139, 149, 150, 153, 154, 164, 165, 168, 169, 180, 181, 182, 183, 185], "excluded_lines": [], "start_line": 51, "executed_branches": [], "missing_branches": [[61, 64], [61, 180], [64, 65], [64, 67], [76, 77], [76, 80], [85, 61], [85, 86], [92, 93], [92, 106], [94, 95], [94, 106], [106, 107], [106, 119], [108, 109], [108, 119], [119, 120], [119, 133], [121, 122], [121, 133], [133, 85], [133, 134], [134, 135], [134, 149], [138, 139], [138, 149], [149, 150], [149, 164], [153, 154], [153, 164], [164, 133], [164, 165], [168, 133], [168, 169]]}, "": {"executed_lines": [], "summary": {"covered_lines": 0, "num_statements": 15, "percent_covered": 0.0, "percent_covered_display": "0", "missing_lines": 15, "excluded_lines": 0, "percent_statements_covered": 0.0, "percent_statements_covered_display": "0", "num_branches": 0, "num_partial_branches": 0, "covered_branches": 0, "missing_branches": 0, "percent_branches_covered": 100.0, "percent_branches_covered_display": "100"}, "missing_lines": [1, 2, 4, 5, 6, 8, 9, 10, 11, 12, 13, 14, 17, 23, 51], "excluded_lines": [], "start_line": 1, "executed_branches": [], "missing_branches": []}}, "classes": {"Evaluator": {"executed_lines": [], "summary": {"covered_lines": 0, "num_statements": 72, "percent_covered": 0.0, "percent_covered_display": "0", "missing_lines": 72, "excluded_lines": 0, "percent_statements_covered": 0.0, "percent_statements_covered_display": "0", "num_branches": 34, "num_partial_branches": 0, "covered_branches": 0, "missing_branches": 34, "percent_branches_covered": 0.0, "percent_branches_covered_display": "0"}, "missing_lines": [24, 25, 26, 27, 28, 31, 34, 35, 36, 37, 38, 40, 41, 44, 45, 46, 47, 48, 49, 52, 53, 55, 56, 58, 60, 61, 64, 65, 67, 69, 70, 73, 76, 77, 78, 80, 81, 84, 85, 86, 88, 89, 92, 93, 94, 95, 106, 107, 108, 109, 119, 120, 121, 122, 133, 134, 135, 138, 139, 149, 150, 153, 154, 164, 165, 168, 169, 180, 181, 182, 183, 185], "excluded_lines": [], "start_line": 17, "executed_branches": [], "missing_branches": [[61, 64], [61, 180], [64, 65], [64, 67], [76, 77], [76, 80], [85, 61], [85, 86], [92, 93], [92, 106], [94, 95], [94, 106], [106, 107], [106, 119], [108, 109], [108, 119], [119, 120], [119, 133], [121, 122], [121, 133], [133, 85], [133, 134], [134, 135], [134, 149], [138, 139], [138, 149], [149, 150], [149, 164], [153, 154], [153, 164], [164, 133], [164, 165], [168, 133], [168, 169]]}, "": {"executed_lines": [], "summary": {"covered_lines": 0, "num_statements": 15, "percent_covered": 0.0, "percent_covered_display": "0", "missing_lines": 15, "excluded_lines": 0, "percent_statements_covered": 0.0, "percent_statements_covered_display": "0", "num_branches": 0, "num_partial_branches": 0, "covered_branches": 0, "missing_branches": 0, "percent_branches_covered": 100.0, "percent_branches_covered_display": "100"}, "missing_lines": [1, 2, 4, 5, 6, 8, 9, 10, 11, 12, 13, 14, 17, 23, 51], "excluded_lines": [], "start_line": 1, "executed_branches": [], "missing_branches": []}}}, "src/ainpp_pb_latam/inference/__init__.py": {"executed_lines": [], "summary": {"covered_lines": 0, "num_statements": 2, "percent_covered": 0.0, "percent_covered_display": "0", "missing_lines": 2, "excluded_lines": 0, "percent_statements_covered": 0.0, "percent_statements_covered_display": "0", "num_branches": 0, "num_partial_branches": 0, "covered_branches": 0, "missing_branches": 0, "percent_branches_covered": 100.0, "percent_branches_covered_display": "100"}, "missing_lines": [1, 3], "excluded_lines": [], "executed_branches": [], "missing_branches": [], "functions": {"": {"executed_lines": [], "summary": {"covered_lines": 0, "num_statements": 2, "percent_covered": 0.0, "percent_covered_display": "0", "missing_lines": 2, "excluded_lines": 0, "percent_statements_covered": 0.0, "percent_statements_covered_display": "0", "num_branches": 0, "num_partial_branches": 0, "covered_branches": 0, "missing_branches": 0, "percent_branches_covered": 100.0, "percent_branches_covered_display": "100"}, "missing_lines": [1, 3], "excluded_lines": [], "start_line": 1, "executed_branches": [], "missing_branches": []}}, "classes": {"": {"executed_lines": [], "summary": {"covered_lines": 0, "num_statements": 2, "percent_covered": 0.0, "percent_covered_display": "0", "missing_lines": 2, "excluded_lines": 0, "percent_statements_covered": 0.0, "percent_statements_covered_display": "0", "num_branches": 0, "num_partial_branches": 0, "covered_branches": 0, "missing_branches": 0, "percent_branches_covered": 100.0, "percent_branches_covered_display": "100"}, "missing_lines": [1, 3], "excluded_lines": [], "start_line": 1, "executed_branches": [], "missing_branches": []}}}, "src/ainpp_pb_latam/inference/inferencer.py": {"executed_lines": [], "summary": {"covered_lines": 0, "num_statements": 74, "percent_covered": 0.0, "percent_covered_display": "0", "missing_lines": 74, "excluded_lines": 0, "percent_statements_covered": 0.0, "percent_statements_covered_display": "0", "num_branches": 10, "num_partial_branches": 0, "covered_branches": 0, "missing_branches": 10, "percent_branches_covered": 0.0, "percent_branches_covered_display": "0"}, "missing_lines": [1, 2, 3, 4, 6, 7, 8, 9, 10, 11, 12, 13, 15, 18, 25, 39, 40, 41, 42, 44, 45, 59, 60, 62, 63, 66, 67, 73, 74, 75, 77, 78, 79, 82, 84, 85, 87, 88, 90, 99, 100, 103, 104, 106, 107, 109, 110, 124, 125, 127, 129, 130, 132, 133, 134, 138, 140, 141, 142, 144, 147, 149, 150, 153, 162, 171, 172, 175, 176, 177, 178, 179, 181, 184], "excluded_lines": [], "executed_branches": [], "missing_branches": [[59, 60], [59, 62], [82, 84], [82, 103], [132, 133], [132, 175], [133, 134], [133, 138], [147, 149], [147, 171]], "functions": {"Inferencer.__init__": {"executed_lines": [], "summary": {"covered_lines": 0, "num_statements": 4, "percent_covered": 0.0, "percent_covered_display": "0", "missing_lines": 4, "excluded_lines": 0, "percent_statements_covered": 0.0, "percent_statements_covered_display": "0", "num_branches": 0, "num_partial_branches": 0, "covered_branches": 0, "missing_branches": 0, "percent_branches_covered": 100.0, "percent_branches_covered_display": "100"}, "missing_lines": [39, 40, 41, 42], "excluded_lines": [], "start_line": 25, "executed_branches": [], "missing_branches": []}, "Inferencer.infer_single": {"executed_lines": [], "summary": {"covered_lines": 0, "num_statements": 24, "percent_covered": 0.0, "percent_covered_display": "0", "missing_lines": 24, "excluded_lines": 0, "percent_statements_covered": 0.0, "percent_statements_covered_display": "0", "num_branches": 4, "num_partial_branches": 0, "covered_branches": 0, "missing_branches": 4, "percent_branches_covered": 0.0, "percent_branches_covered_display": "0"}, "missing_lines": [59, 60, 62, 63, 66, 67, 73, 74, 75, 77, 78, 79, 82, 84, 85, 87, 88, 90, 99, 100, 103, 104, 106, 107], "excluded_lines": [], "start_line": 45, "executed_branches": [], "missing_branches": [[59, 60], [59, 62], [82, 84], [82, 103]]}, "Inferencer.infer_historical": {"executed_lines": [], "summary": {"covered_lines": 0, "num_statements": 27, "percent_covered": 0.0, "percent_covered_display": "0", "missing_lines": 27, "excluded_lines": 0, "percent_statements_covered": 0.0, "percent_statements_covered_display": "0", "num_branches": 6, "num_partial_branches": 0, "covered_branches": 0, "missing_branches": 6, "percent_branches_covered": 0.0, "percent_branches_covered_display": "0"}, "missing_lines": [124, 125, 127, 129, 130, 132, 133, 134, 138, 140, 141, 142, 144, 147, 149, 150, 153, 162, 171, 172, 175, 176, 177, 178, 179, 181, 184], "excluded_lines": [], "start_line": 110, "executed_branches": [], "missing_branches": [[132, 133], [132, 175], [133, 134], [133, 138], [147, 149], [147, 171]]}, "": {"executed_lines": [], "summary": {"covered_lines": 0, "num_statements": 19, "percent_covered": 0.0, "percent_covered_display": "0", "missing_lines": 19, "excluded_lines": 0, "percent_statements_covered": 0.0, "percent_statements_covered_display": "0", "num_branches": 0, "num_partial_branches": 0, "covered_branches": 0, "missing_branches": 0, "percent_branches_covered": 100.0, "percent_branches_covered_display": "100"}, "missing_lines": [1, 2, 3, 4, 6, 7, 8, 9, 10, 11, 12, 13, 15, 18, 25, 44, 45, 109, 110], "excluded_lines": [], "start_line": 1, "executed_branches": [], "missing_branches": []}}, "classes": {"Inferencer": {"executed_lines": [], "summary": {"covered_lines": 0, "num_statements": 55, "percent_covered": 0.0, "percent_covered_display": "0", "missing_lines": 55, "excluded_lines": 0, "percent_statements_covered": 0.0, "percent_statements_covered_display": "0", "num_branches": 10, "num_partial_branches": 0, "covered_branches": 0, "missing_branches": 10, "percent_branches_covered": 0.0, "percent_branches_covered_display": "0"}, "missing_lines": [39, 40, 41, 42, 59, 60, 62, 63, 66, 67, 73, 74, 75, 77, 78, 79, 82, 84, 85, 87, 88, 90, 99, 100, 103, 104, 106, 107, 124, 125, 127, 129, 130, 132, 133, 134, 138, 140, 141, 142, 144, 147, 149, 150, 153, 162, 171, 172, 175, 176, 177, 178, 179, 181, 184], "excluded_lines": [], "start_line": 18, "executed_branches": [], "missing_branches": [[59, 60], [59, 62], [82, 84], [82, 103], [132, 133], [132, 175], [133, 134], [133, 138], [147, 149], [147, 171]]}, "": {"executed_lines": [], "summary": {"covered_lines": 0, "num_statements": 19, "percent_covered": 0.0, "percent_covered_display": "0", "missing_lines": 19, "excluded_lines": 0, "percent_statements_covered": 0.0, "percent_statements_covered_display": "0", "num_branches": 0, "num_partial_branches": 0, "covered_branches": 0, "missing_branches": 0, "percent_branches_covered": 100.0, "percent_branches_covered_display": "100"}, "missing_lines": [1, 2, 3, 4, 6, 7, 8, 9, 10, 11, 12, 13, 15, 18, 25, 44, 45, 109, 110], "excluded_lines": [], "start_line": 1, "executed_branches": [], "missing_branches": []}}}, "src/ainpp_pb_latam/layers/__init__.py": {"executed_lines": [1], "summary": {"covered_lines": 1, "num_statements": 1, "percent_covered": 100.0, "percent_covered_display": "100", "missing_lines": 0, "excluded_lines": 0, "percent_statements_covered": 100.0, "percent_statements_covered_display": "100", "num_branches": 0, "num_partial_branches": 0, "covered_branches": 0, "missing_branches": 0, "percent_branches_covered": 100.0, "percent_branches_covered_display": "100"}, "missing_lines": [], "excluded_lines": [], "executed_branches": [], "missing_branches": [], "functions": {"": {"executed_lines": [1], "summary": {"covered_lines": 1, "num_statements": 1, "percent_covered": 100.0, "percent_covered_display": "100", "missing_lines": 0, "excluded_lines": 0, "percent_statements_covered": 100.0, "percent_statements_covered_display": "100", "num_branches": 0, "num_partial_branches": 0, "covered_branches": 0, "missing_branches": 0, "percent_branches_covered": 100.0, "percent_branches_covered_display": "100"}, "missing_lines": [], "excluded_lines": [], "start_line": 1, "executed_branches": [], "missing_branches": []}}, "classes": {"": {"executed_lines": [1], "summary": {"covered_lines": 1, "num_statements": 1, "percent_covered": 100.0, "percent_covered_display": "100", "missing_lines": 0, "excluded_lines": 0, "percent_statements_covered": 100.0, "percent_statements_covered_display": "100", "num_branches": 0, "num_partial_branches": 0, "covered_branches": 0, "missing_branches": 0, "percent_branches_covered": 100.0, "percent_branches_covered_display": "100"}, "missing_lines": [], "excluded_lines": [], "start_line": 1, "executed_branches": [], "missing_branches": []}}}, "src/ainpp_pb_latam/layers/blocks.py": {"executed_lines": [1, 2, 8, 9, 22, 26, 27, 40], "summary": {"covered_lines": 8, "num_statements": 25, "percent_covered": 27.586206896551722, "percent_covered_display": "28", "missing_lines": 17, "excluded_lines": 0, "percent_statements_covered": 32.0, "percent_statements_covered_display": "32", "num_branches": 4, "num_partial_branches": 0, "covered_branches": 0, "missing_branches": 4, "percent_branches_covered": 0.0, "percent_branches_covered_display": "0"}, "missing_lines": [10, 11, 12, 13, 23, 28, 31, 32, 33, 37, 38, 41, 44, 45, 46, 48, 49], "excluded_lines": [], "executed_branches": [], "missing_branches": [[11, 12], [11, 13], [31, 32], [31, 37]], "functions": {"DoubleConv.__init__": {"executed_lines": [], "summary": {"covered_lines": 0, "num_statements": 4, "percent_covered": 0.0, "percent_covered_display": "0", "missing_lines": 4, "excluded_lines": 0, "percent_statements_covered": 0.0, "percent_statements_covered_display": "0", "num_branches": 2, "num_partial_branches": 0, "covered_branches": 0, "missing_branches": 2, "percent_branches_covered": 0.0, "percent_branches_covered_display": "0"}, "missing_lines": [10, 11, 12, 13], "excluded_lines": [], "start_line": 9, "executed_branches": [], "missing_branches": [[11, 12], [11, 13]]}, "DoubleConv.forward": {"executed_lines": [], "summary": {"covered_lines": 0, "num_statements": 1, "percent_covered": 0.0, "percent_covered_display": "0", "missing_lines": 1, "excluded_lines": 0, "percent_statements_covered": 0.0, "percent_statements_covered_display": "0", "num_branches": 0, "num_partial_branches": 0, "covered_branches": 0, "missing_branches": 0, "percent_branches_covered": 100.0, "percent_branches_covered_display": "100"}, "missing_lines": [23], "excluded_lines": [], "start_line": 22, "executed_branches": [], "missing_branches": []}, "Up.__init__": {"executed_lines": [], "summary": {"covered_lines": 0, "num_statements": 6, "percent_covered": 0.0, "percent_covered_display": "0", "missing_lines": 6, "excluded_lines": 0, "percent_statements_covered": 0.0, "percent_statements_covered_display": "0", "num_branches": 2, "num_partial_branches": 0, "covered_branches": 0, "missing_branches": 2, "percent_branches_covered": 0.0, "percent_branches_covered_display": "0"}, "missing_lines": [28, 31, 32, 33, 37, 38], "excluded_lines": [], "start_line": 27, "executed_branches": [], "missing_branches": [[31, 32], [31, 37]]}, "Up.forward": {"executed_lines": [], "summary": {"covered_lines": 0, "num_statements": 6, "percent_covered": 0.0, "percent_covered_display": "0", "missing_lines": 6, "excluded_lines": 0, "percent_statements_covered": 0.0, "percent_statements_covered_display": "0", "num_branches": 0, "num_partial_branches": 0, "covered_branches": 0, "missing_branches": 0, "percent_branches_covered": 100.0, "percent_branches_covered_display": "100"}, "missing_lines": [41, 44, 45, 46, 48, 49], "excluded_lines": [], "start_line": 40, "executed_branches": [], "missing_branches": []}, "": {"executed_lines": [1, 2, 8, 9, 22, 26, 27, 40], "summary": {"covered_lines": 8, "num_statements": 8, "percent_covered": 100.0, "percent_covered_display": "100", "missing_lines": 0, "excluded_lines": 0, "percent_statements_covered": 100.0, "percent_statements_covered_display": "100", "num_branches": 0, "num_partial_branches": 0, "covered_branches": 0, "missing_branches": 0, "percent_branches_covered": 100.0, "percent_branches_covered_display": "100"}, "missing_lines": [], "excluded_lines": [], "start_line": 1, "executed_branches": [], "missing_branches": []}}, "classes": {"DoubleConv": {"executed_lines": [], "summary": {"covered_lines": 0, "num_statements": 5, "percent_covered": 0.0, "percent_covered_display": "0", "missing_lines": 5, "excluded_lines": 0, "percent_statements_covered": 0.0, "percent_statements_covered_display": "0", "num_branches": 2, "num_partial_branches": 0, "covered_branches": 0, "missing_branches": 2, "percent_branches_covered": 0.0, "percent_branches_covered_display": "0"}, "missing_lines": [10, 11, 12, 13, 23], "excluded_lines": [], "start_line": 8, "executed_branches": [], "missing_branches": [[11, 12], [11, 13]]}, "Up": {"executed_lines": [], "summary": {"covered_lines": 0, "num_statements": 12, "percent_covered": 0.0, "percent_covered_display": "0", "missing_lines": 12, "excluded_lines": 0, "percent_statements_covered": 0.0, "percent_statements_covered_display": "0", "num_branches": 2, "num_partial_branches": 0, "covered_branches": 0, "missing_branches": 2, "percent_branches_covered": 0.0, "percent_branches_covered_display": "0"}, "missing_lines": [28, 31, 32, 33, 37, 38, 41, 44, 45, 46, 48, 49], "excluded_lines": [], "start_line": 26, "executed_branches": [], "missing_branches": [[31, 32], [31, 37]]}, "": {"executed_lines": [1, 2, 8, 9, 22, 26, 27, 40], "summary": {"covered_lines": 8, "num_statements": 8, "percent_covered": 100.0, "percent_covered_display": "100", "missing_lines": 0, "excluded_lines": 0, "percent_statements_covered": 100.0, "percent_statements_covered_display": "100", "num_branches": 0, "num_partial_branches": 0, "covered_branches": 0, "missing_branches": 0, "percent_branches_covered": 100.0, "percent_branches_covered_display": "100"}, "missing_lines": [], "excluded_lines": [], "start_line": 1, "executed_branches": [], "missing_branches": []}}}, "src/ainpp_pb_latam/losses.py": {"executed_lines": [10, 11, 13, 14, 15, 16, 19, 31, 38, 39, 40, 42, 51, 55, 56, 57, 58, 59, 61, 64, 77, 78, 80, 81, 82, 85, 96, 102, 103, 104, 105, 107, 108, 114, 116, 117, 118, 119, 120, 122, 131, 132, 134, 135, 136, 138, 139, 140, 142, 143, 145, 149, 151, 158, 159, 160, 161, 162, 164, 167, 168, 176, 180, 183, 194, 200, 201, 203, 204, 206, 207, 208, 209, 210, 213, 225, 234, 238, 246, 256, 267, 275, 287, 306, 314, 324, 339, 347, 358, 372, 380, 390, 415, 423, 448], "summary": {"covered_lines": 95, "num_statements": 186, "percent_covered": 47.22222222222222, "percent_covered_display": "47", "missing_lines": 91, "excluded_lines": 0, "percent_statements_covered": 51.075268817204304, "percent_statements_covered_display": "51", "num_branches": 30, "num_partial_branches": 3, "covered_branches": 7, "missing_branches": 23, "percent_branches_covered": 23.333333333333332, "percent_branches_covered_display": "23"}, "missing_lines": [170, 171, 172, 173, 177, 231, 232, 235, 252, 253, 254, 262, 263, 264, 282, 283, 284, 285, 289, 292, 295, 296, 297, 299, 300, 301, 303, 320, 321, 322, 329, 330, 332, 333, 335, 336, 353, 354, 355, 356, 359, 360, 364, 365, 366, 368, 369, 386, 387, 388, 394, 395, 396, 397, 400, 401, 404, 405, 406, 410, 412, 429, 430, 432, 433, 434, 437, 438, 440, 441, 442, 445, 446, 449, 450, 453, 454, 455, 456, 460, 461, 462, 464, 465, 466, 472, 473, 474, 475, 476, 478], "excluded_lines": [], "executed_branches": [[55, 56], [55, 61], [159, 160], [167, 168], [176, 180], [208, 209], [208, 210]], "missing_branches": [[159, 164], [167, 170], [176, 177], [262, 263], [262, 264], [299, 300], [299, 303], [364, 365], [364, 368], [394, 395], [394, 400], [437, 438], [437, 440], [449, 450], [449, 453], [453, 454], [453, 460], [460, 461], [460, 464], [472, 473], [472, 478], [475, 472], [475, 476]], "functions": {"WeightedMSELoss.__init__": {"executed_lines": [38, 39, 40], "summary": {"covered_lines": 3, "num_statements": 3, "percent_covered": 100.0, "percent_covered_display": "100", "missing_lines": 0, "excluded_lines": 0, "percent_statements_covered": 100.0, "percent_statements_covered_display": "100", "num_branches": 0, "num_partial_branches": 0, "covered_branches": 0, "missing_branches": 0, "percent_branches_covered": 100.0, "percent_branches_covered_display": "100"}, "missing_lines": [], "excluded_lines": [], "start_line": 31, "executed_branches": [], "missing_branches": []}, "WeightedMSELoss.forward": {"executed_lines": [51, 55, 56, 57, 58, 59, 61], "summary": {"covered_lines": 7, "num_statements": 7, "percent_covered": 100.0, "percent_covered_display": "100", "missing_lines": 0, "excluded_lines": 0, "percent_statements_covered": 100.0, "percent_statements_covered_display": "100", "num_branches": 2, "num_partial_branches": 0, "covered_branches": 2, "missing_branches": 0, "percent_branches_covered": 100.0, "percent_branches_covered_display": "100"}, "missing_lines": [], "excluded_lines": [], "start_line": 42, "executed_branches": [[55, 56], [55, 61]], "missing_branches": []}, "LogCoshLoss.__init__": {"executed_lines": [78], "summary": {"covered_lines": 1, "num_statements": 1, "percent_covered": 100.0, "percent_covered_display": "100", "missing_lines": 0, "excluded_lines": 0, "percent_statements_covered": 100.0, "percent_statements_covered_display": "100", "num_branches": 0, "num_partial_branches": 0, "covered_branches": 0, "missing_branches": 0, "percent_branches_covered": 100.0, "percent_branches_covered_display": "100"}, "missing_lines": [], "excluded_lines": [], "start_line": 77, "executed_branches": [], "missing_branches": []}, "LogCoshLoss.forward": {"executed_lines": [81, 82], "summary": {"covered_lines": 2, "num_statements": 2, "percent_covered": 100.0, "percent_covered_display": "100", "missing_lines": 0, "excluded_lines": 0, "percent_statements_covered": 100.0, "percent_statements_covered_display": "100", "num_branches": 0, "num_partial_branches": 0, "covered_branches": 0, "missing_branches": 0, "percent_branches_covered": 100.0, "percent_branches_covered_display": "100"}, "missing_lines": [], "excluded_lines": [], "start_line": 80, "executed_branches": [], "missing_branches": []}, "SSIMLoss.__init__": {"executed_lines": [102, 103, 104, 105], "summary": {"covered_lines": 4, "num_statements": 4, "percent_covered": 100.0, "percent_covered_display": "100", "missing_lines": 0, "excluded_lines": 0, "percent_statements_covered": 100.0, "percent_statements_covered_display": "100", "num_branches": 0, "num_partial_branches": 0, "covered_branches": 0, "missing_branches": 0, "percent_branches_covered": 100.0, "percent_branches_covered_display": "100"}, "missing_lines": [], "excluded_lines": [], "start_line": 96, "executed_branches": [], "missing_branches": []}, "SSIMLoss._gaussian": {"executed_lines": [108, 114], "summary": {"covered_lines": 2, "num_statements": 2, "percent_covered": 100.0, "percent_covered_display": "100", "missing_lines": 0, "excluded_lines": 0, "percent_statements_covered": 100.0, "percent_statements_covered_display": "100", "num_branches": 0, "num_partial_branches": 0, "covered_branches": 0, "missing_branches": 0, "percent_branches_covered": 100.0, "percent_branches_covered_display": "100"}, "missing_lines": [], "excluded_lines": [], "start_line": 107, "executed_branches": [], "missing_branches": []}, "SSIMLoss._create_window": {"executed_lines": [117, 118, 119, 120], "summary": {"covered_lines": 4, "num_statements": 4, "percent_covered": 100.0, "percent_covered_display": "100", "missing_lines": 0, "excluded_lines": 0, "percent_statements_covered": 100.0, "percent_statements_covered_display": "100", "num_branches": 0, "num_partial_branches": 0, "covered_branches": 0, "missing_branches": 0, "percent_branches_covered": 100.0, "percent_branches_covered_display": "100"}, "missing_lines": [], "excluded_lines": [], "start_line": 116, "executed_branches": [], "missing_branches": []}, "SSIMLoss._ssim": {"executed_lines": [131, 132, 134, 135, 136, 138, 139, 140, 142, 143, 145, 149], "summary": {"covered_lines": 12, "num_statements": 12, "percent_covered": 100.0, "percent_covered_display": "100", "missing_lines": 0, "excluded_lines": 0, "percent_statements_covered": 100.0, "percent_statements_covered_display": "100", "num_branches": 0, "num_partial_branches": 0, "covered_branches": 0, "missing_branches": 0, "percent_branches_covered": 100.0, "percent_branches_covered_display": "100"}, "missing_lines": [], "excluded_lines": [], "start_line": 122, "executed_branches": [], "missing_branches": []}, "SSIMLoss.forward": {"executed_lines": [158, 159, 160, 161, 162, 164, 167, 168, 176, 180], "summary": {"covered_lines": 10, "num_statements": 15, "percent_covered": 61.904761904761905, "percent_covered_display": "62", "missing_lines": 5, "excluded_lines": 0, "percent_statements_covered": 66.66666666666667, "percent_statements_covered_display": "67", "num_branches": 6, "num_partial_branches": 3, "covered_branches": 3, "missing_branches": 3, "percent_branches_covered": 50.0, "percent_branches_covered_display": "50"}, "missing_lines": [170, 171, 172, 173, 177], "excluded_lines": [], "start_line": 151, "executed_branches": [[159, 160], [167, 168], [176, 180]], "missing_branches": [[159, 164], [167, 170], [176, 177]]}, "HybridLoss.__init__": {"executed_lines": [200, 201, 203, 204], "summary": {"covered_lines": 4, "num_statements": 4, "percent_covered": 100.0, "percent_covered_display": "100", "missing_lines": 0, "excluded_lines": 0, "percent_statements_covered": 100.0, "percent_statements_covered_display": "100", "num_branches": 0, "num_partial_branches": 0, "covered_branches": 0, "missing_branches": 0, "percent_branches_covered": 100.0, "percent_branches_covered_display": "100"}, "missing_lines": [], "excluded_lines": [], "start_line": 194, "executed_branches": [], "missing_branches": []}, "HybridLoss.forward": {"executed_lines": [207, 208, 209, 210], "summary": {"covered_lines": 4, "num_statements": 4, "percent_covered": 100.0, "percent_covered_display": "100", "missing_lines": 0, "excluded_lines": 0, "percent_statements_covered": 100.0, "percent_statements_covered_display": "100", "num_branches": 2, "num_partial_branches": 0, "covered_branches": 2, "missing_branches": 0, "percent_branches_covered": 100.0, "percent_branches_covered_display": "100"}, "missing_lines": [], "excluded_lines": [], "start_line": 206, "executed_branches": [[208, 209], [208, 210]], "missing_branches": []}, "HuberLoss.__init__": {"executed_lines": [], "summary": {"covered_lines": 0, "num_statements": 2, "percent_covered": 0.0, "percent_covered_display": "0", "missing_lines": 2, "excluded_lines": 0, "percent_statements_covered": 0.0, "percent_statements_covered_display": "0", "num_branches": 0, "num_partial_branches": 0, "covered_branches": 0, "missing_branches": 0, "percent_branches_covered": 100.0, "percent_branches_covered_display": "100"}, "missing_lines": [231, 232], "excluded_lines": [], "start_line": 225, "executed_branches": [], "missing_branches": []}, "HuberLoss.forward": {"executed_lines": [], "summary": {"covered_lines": 0, "num_statements": 1, "percent_covered": 0.0, "percent_covered_display": "0", "missing_lines": 1, "excluded_lines": 0, "percent_statements_covered": 0.0, "percent_statements_covered_display": "0", "num_branches": 0, "num_partial_branches": 0, "covered_branches": 0, "missing_branches": 0, "percent_branches_covered": 100.0, "percent_branches_covered_display": "100"}, "missing_lines": [235], "excluded_lines": [], "start_line": 234, "executed_branches": [], "missing_branches": []}, "CrossEntropyLoss.__init__": {"executed_lines": [], "summary": {"covered_lines": 0, "num_statements": 3, "percent_covered": 0.0, "percent_covered_display": "0", "missing_lines": 3, "excluded_lines": 0, "percent_statements_covered": 0.0, "percent_statements_covered_display": "0", "num_branches": 0, "num_partial_branches": 0, "covered_branches": 0, "missing_branches": 0, "percent_branches_covered": 100.0, "percent_branches_covered_display": "100"}, "missing_lines": [252, 253, 254], "excluded_lines": [], "start_line": 246, "executed_branches": [], "missing_branches": []}, "CrossEntropyLoss.forward": {"executed_lines": [], "summary": {"covered_lines": 0, "num_statements": 3, "percent_covered": 0.0, "percent_covered_display": "0", "missing_lines": 3, "excluded_lines": 0, "percent_statements_covered": 0.0, "percent_statements_covered_display": "0", "num_branches": 2, "num_partial_branches": 0, "covered_branches": 0, "missing_branches": 2, "percent_branches_covered": 0.0, "percent_branches_covered_display": "0"}, "missing_lines": [262, 263, 264], "excluded_lines": [], "start_line": 256, "executed_branches": [], "missing_branches": [[262, 263], [262, 264]]}, "BinaryFocalLoss.__init__": {"executed_lines": [], "summary": {"covered_lines": 0, "num_statements": 4, "percent_covered": 0.0, "percent_covered_display": "0", "missing_lines": 4, "excluded_lines": 0, "percent_statements_covered": 0.0, "percent_statements_covered_display": "0", "num_branches": 0, "num_partial_branches": 0, "covered_branches": 0, "missing_branches": 0, "percent_branches_covered": 100.0, "percent_branches_covered_display": "100"}, "missing_lines": [282, 283, 284, 285], "excluded_lines": [], "start_line": 275, "executed_branches": [], "missing_branches": []}, "BinaryFocalLoss.forward": {"executed_lines": [], "summary": {"covered_lines": 0, "num_statements": 9, "percent_covered": 0.0, "percent_covered_display": "0", "missing_lines": 9, "excluded_lines": 0, "percent_statements_covered": 0.0, "percent_statements_covered_display": "0", "num_branches": 2, "num_partial_branches": 0, "covered_branches": 0, "missing_branches": 2, "percent_branches_covered": 0.0, "percent_branches_covered_display": "0"}, "missing_lines": [289, 292, 295, 296, 297, 299, 300, 301, 303], "excluded_lines": [], "start_line": 287, "executed_branches": [], "missing_branches": [[299, 300], [299, 303]]}, "DiceLoss.__init__": {"executed_lines": [], "summary": {"covered_lines": 0, "num_statements": 3, "percent_covered": 0.0, "percent_covered_display": "0", "missing_lines": 3, "excluded_lines": 0, "percent_statements_covered": 0.0, "percent_statements_covered_display": "0", "num_branches": 0, "num_partial_branches": 0, "covered_branches": 0, "missing_branches": 0, "percent_branches_covered": 100.0, "percent_branches_covered_display": "100"}, "missing_lines": [320, 321, 322], "excluded_lines": [], "start_line": 314, "executed_branches": [], "missing_branches": []}, "DiceLoss.forward": {"executed_lines": [], "summary": {"covered_lines": 0, "num_statements": 6, "percent_covered": 0.0, "percent_covered_display": "0", "missing_lines": 6, "excluded_lines": 0, "percent_statements_covered": 0.0, "percent_statements_covered_display": "0", "num_branches": 0, "num_partial_branches": 0, "covered_branches": 0, "missing_branches": 0, "percent_branches_covered": 100.0, "percent_branches_covered_display": "100"}, "missing_lines": [329, 330, 332, 333, 335, 336], "excluded_lines": [], "start_line": 324, "executed_branches": [], "missing_branches": []}, "AdvancedTorrentialLoss.__init__": {"executed_lines": [], "summary": {"covered_lines": 0, "num_statements": 4, "percent_covered": 0.0, "percent_covered_display": "0", "missing_lines": 4, "excluded_lines": 0, "percent_statements_covered": 0.0, "percent_statements_covered_display": "0", "num_branches": 0, "num_partial_branches": 0, "covered_branches": 0, "missing_branches": 0, "percent_branches_covered": 100.0, "percent_branches_covered_display": "100"}, "missing_lines": [353, 354, 355, 356], "excluded_lines": [], "start_line": 347, "executed_branches": [], "missing_branches": []}, "AdvancedTorrentialLoss.forward": {"executed_lines": [], "summary": {"covered_lines": 0, "num_statements": 7, "percent_covered": 0.0, "percent_covered_display": "0", "missing_lines": 7, "excluded_lines": 0, "percent_statements_covered": 0.0, "percent_statements_covered_display": "0", "num_branches": 2, "num_partial_branches": 0, "covered_branches": 0, "missing_branches": 2, "percent_branches_covered": 0.0, "percent_branches_covered_display": "0"}, "missing_lines": [359, 360, 364, 365, 366, 368, 369], "excluded_lines": [], "start_line": 358, "executed_branches": [], "missing_branches": [[364, 365], [364, 368]]}, "SpectralLoss.__init__": {"executed_lines": [], "summary": {"covered_lines": 0, "num_statements": 3, "percent_covered": 0.0, "percent_covered_display": "0", "missing_lines": 3, "excluded_lines": 0, "percent_statements_covered": 0.0, "percent_statements_covered_display": "0", "num_branches": 0, "num_partial_branches": 0, "covered_branches": 0, "missing_branches": 0, "percent_branches_covered": 100.0, "percent_branches_covered_display": "100"}, "missing_lines": [386, 387, 388], "excluded_lines": [], "start_line": 380, "executed_branches": [], "missing_branches": []}, "SpectralLoss.forward": {"executed_lines": [], "summary": {"covered_lines": 0, "num_statements": 11, "percent_covered": 0.0, "percent_covered_display": "0", "missing_lines": 11, "excluded_lines": 0, "percent_statements_covered": 0.0, "percent_statements_covered_display": "0", "num_branches": 2, "num_partial_branches": 0, "covered_branches": 0, "missing_branches": 2, "percent_branches_covered": 0.0, "percent_branches_covered_display": "0"}, "missing_lines": [394, 395, 396, 397, 400, 401, 404, 405, 406, 410, 412], "excluded_lines": [], "start_line": 390, "executed_branches": [], "missing_branches": [[394, 395], [394, 400]]}, "PerceptualLoss.__init__": {"executed_lines": [], "summary": {"covered_lines": 0, "num_statements": 12, "percent_covered": 0.0, "percent_covered_display": "0", "missing_lines": 12, "excluded_lines": 0, "percent_statements_covered": 0.0, "percent_statements_covered_display": "0", "num_branches": 2, "num_partial_branches": 0, "covered_branches": 0, "missing_branches": 2, "percent_branches_covered": 0.0, "percent_branches_covered_display": "0"}, "missing_lines": [429, 430, 432, 433, 434, 437, 438, 440, 441, 442, 445, 446], "excluded_lines": [], "start_line": 423, "executed_branches": [], "missing_branches": [[437, 438], [437, 440]]}, "PerceptualLoss.forward": {"executed_lines": [], "summary": {"covered_lines": 0, "num_statements": 18, "percent_covered": 0.0, "percent_covered_display": "0", "missing_lines": 18, "excluded_lines": 0, "percent_statements_covered": 0.0, "percent_statements_covered_display": "0", "num_branches": 10, "num_partial_branches": 0, "covered_branches": 0, "missing_branches": 10, "percent_branches_covered": 0.0, "percent_branches_covered_display": "0"}, "missing_lines": [449, 450, 453, 454, 455, 456, 460, 461, 462, 464, 465, 466, 472, 473, 474, 475, 476, 478], "excluded_lines": [], "start_line": 448, "executed_branches": [], "missing_branches": [[449, 450], [449, 453], [453, 454], [453, 460], [460, 461], [460, 464], [472, 473], [472, 478], [475, 472], [475, 476]]}, "": {"executed_lines": [10, 11, 13, 14, 15, 16, 19, 31, 42, 64, 77, 80, 85, 96, 107, 116, 122, 151, 183, 194, 206, 213, 225, 234, 238, 246, 256, 267, 275, 287, 306, 314, 324, 339, 347, 358, 372, 380, 390, 415, 423, 448], "summary": {"covered_lines": 42, "num_statements": 42, "percent_covered": 100.0, "percent_covered_display": "100", "missing_lines": 0, "excluded_lines": 0, "percent_statements_covered": 100.0, "percent_statements_covered_display": "100", "num_branches": 0, "num_partial_branches": 0, "covered_branches": 0, "missing_branches": 0, "percent_branches_covered": 100.0, "percent_branches_covered_display": "100"}, "missing_lines": [], "excluded_lines": [], "start_line": 1, "executed_branches": [], "missing_branches": []}}, "classes": {"WeightedMSELoss": {"executed_lines": [38, 39, 40, 51, 55, 56, 57, 58, 59, 61], "summary": {"covered_lines": 10, "num_statements": 10, "percent_covered": 100.0, "percent_covered_display": "100", "missing_lines": 0, "excluded_lines": 0, "percent_statements_covered": 100.0, "percent_statements_covered_display": "100", "num_branches": 2, "num_partial_branches": 0, "covered_branches": 2, "missing_branches": 0, "percent_branches_covered": 100.0, "percent_branches_covered_display": "100"}, "missing_lines": [], "excluded_lines": [], "start_line": 19, "executed_branches": [[55, 56], [55, 61]], "missing_branches": []}, "LogCoshLoss": {"executed_lines": [78, 81, 82], "summary": {"covered_lines": 3, "num_statements": 3, "percent_covered": 100.0, "percent_covered_display": "100", "missing_lines": 0, "excluded_lines": 0, "percent_statements_covered": 100.0, "percent_statements_covered_display": "100", "num_branches": 0, "num_partial_branches": 0, "covered_branches": 0, "missing_branches": 0, "percent_branches_covered": 100.0, "percent_branches_covered_display": "100"}, "missing_lines": [], "excluded_lines": [], "start_line": 64, "executed_branches": [], "missing_branches": []}, "SSIMLoss": {"executed_lines": [102, 103, 104, 105, 108, 114, 117, 118, 119, 120, 131, 132, 134, 135, 136, 138, 139, 140, 142, 143, 145, 149, 158, 159, 160, 161, 162, 164, 167, 168, 176, 180], "summary": {"covered_lines": 32, "num_statements": 37, "percent_covered": 81.3953488372093, "percent_covered_display": "81", "missing_lines": 5, "excluded_lines": 0, "percent_statements_covered": 86.48648648648648, "percent_statements_covered_display": "86", "num_branches": 6, "num_partial_branches": 3, "covered_branches": 3, "missing_branches": 3, "percent_branches_covered": 50.0, "percent_branches_covered_display": "50"}, "missing_lines": [170, 171, 172, 173, 177], "excluded_lines": [], "start_line": 85, "executed_branches": [[159, 160], [167, 168], [176, 180]], "missing_branches": [[159, 164], [167, 170], [176, 177]]}, "HybridLoss": {"executed_lines": [200, 201, 203, 204, 207, 208, 209, 210], "summary": {"covered_lines": 8, "num_statements": 8, "percent_covered": 100.0, "percent_covered_display": "100", "missing_lines": 0, "excluded_lines": 0, "percent_statements_covered": 100.0, "percent_statements_covered_display": "100", "num_branches": 2, "num_partial_branches": 0, "covered_branches": 2, "missing_branches": 0, "percent_branches_covered": 100.0, "percent_branches_covered_display": "100"}, "missing_lines": [], "excluded_lines": [], "start_line": 183, "executed_branches": [[208, 209], [208, 210]], "missing_branches": []}, "HuberLoss": {"executed_lines": [], "summary": {"covered_lines": 0, "num_statements": 3, "percent_covered": 0.0, "percent_covered_display": "0", "missing_lines": 3, "excluded_lines": 0, "percent_statements_covered": 0.0, "percent_statements_covered_display": "0", "num_branches": 0, "num_partial_branches": 0, "covered_branches": 0, "missing_branches": 0, "percent_branches_covered": 100.0, "percent_branches_covered_display": "100"}, "missing_lines": [231, 232, 235], "excluded_lines": [], "start_line": 213, "executed_branches": [], "missing_branches": []}, "CrossEntropyLoss": {"executed_lines": [], "summary": {"covered_lines": 0, "num_statements": 6, "percent_covered": 0.0, "percent_covered_display": "0", "missing_lines": 6, "excluded_lines": 0, "percent_statements_covered": 0.0, "percent_statements_covered_display": "0", "num_branches": 2, "num_partial_branches": 0, "covered_branches": 0, "missing_branches": 2, "percent_branches_covered": 0.0, "percent_branches_covered_display": "0"}, "missing_lines": [252, 253, 254, 262, 263, 264], "excluded_lines": [], "start_line": 238, "
[...]
_line": 1, "executed_branches": [], "missing_branches": []}}, "classes": {"": {"executed_lines": [], "summary": {"covered_lines": 0, "num_statements": 116, "percent_covered": 0.0, "percent_covered_display": "0", "missing_lines": 116, "excluded_lines": 0, "percent_statements_covered": 0.0, "percent_statements_covered_display": "0", "num_branches": 2, "num_partial_branches": 0, "covered_branches": 0, "missing_branches": 2, "percent_branches_covered": 0.0, "percent_branches_covered_display": "0"}, "missing_lines": [1, 3, 4, 5, 8, 12, 13, 15, 16, 18, 19, 20, 21, 22, 23, 24, 25, 28, 32, 33, 42, 51, 52, 53, 54, 55, 56, 57, 60, 64, 66, 67, 69, 70, 71, 72, 73, 74, 75, 76, 77, 80, 84, 85, 86, 87, 88, 89, 90, 91, 92, 93, 94, 97, 102, 103, 104, 105, 106, 107, 108, 109, 111, 112, 113, 114, 116, 117, 118, 120, 121, 122, 123, 124, 125, 126, 127, 128, 129, 132, 136, 137, 146, 155, 156, 157, 158, 159, 160, 161, 164, 168, 169, 172, 173, 174, 175, 176, 177, 178, 179, 180, 181, 182, 185, 186, 187, 188, 189, 190, 191, 192, 193, 194, 195, 196], "excluded_lines": [], "start_line": 1, "executed_branches": [], "missing_branches": [[12, 13], [12, 15]]}}}, "src/ainpp_pb_latam/visualization/plot_maps.py": {"executed_lines": [1, 3, 4, 7], "summary": {"covered_lines": 4, "num_statements": 23, "percent_covered": 16.0, "percent_covered_display": "16", "missing_lines": 19, "excluded_lines": 0, "percent_statements_covered": 17.391304347826086, "percent_statements_covered_display": "17", "num_branches": 2, "num_partial_branches": 0, "covered_branches": 0, "missing_branches": 2, "percent_branches_covered": 0.0, "percent_branches_covered_display": "0"}, "missing_lines": [21, 24, 25, 28, 29, 30, 33, 34, 35, 38, 39, 40, 41, 42, 44, 45, 47, 48, 49], "excluded_lines": [], "executed_branches": [], "missing_branches": [[44, 45], [44, 47]], "functions": {"plot_comparison": {"executed_lines": [], "summary": {"covered_lines": 0, "num_statements": 19, "percent_covered": 0.0, "percent_covered_display": "0", "missing_lines": 19, "excluded_lines": 0, "percent_statements_covered": 0.0, "percent_statements_covered_display": "0", "num_branches": 2, "num_partial_branches": 0, "covered_branches": 0, "missing_branches": 2, "percent_branches_covered": 0.0, "percent_branches_covered_display": "0"}, "missing_lines": [21, 24, 25, 28, 29, 30, 33, 34, 35, 38, 39, 40, 41, 42, 44, 45, 47, 48, 49], "excluded_lines": [], "start_line": 7, "executed_branches": [], "missing_branches": [[44, 45], [44, 47]]}, "": {"executed_lines": [1, 3, 4, 7], "summary": {"covered_lines": 4, "num_statements": 4, "percent_covered": 100.0, "percent_covered_display": "100", "missing_lines": 0, "excluded_lines": 0, "percent_statements_covered": 100.0, "percent_statements_covered_display": "100", "num_branches": 0, "num_partial_branches": 0, "covered_branches": 0, "missing_branches": 0, "percent_branches_covered": 100.0, "percent_branches_covered_display": "100"}, "missing_lines": [], "excluded_lines": [], "start_line": 1, "executed_branches": [], "missing_branches": []}}, "classes": {"": {"executed_lines": [1, 3, 4, 7], "summary": {"covered_lines": 4, "num_statements": 23, "percent_covered": 16.0, "percent_covered_display": "16", "missing_lines": 19, "excluded_lines": 0, "percent_statements_covered": 17.391304347826086, "percent_statements_covered_display": "17", "num_branches": 2, "num_partial_branches": 0, "covered_branches": 0, "missing_branches": 2, "percent_branches_covered": 0.0, "percent_branches_covered_display": "0"}, "missing_lines": [21, 24, 25, 28, 29, 30, 33, 34, 35, 38, 39, 40, 41, 42, 44, 45, 47, 48, 49], "excluded_lines": [], "start_line": 1, "executed_branches": [], "missing_branches": [[44, 45], [44, 47]]}}}, "src/ainpp_pb_latam/visualization/plot_metrics.py": {"executed_lines": [1, 3, 4, 5, 8, 73, 84, 86, 88, 89, 90, 92, 93, 94, 95, 96, 98, 99, 100, 101, 104, 112, 113, 115, 116, 117, 118, 119, 120, 121, 122, 123, 124, 126, 127, 128, 129], "summary": {"covered_lines": 37, "num_statements": 79, "percent_covered": 38.144329896907216, "percent_covered_display": "38", "missing_lines": 42, "excluded_lines": 0, "percent_statements_covered": 46.835443037974684, "percent_statements_covered_display": "47", "num_branches": 18, "num_partial_branches": 0, "covered_branches": 0, "missing_branches": 18, "percent_branches_covered": 0.0, "percent_branches_covered_display": "0"}, "missing_lines": [12, 13, 15, 16, 17, 18, 19, 21, 22, 23, 26, 27, 28, 29, 30, 31, 33, 35, 36, 37, 39, 40, 43, 44, 47, 49, 50, 51, 53, 56, 57, 58, 60, 61, 62, 63, 64, 65, 67, 68, 69, 70], "excluded_lines": [], "executed_branches": [], "missing_branches": [[12, 13], [12, 15], [21, 22], [21, 39], [26, 21], [26, 27], [28, 29], [28, 30], [30, 31], [30, 33], [39, 40], [39, 43], [44, 47], [44, 56], [51, 44], [51, 53], [57, 58], [57, 60]], "functions": {"plot_performance_diagram": {"executed_lines": [], "summary": {"covered_lines": 0, "num_statements": 42, "percent_covered": 0.0, "percent_covered_display": "0", "missing_lines": 42, "excluded_lines": 0, "percent_statements_covered": 0.0, "percent_statements_covered_display": "0", "num_branches": 18, "num_partial_branches": 0, "covered_branches": 0, "missing_branches": 18, "percent_branches_covered": 0.0, "percent_branches_covered_display": "0"}, "missing_lines": [12, 13, 15, 16, 17, 18, 19, 21, 22, 23, 26, 27, 28, 29, 30, 31, 33, 35, 36, 37, 39, 40, 43, 44, 47, 49, 50, 51, 53, 56, 57, 58, 60, 61, 62, 63, 64, 65, 67, 68, 69, 70], "excluded_lines": [], "start_line": 8, "executed_branches": [], "missing_branches": [[12, 13], [12, 15], [21, 22], [21, 39], [26, 21], [26, 27], [28, 29], [28, 30], [30, 31], [30, 33], [39, 40], [39, 43], [44, 47], [44, 56], [51, 44], [51, 53], [57, 58], [57, 60]]}, "plot_reliability_diagram": {"executed_lines": [84, 86, 88, 89, 90, 92, 93, 94, 95, 96, 98, 99, 100, 101], "summary": {"covered_lines": 14, "num_statements": 14, "percent_covered": 100.0, "percent_covered_display": "100", "missing_lines": 0, "excluded_lines": 0, "percent_statements_covered": 100.0, "percent_statements_covered_display": "100", "num_branches": 0, "num_partial_branches": 0, "covered_branches": 0, "missing_branches": 0, "percent_branches_covered": 100.0, "percent_branches_covered_display": "100"}, "missing_lines": [], "excluded_lines": [], "start_line": 73, "executed_branches": [], "missing_branches": []}, "plot_roc_curve": {"executed_lines": [112, 113, 115, 116, 117, 118, 119, 120, 121, 122, 123, 124, 126, 127, 128, 129], "summary": {"covered_lines": 16, "num_statements": 16, "percent_covered": 100.0, "percent_covered_display": "100", "missing_lines": 0, "excluded_lines": 0, "percent_statements_covered": 100.0, "percent_statements_covered_display": "100", "num_branches": 0, "num_partial_branches": 0, "covered_branches": 0, "missing_branches": 0, "percent_branches_covered": 100.0, "percent_branches_covered_display": "100"}, "missing_lines": [], "excluded_lines": [], "start_line": 104, "executed_branches": [], "missing_branches": []}, "": {"executed_lines": [1, 3, 4, 5, 8, 73, 104], "summary": {"covered_lines": 7, "num_statements": 7, "percent_covered": 100.0, "percent_covered_display": "100", "missing_lines": 0, "excluded_lines": 0, "percent_statements_covered": 100.0, "percent_statements_covered_display": "100", "num_branches": 0, "num_partial_branches": 0, "covered_branches": 0, "missing_branches": 0, "percent_branches_covered": 100.0, "percent_branches_covered_display": "100"}, "missing_lines": [], "excluded_lines": [], "start_line": 1, "executed_branches": [], "missing_branches": []}}, "classes": {"": {"executed_lines": [1, 3, 4, 5, 8, 73, 84, 86, 88, 89, 90, 92, 93, 94, 95, 96, 98, 99, 100, 101, 104, 112, 113, 115, 116, 117, 118, 119, 120, 121, 122, 123, 124, 126, 127, 128, 129], "summary": {"covered_lines": 37, "num_statements": 79, "percent_covered": 38.144329896907216, "percent_covered_display": "38", "missing_lines": 42, "excluded_lines": 0, "percent_statements_covered": 46.835443037974684, "percent_statements_covered_display": "47", "num_branches": 18, "num_partial_branches": 0, "covered_branches": 0, "missing_branches": 18, "percent_branches_covered": 0.0, "percent_branches_covered_display": "0"}, "missing_lines": [12, 13, 15, 16, 17, 18, 19, 21, 22, 23, 26, 27, 28, 29, 30, 31, 33, 35, 36, 37, 39, 40, 43, 44, 47, 49, 50, 51, 53, 56, 57, 58, 60, 61, 62, 63, 64, 65, 67, 68, 69, 70], "excluded_lines": [], "start_line": 1, "executed_branches": [], "missing_branches": [[12, 13], [12, 15], [21, 22], [21, 39], [26, 21], [26, 27], [28, 29], [28, 30], [30, 31], [30, 33], [39, 40], [39, 43], [44, 47], [44, 56], [51, 44], [51, 53], [57, 58], [57, 60]]}}}, "src/ainpp_pb_latam/visualization/runner.py": {"executed_lines": [1, 2, 3, 5, 6, 8, 9, 10, 11, 14, 15, 29, 40, 72], "summary": {"covered_lines": 14, "num_statements": 59, "percent_covered": 18.666666666666668, "percent_covered_display": "19", "missing_lines": 45, "excluded_lines": 0, "percent_statements_covered": 23.728813559322035, "percent_statements_covered_display": "24", "num_branches": 16, "num_partial_branches": 0, "covered_branches": 0, "missing_branches": 16, "percent_branches_covered": 0.0, "percent_branches_covered_display": "0"}, "missing_lines": [22, 23, 24, 25, 27, 30, 31, 32, 35, 38, 41, 42, 43, 44, 46, 47, 56, 57, 58, 59, 61, 62, 63, 64, 65, 66, 67, 69, 70, 73, 74, 75, 76, 78, 79, 81, 82, 83, 84, 85, 88, 91, 100, 109, 110], "excluded_lines": [], "executed_branches": [], "missing_branches": [[42, 43], [42, 46], [57, 58], [57, 67], [58, 59], [58, 67], [59, 58], [59, 61], [63, 58], [63, 64], [69, -40], [69, 70], [74, 75], [74, 78], [81, -72], [81, 82]], "functions": {"VisualizationRunner.__init__": {"executed_lines": [], "summary": {"covered_lines": 0, "num_statements": 5, "percent_covered": 0.0, "percent_covered_display": "0", "missing_lines": 5, "excluded_lines": 0, "percent_statements_covered": 0.0, "percent_statements_covered_display": "0", "num_branches": 0, "num_partial_branches": 0, "covered_branches": 0, "missing_branches": 0, "percent_branches_covered": 100.0, "percent_branches_covered_display": "100"}, "missing_lines": [22, 23, 24, 25, 27], "excluded_lines": [], "start_line": 15, "executed_branches": [], "missing_branches": []}, "VisualizationRunner.run": {"executed_lines": [], "summary": {"covered_lines": 0, "num_statements": 5, "percent_covered": 0.0, "percent_covered_display": "0", "missing_lines": 5, "excluded_lines": 0, "percent_statements_covered": 0.0, "percent_statements_covered_display": "0", "num_branches": 0, "num_partial_branches": 0, "covered_branches": 0, "missing_branches": 0, "percent_branches_covered": 100.0, "percent_branches_covered_display": "100"}, "missing_lines": [30, 31, 32, 35, 38], "excluded_lines": [], "start_line": 29, "executed_branches": [], "missing_branches": []}, "VisualizationRunner.plot_metrics": {"executed_lines": [], "summary": {"covered_lines": 0, "num_statements": 19, "percent_covered": 0.0, "percent_covered_display": "0", "missing_lines": 19, "excluded_lines": 0, "percent_statements_covered": 0.0, "percent_statements_covered_display": "0", "num_branches": 12, "num_partial_branches": 0, "covered_branches": 0, "missing_branches": 12, "percent_branches_covered": 0.0, "percent_branches_covered_display": "0"}, "missing_lines": [41, 42, 43, 44, 46, 47, 56, 57, 58, 59, 61, 62, 63, 64, 65, 66, 67, 69, 70], "excluded_lines": [], "start_line": 40, "executed_branches": [], "missing_branches": [[42, 43], [42, 46], [57, 58], [57, 67], [58, 59], [58, 67], [59, 58], [59, 61], [63, 58], [63, 64], [69, -40], [69, 70]]}, "VisualizationRunner.plot_samples": {"executed_lines": [], "summary": {"covered_lines": 0, "num_statements": 16, "percent_covered": 0.0, "percent_covered_display": "0", "missing_lines": 16, "excluded_lines": 0, "percent_statements_covered": 0.0, "percent_statements_covered_display": "0", "num_branches": 4, "num_partial_branches": 0, "covered_branches": 0, "missing_branches": 4, "percent_branches_covered": 0.0, "percent_branches_covered_display": "0"}, "missing_lines": [73, 74, 75, 76, 78, 79, 81, 82, 83, 84, 85, 88, 91, 100, 109, 110], "excluded_lines": [], "start_line": 72, "executed_branches": [], "missing_branches": [[74, 75], [74, 78], [81, -72], [81, 82]]}, "": {"executed_lines": [1, 2, 3, 5, 6, 8, 9, 10, 11, 14, 15, 29, 40, 72], "summary": {"covered_lines": 14, "num_statements": 14, "percent_covered": 100.0, "percent_covered_display": "100", "missing_lines": 0, "excluded_lines": 0, "percent_statements_covered": 100.0, "percent_statements_covered_display": "100", "num_branches": 0, "num_partial_branches": 0, "covered_branches": 0, "missing_branches": 0, "percent_branches_covered": 100.0, "percent_branches_covered_display": "100"}, "missing_lines": [], "excluded_lines": [], "start_line": 1, "executed_branches": [], "missing_branches": []}}, "classes": {"VisualizationRunner": {"executed_lines": [], "summary": {"covered_lines": 0, "num_statements": 45, "percent_covered": 0.0, "percent_covered_display": "0", "missing_lines": 45, "excluded_lines": 0, "percent_statements_covered": 0.0, "percent_statements_covered_display": "0", "num_branches": 16, "num_partial_branches": 0, "covered_branches": 0, "missing_branches": 16, "percent_branches_covered": 0.0, "percent_branches_covered_display": "0"}, "missing_lines": [22, 23, 24, 25, 27, 30, 31, 32, 35, 38, 41, 42, 43, 44, 46, 47, 56, 57, 58, 59, 61, 62, 63, 64, 65, 66, 67, 69, 70, 73, 74, 75, 76, 78, 79, 81, 82, 83, 84, 85, 88, 91, 100, 109, 110], "excluded_lines": [], "start_line": 14, "executed_branches": [], "missing_branches": [[42, 43], [42, 46], [57, 58], [57, 67], [58, 59], [58, 67], [59, 58], [59, 61], [63, 58], [63, 64], [69, -40], [69, 70], [74, 75], [74, 78], [81, -72], [81, 82]]}, "": {"executed_lines": [1, 2, 3, 5, 6, 8, 9, 10, 11, 14, 15, 29, 40, 72], "summary": {"covered_lines": 14, "num_statements": 14, "percent_covered": 100.0, "percent_covered_display": "100", "missing_lines": 0, "excluded_lines": 0, "percent_statements_covered": 100.0, "percent_statements_covered_display": "100", "num_branches": 0, "num_partial_branches": 0, "covered_branches": 0, "missing_branches": 0, "percent_branches_covered": 100.0, "percent_branches_covered_display": "100"}, "missing_lines": [], "excluded_lines": [], "start_line": 1, "executed_branches": [], "missing_branches": []}}}, "src/ainpp_pb_latam/visualization/samples.py": {"executed_lines": [1, 3, 4, 5, 8], "summary": {"covered_lines": 5, "num_statements": 33, "percent_covered": 13.513513513513514, "percent_covered_display": "14", "missing_lines": 28, "excluded_lines": 0, "percent_statements_covered": 15.151515151515152, "percent_statements_covered_display": "15", "num_branches": 4, "num_partial_branches": 0, "covered_branches": 0, "missing_branches": 4, "percent_branches_covered": 0.0, "percent_branches_covered_display": "0"}, "missing_lines": [12, 13, 16, 19, 20, 21, 23, 28, 29, 32, 33, 36, 37, 40, 43, 44, 49, 51, 52, 53, 54, 57, 58, 59, 60, 62, 63, 64], "excluded_lines": [], "executed_branches": [], "missing_branches": [[43, 44], [43, 49], [49, 51], [49, 62]], "functions": {"save_epoch_sample": {"executed_lines": [], "summary": {"covered_lines": 0, "num_statements": 28, "percent_covered": 0.0, "percent_covered_display": "0", "missing_lines": 28, "excluded_lines": 0, "percent_statements_covered": 0.0, "percent_statements_covered_display": "0", "num_branches": 4, "num_partial_branches": 0, "covered_branches": 0, "missing_branches": 4, "percent_branches_covered": 0.0, "percent_branches_covered_display": "0"}, "missing_lines": [12, 13, 16, 19, 20, 21, 23, 28, 29, 32, 33, 36, 37, 40, 43, 44, 49, 51, 52, 53, 54, 57, 58, 59, 60, 62, 63, 64], "excluded_lines": [], "start_line": 8, "executed_branches": [], "missing_branches": [[43, 44], [43, 49], [49, 51], [49, 62]]}, "": {"executed_lines": [1, 3, 4, 5, 8], "summary": {"covered_lines": 5, "num_statements": 5, "percent_covered": 100.0, "percent_covered_display": "100", "missing_lines": 0, "excluded_lines": 0, "percent_statements_covered": 100.0, "percent_statements_covered_display": "100", "num_branches": 0, "num_partial_branches": 0, "covered_branches": 0, "missing_branches": 0, "percent_branches_covered": 100.0, "percent_branches_covered_display": "100"}, "missing_lines": [], "excluded_lines": [], "start_line": 1, "executed_branches": [], "missing_branches": []}}, "classes": {"": {"executed_lines": [1, 3, 4, 5, 8], "summary": {"covered_lines": 5, "num_statements": 33, "percent_covered": 13.513513513513514, "percent_covered_display": "14", "missing_lines": 28, "excluded_lines": 0, "percent_statements_covered": 15.151515151515152, "percent_statements_covered_display": "15", "num_branches": 4, "num_partial_branches": 0, "covered_branches": 0, "missing_branches": 4, "percent_branches_covered": 0.0, "percent_branches_covered_display": "0"}, "missing_lines": [12, 13, 16, 19, 20, 21, 23, 28, 29, 32, 33, 36, 37, 40, 43, 44, 49, 51, 52, 53, 54, 57, 58, 59, 60, 62, 63, 64], "excluded_lines": [], "start_line": 1, "executed_branches": [], "missing_branches": [[43, 44], [43, 49], [49, 51], [49, 62]]}}}, "src/ainpp_pb_latam/visualization/style.py": {"executed_lines": [1, 2, 5], "summary": {"covered_lines": 3, "num_statements": 14, "percent_covered": 18.75, "percent_covered_display": "19", "missing_lines": 11, "excluded_lines": 0, "percent_statements_covered": 21.428571428571427, "percent_statements_covered_display": "21", "num_branches": 2, "num_partial_branches": 0, "covered_branches": 0, "missing_branches": 2, "percent_branches_covered": 0.0, "percent_branches_covered_display": "0"}, "missing_lines": [25, 26, 27, 28, 29, 30, 32, 33, 34, 36, 38], "excluded_lines": [], "executed_branches": [], "missing_branches": [[25, 26], [25, 32]], "functions": {"set_style": {"executed_lines": [], "summary": {"covered_lines": 0, "num_statements": 11, "percent_covered": 0.0, "percent_covered_display": "0", "missing_lines": 11, "excluded_lines": 0, "percent_statements_covered": 0.0, "percent_statements_covered_display": "0", "num_branches": 2, "num_partial_branches": 0, "covered_branches": 0, "missing_branches": 2, "percent_branches_covered": 0.0, "percent_branches_covered_display": "0"}, "missing_lines": [25, 26, 27, 28, 29, 30, 32, 33, 34, 36, 38], "excluded_lines": [], "start_line": 5, "executed_branches": [], "missing_branches": [[25, 26], [25, 32]]}, "": {"executed_lines": [1, 2, 5], "summary": {"covered_lines": 3, "num_statements": 3, "percent_covered": 100.0, "percent_covered_display": "100", "missing_lines": 0, "excluded_lines": 0, "percent_statements_covered": 100.0, "percent_statements_covered_display": "100", "num_branches": 0, "num_partial_branches": 0, "covered_branches": 0, "missing_branches": 0, "percent_branches_covered": 100.0, "percent_branches_covered_display": "100"}, "missing_lines": [], "excluded_lines": [], "start_line": 1, "executed_branches": [], "missing_branches": []}}, "classes": {"": {"executed_lines": [1, 2, 5], "summary": {"covered_lines": 3, "num_statements": 14, "percent_covered": 18.75, "percent_covered_display": "19", "missing_lines": 11, "excluded_lines": 0, "percent_statements_covered": 21.428571428571427, "percent_statements_covered_display": "21", "num_branches": 2, "num_partial_branches": 0, "covered_branches": 0, "missing_branches": 2, "percent_branches_covered": 0.0, "percent_branches_covered_display": "0"}, "missing_lines": [25, 26, 27, 28, 29, 30, 32, 33, 34, 36, 38], "excluded_lines": [], "start_line": 1, "executed_branches": [], "missing_branches": [[25, 26], [25, 32]]}}}}, "totals": {"covered_lines": 402, "num_statements": 2104, "percent_covered": 16.894609814963797, "percent_covered_display": "17", "missing_lines": 1702, "excluded_lines": 0, "percent_statements_covered": 19.106463878326995, "percent_statements_covered_display": "19", "num_branches": 382, "num_partial_branches": 8, "covered_branches": 18, "missing_branches": 364, "percent_branches_covered": 4.712041884816754, "percent_branches_covered_display": "5"}}