{"meta": {"format": 3, "version": "7.13.4", "timestamp": "2026-03-17T15:05:14.149728", "branch_coverage": true, "show_contexts": false}, "files": {"src/ainpp_pb_latam/__init__.py": {"executed_lines": [1, 2, 3, 4, 5, 6], "summary": {"covered_lines": 6, "num_statements": 6, "percent_covered": 100.0, "percent_covered_display": "100", "missing_lines": 0, "excluded_lines": 0, "percent_statements_covered": 100.0, "percent_statements_covered_display": "100", "num_branches": 0, "num_partial_branches": 0, "covered_branches": 0, "missing_branches": 0, "percent_branches_covered": 100.0, "percent_branches_covered_display": "100"}, "missing_lines": [], "excluded_lines": [], "executed_branches": [], "missing_branches": [], "functions": {"": {"executed_lines": [1, 2, 3, 4, 5, 6], "summary": {"covered_lines": 6, "num_statements": 6, "percent_covered": 100.0, "percent_covered_display": "100", "missing_lines": 0, "excluded_lines": 0, "percent_statements_covered": 100.0, "percent_statements_covered_display": "100", "num_branches": 0, "num_partial_branches": 0, "covered_branches": 0, "missing_branches": 0, "percent_branches_covered": 100.0, "percent_branches_covered_display": "100"}, "missing_lines": [], "excluded_lines": [], "start_line": 1, "executed_branches": [], "missing_branches": []}}, "classes": {"": {"executed_lines": [1, 2, 3, 4, 5, 6], "summary": {"covered_lines": 6, "num_statements": 6, "percent_covered": 100.0, "percent_covered_display": "100", "missing_lines": 0, "excluded_lines": 0, "percent_statements_covered": 100.0, "percent_statements_covered_display": "100", "num_branches": 0, "num_partial_branches": 0, "covered_branches": 0, "missing_branches": 0, "percent_branches_covered": 100.0, "percent_branches_covered_display": "100"}, "missing_lines": [], "excluded_lines": [], "start_line": 1, "executed_branches": [], "missing_branches": []}}}, "src/ainpp_pb_latam/_utils/standardization.py": {"executed_lines": [1, 2, 4, 5, 15, 16, 17, 26, 41, 46, 47, 48, 50, 59, 62, 65, 68], "summary": {"covered_lines": 17, "num_statements": 34, "percent_covered": 47.5, "percent_covered_display": "48", "missing_lines": 17, "excluded_lines": 0, "percent_statements_covered": 50.0, "percent_statements_covered_display": "50", "num_branches": 6, "num_partial_branches": 2, "covered_branches": 2, "missing_branches": 4, "percent_branches_covered": 33.333333333333336, "percent_branches_covered_display": "33"}, "missing_lines": [18, 19, 22, 23, 24, 28, 29, 30, 32, 33, 34, 35, 36, 37, 38, 39, 60], "excluded_lines": [], "executed_branches": [[15, 16], [59, 62]], "missing_branches": [[15, 18], [18, 19], [18, 22], [59, 60]], "functions": {"LogZScoreStandardizer.__init__": {"executed_lines": [15, 16, 17], "summary": {"covered_lines": 3, "num_statements": 8, "percent_covered": 33.333333333333336, "percent_covered_display": "33", "missing_lines": 5, "excluded_lines": 0, "percent_statements_covered": 37.5, "percent_statements_covered_display": "38", "num_branches": 4, "num_partial_branches": 1, "covered_branches": 1, "missing_branches": 3, "percent_branches_covered": 25.0, "percent_branches_covered_display": "25"}, "missing_lines": [18, 19, 22, 23, 24], "excluded_lines": [], "start_line": 5, "executed_branches": [[15, 16]], "missing_branches": [[15, 18], [18, 19], [18, 22]]}, "LogZScoreStandardizer.load_params": {"executed_lines": [], "summary": {"covered_lines": 0, "num_statements": 11, "percent_covered": 0.0, "percent_covered_display": "0", "missing_lines": 11, "excluded_lines": 0, "percent_statements_covered": 0.0, "percent_statements_covered_display": "0", "num_branches": 0, "num_partial_branches": 0, "covered_branches": 0, "missing_branches": 0, "percent_branches_covered": 100.0, "percent_branches_covered_display": "100"}, "missing_lines": [28, 29, 30, 32, 33, 34, 35, 36, 37, 38, 39], "excluded_lines": [], "start_line": 26, "executed_branches": [], "missing_branches": []}, "LogZScoreStandardizer.transform": {"executed_lines": [46, 47, 48], "summary": {"covered_lines": 3, "num_statements": 3, "percent_covered": 100.0, "percent_covered_display": "100", "missing_lines": 0, "excluded_lines": 0, "percent_statements_covered": 100.0, "percent_statements_covered_display": "100", "num_branches": 0, "num_partial_branches": 0, "covered_branches": 0, "missing_branches": 0, "percent_branches_covered": 100.0, "percent_branches_covered_display": "100"}, "missing_lines": [], "excluded_lines": [], "start_line": 41, "executed_branches": [], "missing_branches": []}, "LogZScoreStandardizer.inverse_transform": {"executed_lines": [59, 62, 65, 68], "summary": {"covered_lines": 4, "num_statements": 5, "percent_covered": 71.42857142857143, "percent_covered_display": "71", "missing_lines": 1, "excluded_lines": 0, "percent_statements_covered": 80.0, "percent_statements_covered_display": "80", "num_branches": 2, "num_partial_branches": 1, "covered_branches": 1, "missing_branches": 1, "percent_branches_covered": 50.0, "percent_branches_covered_display": "50"}, "missing_lines": [60], "excluded_lines": [], "start_line": 50, "executed_branches": [[59, 62]], "missing_branches": [[59, 60]]}, "": {"executed_lines": [1, 2, 4, 5, 26, 41, 50], "summary": {"covered_lines": 7, "num_statements": 7, "percent_covered": 100.0, "percent_covered_display": "100", "missing_lines": 0, "excluded_lines": 0, "percent_statements_covered": 100.0, "percent_statements_covered_display": "100", "num_branches": 0, "num_partial_branches": 0, "covered_branches": 0, "missing_branches": 0, "percent_branches_covered": 100.0, "percent_branches_covered_display": "100"}, "missing_lines": [], "excluded_lines": [], "start_line": 1, "executed_branches": [], "missing_branches": []}}, "classes": {"LogZScoreStandardizer": {"executed_lines": [15, 16, 17, 46, 47, 48, 59, 62, 65, 68], "summary": {"covered_lines": 10, "num_statements": 27, "percent_covered": 36.36363636363637, "percent_covered_display": "36", "missing_lines": 17, "excluded_lines": 0, "percent_statements_covered": 37.03703703703704, "percent_statements_covered_display": "37", "num_branches": 6, "num_partial_branches": 2, "covered_branches": 2, "missing_branches": 4, "percent_branches_covered": 33.333333333333336, "percent_branches_covered_display": "33"}, "missing_lines": [18, 19, 22, 23, 24, 28, 29, 30, 32, 33, 34, 35, 36, 37, 38, 39, 60], "excluded_lines": [], "start_line": 4, "executed_branches": [[15, 16], [59, 62]], "missing_branches": [[15, 18], [18, 19], [18, 22], [59, 60]]}, "": {"executed_lines": [1, 2, 4, 5, 26, 41, 50], "summary": {"covered_lines": 7, "num_statements": 7, "percent_covered": 100.0, "percent_covered_display": "100", "missing_lines": 0, "excluded_lines": 0, "percent_statements_covered": 100.0, "percent_statements_covered_display": "100", "num_branches": 0, "num_partial_branches": 0, "covered_branches": 0, "missing_branches": 0, "percent_branches_covered": 100.0, "percent_branches_covered_display": "100"}, "missing_lines": [], "excluded_lines": [], "start_line": 1, "executed_branches": [], "missing_branches": []}}}, "src/ainpp_pb_latam/aggregation/__init__.py": {"executed_lines": [], "summary": {"covered_lines": 0, "num_statements": 27, "percent_covered": 0.0, "percent_covered_display": "0", "missing_lines": 27, "excluded_lines": 0, "percent_statements_covered": 0.0, "percent_statements_covered_display": "0", "num_branches": 2, "num_partial_branches": 0, "covered_branches": 0, "missing_branches": 2, "percent_branches_covered": 0.0, "percent_branches_covered_display": "0"}, "missing_lines": [1, 2, 3, 5, 7, 8, 9, 14, 15, 17, 18, 22, 23, 25, 26, 28, 29, 33, 34, 36, 37, 39, 41, 42, 43, 44, 45], "excluded_lines": [], "executed_branches": [], "missing_branches": [[22, 23], [22, 25]], "functions": {"Aggregator.construct_tidy_dataframe": {"executed_lines": [], "summary": {"covered_lines": 0, "num_statements": 2, "percent_covered": 0.0, "percent_covered_display": "0", "missing_lines": 2, "excluded_lines": 0, "percent_statements_covered": 0.0, "percent_statements_covered_display": "0", "num_branches": 0, "num_partial_branches": 0, "covered_branches": 0, "missing_branches": 0, "percent_branches_covered": 100.0, "percent_branches_covered_display": "100"}, "missing_lines": [14, 15], "excluded_lines": [], "start_line": 9, "executed_branches": [], "missing_branches": []}, "Aggregator.summarize": {"executed_lines": [], "summary": {"covered_lines": 0, "num_statements": 4, "percent_covered": 0.0, "percent_covered_display": "0", "missing_lines": 4, "excluded_lines": 0, "percent_statements_covered": 0.0, "percent_statements_covered_display": "0", "num_branches": 2, "num_partial_branches": 0, "covered_branches": 0, "missing_branches": 2, "percent_branches_covered": 0.0, "percent_branches_covered_display": "0"}, "missing_lines": [22, 23, 25, 26], "excluded_lines": [], "start_line": 18, "executed_branches": [], "missing_branches": [[22, 23], [22, 25]]}, "Aggregator.save_results": {"executed_lines": [], "summary": {"covered_lines": 0, "num_statements": 10, "percent_covered": 0.0, "percent_covered_display": "0", "missing_lines": 10, "excluded_lines": 0, "percent_statements_covered": 0.0, "percent_statements_covered_display": "0", "num_branches": 0, "num_partial_branches": 0, "covered_branches": 0, "missing_branches": 0, "percent_branches_covered": 100.0, "percent_branches_covered_display": "100"}, "missing_lines": [33, 34, 36, 37, 39, 41, 42, 43, 44, 45], "excluded_lines": [], "start_line": 29, "executed_branches": [], "missing_branches": []}, "": {"executed_lines": [], "summary": {"covered_lines": 0, "num_statements": 11, "percent_covered": 0.0, "percent_covered_display": "0", "missing_lines": 11, "excluded_lines": 0, "percent_statements_covered": 0.0, "percent_statements_covered_display": "0", "num_branches": 0, "num_partial_branches": 0, "covered_branches": 0, "missing_branches": 0, "percent_branches_covered": 100.0, "percent_branches_covered_display": "100"}, "missing_lines": [1, 2, 3, 5, 7, 8, 9, 17, 18, 28, 29], "excluded_lines": [], "start_line": 1, "executed_branches": [], "missing_branches": []}}, "classes": {"Aggregator": {"executed_lines": [], "summary": {"covered_lines": 0, "num_statements": 16, "percent_covered": 0.0, "percent_covered_display": "0", "missing_lines": 16, "excluded_lines": 0, "percent_statements_covered": 0.0, "percent_statements_covered_display": "0", "num_branches": 2, "num_partial_branches": 0, "covered_branches": 0, "missing_branches": 2, "percent_branches_covered": 0.0, "percent_branches_covered_display": "0"}, "missing_lines": [14, 15, 22, 23, 25, 26, 33, 34, 36, 37, 39, 41, 42, 43, 44, 45], "excluded_lines": [], "start_line": 7, "executed_branches": [], "missing_branches": [[22, 23], [22, 25]]}, "": {"executed_lines": [], "summary": {"covered_lines": 0, "num_statements": 11, "percent_covered": 0.0, "percent_covered_display": "0", "missing_lines": 11, "excluded_lines": 0, "percent_statements_covered": 0.0, "percent_statements_covered_display": "0", "num_branches": 0, "num_partial_branches": 0, "covered_branches": 0, "missing_branches": 0, "percent_branches_covered": 100.0, "percent_branches_covered_display": "100"}, "missing_lines": [1, 2, 3, 5, 7, 8, 9, 17, 18, 28, 29], "excluded_lines": [], "start_line": 1, "executed_branches": [], "missing_branches": []}}}, "src/ainpp_pb_latam/datasets/__init__.py": {"executed_lines": [1, 5], "summary": {"covered_lines": 2, "num_statements": 2, "percent_covered": 100.0, "percent_covered_display": "100", "missing_lines": 0, "excluded_lines": 0, "percent_statements_covered": 100.0, "percent_statements_covered_display": "100", "num_branches": 0, "num_partial_branches": 0, "covered_branches": 0, "missing_branches": 0, "percent_branches_covered": 100.0, "percent_branches_covered_display": "100"}, "missing_lines": [], "excluded_lines": [], "executed_branches": [], "missing_branches": [], "functions": {"": {"executed_lines": [1, 5], "summary": {"covered_lines": 2, "num_statements": 2, "percent_covered": 100.0, "percent_covered_display": "100", "missing_lines": 0, "excluded_lines": 0, "percent_statements_covered": 100.0, "percent_statements_covered_display": "100", "num_branches": 0, "num_partial_branches": 0, "covered_branches": 0, "missing_branches": 0, "percent_branches_covered": 100.0, "percent_branches_covered_display": "100"}, "missing_lines": [], "excluded_lines": [], "start_line": 1, "executed_branches": [], "missing_branches": []}}, "classes": {"": {"executed_lines": [1, 5], "summary": {"covered_lines": 2, "num_statements": 2, "percent_covered": 100.0, "percent_covered_display": "100", "missing_lines": 0, "excluded_lines": 0, "percent_statements_covered": 100.0, "percent_statements_covered_display": "100", "num_branches": 0, "num_partial_branches": 0, "covered_branches": 0, "missing_branches": 0, "percent_branches_covered": 100.0, "percent_branches_covered_display": "100"}, "missing_lines": [], "excluded_lines": [], "start_line": 1, "executed_branches": [], "missing_branches": []}}}, "src/ainpp_pb_latam/datasets/gsmap.py": {"executed_lines": [6, 7, 8, 10, 11, 12, 13, 15, 18, 19, 22, 39, 148, 156, 167, 173, 188, 189, 205, 210], "summary": {"covered_lines": 20, "num_statements": 103, "percent_covered": 15.748031496062993, "percent_covered_display": "16", "missing_lines": 83, "excluded_lines": 0, "percent_statements_covered": 19.41747572815534, "percent_statements_covered_display": "19", "num_branches": 24, "num_partial_branches": 0, "covered_branches": 0, "missing_branches": 24, "percent_branches_covered": 0.0, "percent_branches_covered_display": "0"}, "missing_lines": [84, 87, 88, 89, 91, 92, 93, 94, 95, 96, 97, 98, 101, 102, 105, 106, 107, 108, 111, 112, 115, 116, 123, 124, 127, 128, 131, 132, 133, 136, 137, 140, 142, 150, 151, 152, 153, 154, 158, 159, 161, 162, 163, 164, 165, 169, 170, 171, 176, 177, 178, 179, 182, 191, 192, 194, 195, 198, 199, 200, 201, 203, 206, 207, 208, 212, 214, 215, 218, 219, 220, 223, 224, 225, 227, 228, 231, 237, 244, 245, 247, 248, 250], "excluded_lines": [], "executed_branches": [], "missing_branches": [[88, 89], [88, 91], [123, 124], [123, 127], [150, 151], [150, 152], [152, 153], [152, 154], [161, 162], [161, 163], [163, 164], [163, 165], [177, 178], [177, 179], [198, 199], [198, 200], [200, 201], [200, 203], [206, 207], [206, 208], [212, 214], [212, 218], [247, 248], [247, 250]], "functions": {"AINPPPBLATAMDataset.__init__": {"executed_lines": [], "summary": {"covered_lines": 0, "num_statements": 33, "percent_covered": 0.0, "percent_covered_display": "0", "missing_lines": 33, "excluded_lines": 0, "percent_statements_covered": 0.0, "percent_statements_covered_display": "0", "num_branches": 4, "num_partial_branches": 0, "covered_branches": 0, "missing_branches": 4, "percent_branches_covered": 0.0, "percent_branches_covered_display": "0"}, "missing_lines": [84, 87, 88, 89, 91, 92, 93, 94, 95, 96, 97, 98, 101, 102, 105, 106, 107, 108, 111, 112, 115, 116, 123, 124, 127, 128, 131, 132, 133, 136, 137, 140, 142], "excluded_lines": [], "start_line": 39, "executed_branches": [], "missing_branches": [[88, 89], [88, 91], [123, 124], [123, 127]]}, "AINPPPBLATAMDataset._resolve_temporal_stride": {"executed_lines": [], "summary": {"covered_lines": 0, "num_statements": 5, "percent_covered": 0.0, "percent_covered_display": "0", "missing_lines": 5, "excluded_lines": 0, "percent_statements_covered": 0.0, "percent_statements_covered_display": "0", "num_branches": 4, "num_partial_branches": 0, "covered_branches": 0, "missing_branches": 4, "percent_branches_covered": 0.0, "percent_branches_covered_display": "0"}, "missing_lines": [150, 151, 152, 153, 154], "excluded_lines": [], "start_line": 148, "executed_branches": [], "missing_branches": [[150, 151], [150, 152], [152, 153], [152, 154]]}, "AINPPPBLATAMDataset._resolve_patch_shape": {"executed_lines": [], "summary": {"covered_lines": 0, "num_statements": 7, "percent_covered": 0.0, "percent_covered_display": "0", "missing_lines": 7, "excluded_lines": 0, "percent_statements_covered": 0.0, "percent_statements_covered_display": "0", "num_branches": 4, "num_partial_branches": 0, "covered_branches": 0, "missing_branches": 4, "percent_branches_covered": 0.0, "percent_branches_covered_display": "0"}, "missing_lines": [158, 159, 161, 162, 163, 164, 165], "excluded_lines": [], "start_line": 156, "executed_branches": [], "missing_branches": [[161, 162], [161, 163], [163, 164], [163, 165]]}, "AINPPPBLATAMDataset._resolve_patch_stride": {"executed_lines": [], "summary": {"covered_lines": 0, "num_statements": 3, "percent_covered": 0.0, "percent_covered_display": "0", "missing_lines": 3, "excluded_lines": 0, "percent_statements_covered": 0.0, "percent_statements_covered_display": "0", "num_branches": 0, "num_partial_branches": 0, "covered_branches": 0, "missing_branches": 0, "percent_branches_covered": 100.0, "percent_branches_covered_display": "100"}, "missing_lines": [169, 170, 171], "excluded_lines": [], "start_line": 167, "executed_branches": [], "missing_branches": []}, "AINPPPBLATAMDataset._init_indices": {"executed_lines": [], "summary": {"covered_lines": 0, "num_statements": 5, "percent_covered": 0.0, "percent_covered_display": "0", "missing_lines": 5, "excluded_lines": 0, "percent_statements_covered": 0.0, "percent_statements_covered_display": "0", "num_branches": 2, "num_partial_branches": 0, "covered_branches": 0, "missing_branches": 2, "percent_branches_covered": 0.0, "percent_branches_covered_display": "0"}, "missing_lines": [176, 177, 178, 179, 182], "excluded_lines": [], "start_line": 173, "executed_branches": [], "missing_branches": [[177, 178], [177, 179]]}, "AINPPPBLATAMDataset._build_patch_grid": {"executed_lines": [], "summary": {"covered_lines": 0, "num_statements": 9, "percent_covered": 0.0, "percent_covered_display": "0", "missing_lines": 9, "excluded_lines": 0, "percent_statements_covered": 0.0, "percent_statements_covered_display": "0", "num_branches": 4, "num_partial_branches": 0, "covered_branches": 0, "missing_branches": 4, "percent_branches_covered": 0.0, "percent_branches_covered_display": "0"}, "missing_lines": [191, 192, 194, 195, 198, 199, 200, 201, 203], "excluded_lines": [], "start_line": 189, "executed_branches": [], "missing_branches": [[198, 199], [198, 200], [200, 201], [200, 203]]}, "AINPPPBLATAMDataset.__len__": {"executed_lines": [], "summary": {"covered_lines": 0, "num_statements": 3, "percent_covered": 0.0, "percent_covered_display": "0", "missing_lines": 3, "excluded_lines": 0, "percent_statements_covered": 0.0, "percent_statements_covered_display": "0", "num_branches": 2, "num_partial_branches": 0, "covered_branches": 0, "missing_branches": 2, "percent_branches_covered": 0.0, "percent_branches_covered_display": "0"}, "missing_lines": [206, 207, 208], "excluded_lines": [], "start_line": 205, "executed_branches": [], "missing_branches": [[206, 207], [206, 208]]}, "AINPPPBLATAMDataset.__getitem__": {"executed_lines": [], "summary": {"covered_lines": 0, "num_statements": 18, "percent_covered": 0.0, "percent_covered_display": "0", "missing_lines": 18, "excluded_lines": 0, "percent_statements_covered": 0.0, "percent_statements_covered_display": "0", "num_branches": 4, "num_partial_branches": 0, "covered_branches": 0, "missing_branches": 4, "percent_branches_covered": 0.0, "percent_branches_covered_display": "0"}, "missing_lines": [212, 214, 215, 218, 219, 220, 223, 224, 225, 227, 228, 231, 237, 244, 245, 247, 248, 250], "excluded_lines": [], "start_line": 210, "executed_branches": [], "missing_branches": [[212, 214], [212, 218], [247, 248], [247, 250]]}, "": {"executed_lines": [6, 7, 8, 10, 11, 12, 13, 15, 18, 19, 22, 39, 148, 156, 167, 173, 188, 189, 205, 210], "summary": {"covered_lines": 20, "num_statements": 20, "percent_covered": 100.0, "percent_covered_display": "100", "missing_lines": 0, "excluded_lines": 0, "percent_statements_covered": 100.0, "percent_statements_covered_display": "100", "num_branches": 0, "num_partial_branches": 0, "covered_branches": 0, "missing_branches": 0, "percent_branches_covered": 100.0, "percent_branches_covered_display": "100"}, "missing_lines": [], "excluded_lines": [], "start_line": 1, "executed_branches": [], "missing_branches": []}}, "classes": {"AINPPPBLATAMDataset": {"executed_lines": [], "summary": {"covered_lines": 0, "num_statements": 83, "percent_covered": 0.0, "percent_covered_display": "0", "missing_lines": 83, "excluded_lines": 0, "percent_statements_covered": 0.0, "percent_statements_covered_display": "0", "num_branches": 24, "num_partial_branches": 0, "covered_branches": 0, "missing_branches": 24, "percent_branches_covered": 0.0, "percent_branches_covered_display": "0"}, "missing_lines": [84, 87, 88, 89, 91, 92, 93, 94, 95, 96, 97, 98, 101, 102, 105, 106, 107, 108, 111, 112, 115, 116, 123, 124, 127, 128, 131, 132, 133, 136, 137, 140, 142, 150, 151, 152, 153, 154, 158, 159, 161, 162, 163, 164, 165, 169, 170, 171, 176, 177, 178, 179, 182, 191, 192, 194, 195, 198, 199, 200, 201, 203, 206, 207, 208, 212, 214, 215, 218, 219, 220, 223, 224, 225, 227, 228, 231, 237, 244, 245, 247, 248, 250], "excluded_lines": [], "start_line": 22, "executed_branches": [], "missing_branches": [[88, 89], [88, 91], [123, 124], [123, 127], [150, 151], [150, 152], [152, 153], [152, 154], [161, 162], [161, 163], [163, 164], [163, 165], [177, 178], [177, 179], [198, 199], [198, 200], [200, 201], [200, 203], [206, 207], [206, 208], [212, 214], [212, 218], [247, 248], [247, 250]]}, "": {"executed_lines": [6, 7, 8, 10, 11, 12, 13, 15, 18, 19, 22, 39, 148, 156, 167, 173, 188, 189, 205, 210], "summary": {"covered_lines": 20, "num_statements": 20, "percent_covered": 100.0, "percent_covered_display": "100", "missing_lines": 0, "excluded_lines": 0, "percent_statements_covered": 100.0, "percent_statements_covered_display": "100", "num_branches": 0, "num_partial_branches": 0, "covered_branches": 0, "missing_branches": 0, "percent_branches_covered": 100.0, "percent_branches_covered_display": "100"}, "missing_lines": [], "excluded_lines": [], "start_line": 1, "executed_branches": [], "missing_branches": []}}}, "src/ainpp_pb_latam/distributed.py": {"executed_lines": [1, 2, 3, 5, 33, 37], "summary": {"covered_lines": 6, "num_statements": 22, "percent_covered": 21.428571428571427, "percent_covered_display": "21", "missing_lines": 16, "excluded_lines": 0, "percent_statements_covered": 27.272727272727273, "percent_statements_covered_display": "27", "num_branches": 6, "num_partial_branches": 0, "covered_branches": 0, "missing_branches": 6, "percent_branches_covered": 0.0, "percent_branches_covered_display": "0"}, "missing_lines": [13, 15, 16, 17, 19, 20, 23, 25, 26, 30, 31, 34, 35, 39, 40, 41], "excluded_lines": [], "executed_branches": [], "missing_branches": [[13, 15], [13, 30], [34, -33], [34, 35], [39, 40], [39, 41]], "functions": {"setup_distributed": {"executed_lines": [], "summary": {"covered_lines": 0, "num_statements": 11, "percent_covered": 0.0, "percent_covered_display": "0", "missing_lines": 11, "excluded_lines": 0, "percent_statements_covered": 0.0, "percent_statements_covered_display": "0", "num_branches": 2, "num_partial_branches": 0, "covered_branches": 0, "missing_branches": 2, "percent_branches_covered": 0.0, "percent_branches_covered_display": "0"}, "missing_lines": [13, 15, 16, 17, 19, 20, 23, 25, 26, 30, 31], "excluded_lines": [], "start_line": 5, "executed_branches": [], "missing_branches": [[13, 15], [13, 30]]}, "cleanup_distributed": {"executed_lines": [], "summary": {"covered_lines": 0, "num_statements": 2, "percent_covered": 0.0, "percent_covered_display": "0", "missing_lines": 2, "excluded_lines": 0, "percent_statements_covered": 0.0, "percent_statements_covered_display": "0", "num_branches": 2, "num_partial_branches": 0, "covered_branches": 0, "missing_branches": 2, "percent_branches_covered": 0.0, "percent_branches_covered_display": "0"}, "missing_lines": [34, 35], "excluded_lines": [], "start_line": 33, "executed_branches": [], "missing_branches": [[34, -33], [34, 35]]}, "is_main_process": {"executed_lines": [], "summary": {"covered_lines": 0, "num_statements": 3, "percent_covered": 0.0, "percent_covered_display": "0", "missing_lines": 3, "excluded_lines": 0, "percent_statements_covered": 0.0, "percent_statements_covered_display": "0", "num_branches": 2, "num_partial_branches": 0, "covered_branches": 0, "missing_branches": 2, "percent_branches_covered": 0.0, "percent_branches_covered_display": "0"}, "missing_lines": [39, 40, 41], "excluded_lines": [], "start_line": 37, "executed_branches": [], "missing_branches": [[39, 40], [39, 41]]}, "": {"executed_lines": [1, 2, 3, 5, 33, 37], "summary": {"covered_lines": 6, "num_statements": 6, "percent_covered": 100.0, "percent_covered_display": "100", "missing_lines": 0, "excluded_lines": 0, "percent_statements_covered": 100.0, "percent_statements_covered_display": "100", "num_branches": 0, "num_partial_branches": 0, "covered_branches": 0, "missing_branches": 0, "percent_branches_covered": 100.0, "percent_branches_covered_display": "100"}, "missing_lines": [], "excluded_lines": [], "start_line": 1, "executed_branches": [], "missing_branches": []}}, "classes": {"": {"executed_lines": [1, 2, 3, 5, 33, 37], "summary": {"covered_lines": 6, "num_statements": 22, "percent_covered": 21.428571428571427, "percent_covered_display": "21", "missing_lines": 16, "excluded_lines": 0, "percent_statements_covered": 27.272727272727273, "percent_statements_covered_display": "27", "num_branches": 6, "num_partial_branches": 0, "covered_branches": 0, "missing_branches": 6, "percent_branches_covered": 0.0, "percent_branches_covered_display": "0"}, "missing_lines": [13, 15, 16, 17, 19, 20, 23, 25, 26, 30, 31, 34, 35, 39, 40, 41], "excluded_lines": [], "start_line": 1, "executed_branches": [], "missing_branches": [[13, 15], [13, 30], [34, -33], [34, 35], [39, 40], [39, 41]]}}}, "src/ainpp_pb_latam/engine.py": {"executed_lines": [1, 2, 3, 5, 6, 7, 8, 9, 10, 11, 12, 14, 15, 16, 18, 20, 140], "summary": {"covered_lines": 17, "num_statements": 64, "percent_covered": 19.318181818181817, "percent_covered_display": "19", "missing_lines": 47, "excluded_lines": 0, "percent_statements_covered": 26.5625, "percent_statements_covered_display": "27", "num_branches": 24, "num_partial_branches": 0, "covered_branches": 0, "missing_branches": 24, "percent_branches_covered": 0.0, "percent_branches_covered_display": "0"}, "missing_lines": [51, 53, 60, 61, 63, 66, 67, 69, 70, 75, 82, 83, 85, 86, 87, 88, 89, 91, 93, 95, 97, 100, 107, 110, 111, 112, 113, 116, 117, 120, 122, 123, 124, 129, 130, 133, 134, 136, 137, 158, 159, 161, 162, 163, 164, 165, 167], "excluded_lines": [], "executed_branches": [], "missing_branches": [[60, 61], [60, 63], [63, 66], [63, 136], [66, 67], [66, 69], [82, 83], [82, 97], [93, 82], [93, 95], [110, 111], [110, 129], [116, 117], [116, 120], [122, 123], [122, 129], [129, 130], [129, 133], [133, 63], [133, 134], [136, -20], [136, 137], [162, 163], [162, 167]], "functions": {"run_training": {"executed_lines": [], "summary": {"covered_lines": 0, "num_statements": 39, "percent_covered": 0.0, "percent_covered_display": "0", "missing_lines": 39, "excluded_lines": 0, "percent_statements_covered": 0.0, "percent_statements_covered_display": "0", "num_branches": 22, "num_partial_branches": 0, "covered_branches": 0, "missing_branches": 22, "percent_branches_covered": 0.0, "percent_branches_covered_display": "0"}, "missing_lines": [51, 53, 60, 61, 63, 66, 67, 69, 70, 75, 82, 83, 85, 86, 87, 88, 89, 91, 93, 95, 97, 100, 107, 110, 111, 112, 113, 116, 117, 120, 122, 123, 124, 129, 130, 133, 134, 136, 137], "excluded_lines": [], "start_line": 20, "executed_branches": [], "missing_branches": [[60, 61], [60, 63], [63, 66], [63, 136], [66, 67], [66, 69], [82, 83], [82, 97], [93, 82], [93, 95], [110, 111], [110, 129], [116, 117], [116, 120], [122, 123], [122, 129], [129, 130], [129, 133], [133, 63], [133, 134], [136, -20], [136, 137]]}, "run_validation": {"executed_lines": [], "summary": {"covered_lines": 0, "num_statements": 8, "percent_covered": 0.0, "percent_covered_display": "0", "missing_lines": 8, "excluded_lines": 0, "percent_statements_covered": 0.0, "percent_statements_covered_display": "0", "num_branches": 2, "num_partial_branches": 0, "covered_branches": 0, "missing_branches": 2, "percent_branches_covered": 0.0, "percent_branches_covered_display": "0"}, "missing_lines": [158, 159, 161, 162, 163, 164, 165, 167], "excluded_lines": [], "start_line": 140, "executed_branches": [], "missing_branches": [[162, 163], [162, 167]]}, "": {"executed_lines": [1, 2, 3, 5, 6, 7, 8, 9, 10, 11, 12, 14, 15, 16, 18, 20, 140], "summary": {"covered_lines": 17, "num_statements": 17, "percent_covered": 100.0, "percent_covered_display": "100", "missing_lines": 0, "excluded_lines": 0, "percent_statements_covered": 100.0, "percent_statements_covered_display": "100", "num_branches": 0, "num_partial_branches": 0, "covered_branches": 0, "missing_branches": 0, "percent_branches_covered": 100.0, "percent_branches_covered_display": "100"}, "missing_lines": [], "excluded_lines": [], "start_line": 1, "executed_branches": [], "missing_branches": []}}, "classes": {"": {"executed_lines": [1, 2, 3, 5, 6, 7, 8, 9, 10, 11, 12, 14, 15, 16, 18, 20, 140], "summary": {"covered_lines": 17, "num_statements": 64, "percent_covered": 19.318181818181817, "percent_covered_display": "19", "missing_lines": 47, "excluded_lines": 0, "percent_statements_covered": 26.5625, "percent_statements_covered_display": "27", "num_branches": 24, "num_partial_branches": 0, "covered_branches": 0, "missing_branches": 24, "percent_branches_covered": 0.0, "percent_branches_covered_display": "0"}, "missing_lines": [51, 53, 60, 61, 63, 66, 67, 69, 70, 75, 82, 83, 85, 86, 87, 88, 89, 91, 93, 95, 97, 100, 107, 110, 111, 112, 113, 116, 117, 120, 122, 123, 124, 129, 130, 133, 134, 136, 137, 158, 159, 161, 162, 163, 164, 165, 167], "excluded_lines": [], "start_line": 1, "executed_branches": [], "missing_branches": [[60, 61], [60, 63], [63, 66], [63, 136], [66, 67], [66, 69], [82, 83], [82, 97], [93, 82], [93, 95], [110, 111], [110, 129], [116, 117], [116, 120], [122, 123], [122, 129], [129, 130], [129, 133], [133, 63], [133, 134], [136, -20], [136, 137], [162, 163], [162, 167]]}}}, "src/ainpp_pb_latam/engine_gan.py": {"executed_lines": [], "summary": {"covered_lines": 0, "num_statements": 57, "percent_covered": 0.0, "percent_covered_display": "0", "missing_lines": 57, "excluded_lines": 0, "percent_statements_covered": 0.0, "percent_statements_covered_display": "0", "num_branches": 14, "num_partial_branches": 0, "covered_branches": 0, "missing_branches": 14, "percent_branches_covered": 0.0, "percent_branches_covered_display": "0"}, "missing_lines": [8, 9, 11, 12, 13, 14, 15, 16, 18, 19, 21, 23, 51, 52, 54, 55, 56, 58, 59, 61, 62, 64, 66, 69, 75, 82, 85, 86, 91, 94, 95, 96, 100, 101, 102, 105, 106, 107, 112, 115, 116, 117, 120, 123, 124, 125, 128, 129, 131, 132, 138, 139, 141, 142, 144, 146, 147], "excluded_lines": [], "executed_branches": [], "missing_branches": [[51, 52], [51, 54], [54, -23], [54, 55], [55, 56], [55, 58], [66, 69], [66, 138], [131, 66], [131, 132], [141, 54], [141, 142], [144, 54], [144, 146]], "functions": {"run_gan_training": {"executed_lines": [], "summary": {"covered_lines": 0, "num_statements": 43, "percent_covered": 0.0, "percent_covered_display": "0", "missing_lines": 43, "excluded_lines": 0, "percent_statements_covered": 0.0, "percent_statements_covered_display": "0", "num_branches": 14, "num_partial_branches": 0, "covered_branches": 0, "missing_branches": 14, "percent_branches_covered": 0.0, "percent_branches_covered_display": "0"}, "missing_lines": [51, 52, 54, 55, 56, 58, 59, 61, 62, 64, 66, 69, 75, 82, 91, 94, 95, 96, 100, 101, 102, 105, 106, 107, 112, 115, 116, 117, 120, 123, 124, 125, 128, 129, 131, 132, 138, 139, 141, 142, 144, 146, 147], "excluded_lines": [], "start_line": 23, "executed_branches": [], "missing_branches": [[51, 52], [51, 54], [54, -23], [54, 55], [55, 56], [55, 58], [66, 69], [66, 138], [131, 66], [131, 132], [141, 54], [141, 142], [144, 54], [144, 146]]}, "run_gan_training.format_for_d": {"executed_lines": [], "summary": {"covered_lines": 0, "num_statements": 2, "percent_covered": 0.0, "percent_covered_display": "0", "missing_lines": 2, "excluded_lines": 0, "percent_statements_covered": 0.0, "percent_statements_covered_display": "0", "num_branches": 0, "num_partial_branches": 0, "covered_branches": 0, "missing_branches": 0, "percent_branches_covered": 100.0, "percent_branches_covered_display": "100"}, "missing_lines": [85, 86], "excluded_lines": [], "start_line": 82, "executed_branches": [], "missing_branches": []}, "": {"executed_lines": [], "summary": {"covered_lines": 0, "num_statements": 12, "percent_covered": 0.0, "percent_covered_display": "0", "missing_lines": 12, "excluded_lines": 0, "percent_statements_covered": 0.0, "percent_statements_covered_display": "0", "num_branches": 0, "num_partial_branches": 0, "covered_branches": 0, "missing_branches": 0, "percent_branches_covered": 100.0, "percent_branches_covered_display": "100"}, "missing_lines": [8, 9, 11, 12, 13, 14, 15, 16, 18, 19, 21, 23], "excluded_lines": [], "start_line": 1, "executed_branches": [], "missing_branches": []}}, "classes": {"": {"executed_lines": [], "summary": {"covered_lines": 0, "num_statements": 57, "percent_covered": 0.0, "percent_covered_display": "0", "missing_lines": 57, "excluded_lines": 0, "percent_statements_covered": 0.0, "percent_statements_covered_display": "0", "num_branches": 14, "num_partial_branches": 0, "covered_branches": 0, "missing_branches": 14, "percent_branches_covered": 0.0, "percent_branches_covered_display": "0"}, "missing_lines": [8, 9, 11, 12, 13, 14, 15, 16, 18, 19, 21, 23, 51, 52, 54, 55, 56, 58, 59, 61, 62, 64, 66, 69, 75, 82, 85, 86, 91, 94, 95, 96, 100, 101, 102, 105, 106, 107, 112, 115, 116, 117, 120, 123, 124, 125, 128, 129, 131, 132, 138, 139, 141, 142, 144, 146, 147], "excluded_lines": [], "start_line": 1, "executed_branches": [], "missing_branches": [[51, 52], [51, 54], [54, -23], [54, 55], [55, 56], [55, 58], [66, 69], [66, 138], [131, 66], [131, 132], [141, 54], [141, 142], [144, 54], [144, 146]]}}}, "src/ainpp_pb_latam/evaluation.py": {"executed_lines": [], "summary": {"covered_lines": 0, "num_statements": 5, "percent_covered": 0.0, "percent_covered_display": "0", "missing_lines": 5, "excluded_lines": 0, "percent_statements_covered": 0.0, "percent_statements_covered_display": "0", "num_branches": 0, "num_partial_branches": 0, "covered_branches": 0, "missing_branches": 0, "percent_branches_covered": 100.0, "percent_branches_covered_display": "100"}, "missing_lines": [1, 2, 3, 5, 10], "excluded_lines": [], "executed_branches": [], "missing_branches": [], "functions": {"Evaluator.__init__": {"executed_lines": [], "summary": {"covered_lines": 0, "num_statements": 1, "percent_covered": 0.0, "percent_covered_display": "0", "missing_lines": 1, "excluded_lines": 0, "percent_statements_covered": 0.0, "percent_statements_covered_display": "0", "num_branches": 0, "num_partial_branches": 0, "covered_branches": 0, "missing_branches": 0, "percent_branches_covered": 100.0, "percent_branches_covered_display": "100"}, "missing_lines": [3], "excluded_lines": [], "start_line": 2, "executed_branches": [], "missing_branches": []}, "Evaluator.evaluate": {"executed_lines": [], "summary": {"covered_lines": 0, "num_statements": 1, "percent_covered": 0.0, "percent_covered_display": "0", "missing_lines": 1, "excluded_lines": 0, "percent_statements_covered": 0.0, "percent_statements_covered_display": "0", "num_branches": 0, "num_partial_branches": 0, "covered_branches": 0, "missing_branches": 0, "percent_branches_covered": 100.0, "percent_branches_covered_display": "100"}, "missing_lines": [10], "excluded_lines": [], "start_line": 5, "executed_branches": [], "missing_branches": []}, "": {"executed_lines": [], "summary": {"covered_lines": 0, "num_statements": 3, "percent_covered": 0.0, "percent_covered_display": "0", "missing_lines": 3, "excluded_lines": 0, "percent_statements_covered": 0.0, "percent_statements_covered_display": "0", "num_branches": 0, "num_partial_branches": 0, "covered_branches": 0, "missing_branches": 0, "percent_branches_covered": 100.0, "percent_branches_covered_display": "100"}, "missing_lines": [1, 2, 5], "excluded_lines": [], "start_line": 1, "executed_branches": [], "missing_branches": []}}, "classes": {"Evaluator": {"executed_lines": [], "summary": {"covered_lines": 0, "num_statements": 2, "percent_covered": 0.0, "percent_covered_display": "0", "missing_lines": 2, "excluded_lines": 0, "percent_statements_covered": 0.0, "percent_statements_covered_display": "0", "num_branches": 0, "num_partial_branches": 0, "covered_branches": 0, "missing_branches": 0, "percent_branches_covered": 100.0, "percent_branches_covered_display": "100"}, "missing_lines": [3, 10], "excluded_lines": [], "start_line": 1, "executed_branches": [], "missing_branches": []}, "": {"executed_lines": [], "summary": {"covered_lines": 0, "num_statements": 3, "percent_covered": 0.0, "percent_covered_display": "0", "missing_lines": 3, "excluded_lines": 0, "percent_statements_covered": 0.0, "percent_statements_covered_display": "0", "num_branches": 0, "num_partial_branches": 0, "covered_branches": 0, "missing_branches": 0, "percent_branches_covered": 100.0, "percent_branches_covered_display": "100"}, "missing_lines": [1, 2, 5], "excluded_lines": [], "start_line": 1, "executed_branches": [], "missing_branches": []}}}, "src/ainpp_pb_latam/evaluation/__init__.py": {"executed_lines": [], "summary": {"covered_lines": 0, "num_statements": 0, "percent_covered": 100.0, "percent_covered_display": "100", "missing_lines": 0, "excluded_lines": 0, "percent_statements_covered": 100.0, "percent_statements_covered_display": "100", "num_branches": 0, "num_partial_branches": 0, "covered_branches": 0, "missing_branches": 0, "percent_branches_covered": 100.0, "percent_branches_covered_display": "100"}, "missing_lines": [], "excluded_lines": [], "executed_branches": [], "missing_branches": [], "functions": {"": {"executed_lines": [], "summary": {"covered_lines": 0, "num_statements": 0, "percent_covered": 100.0, "percent_covered_display": "100", "missing_lines": 0, "excluded_lines": 0, "percent_statements_covered": 100.0, "percent_statements_covered_display": "100", "num_branches": 0, "num_partial_branches": 0, "covered_branches": 0, "missing_branches": 0, "percent_branches_covered": 100.0, "percent_branches_covered_display": "100"}, "missing_lines": [], "excluded_lines": [], "start_line": 1, "executed_branches": [], "missing_branches": []}}, "classes": {"": {"executed_lines": [], "summary": {"covered_lines": 0, "num_statements": 0, "percent_covered": 100.0, "percent_covered_display": "100", "missing_lines": 0, "excluded_lines": 0, "percent_statements_covered": 100.0, "percent_statements_covered_display": "100", "num_branches": 0, "num_partial_branches": 0, "covered_branches": 0, "missing_branches": 0, "percent_branches_covered": 100.0, "percent_branches_covered_display": "100"}, "missing_lines": [], "excluded_lines": [], "start_line": 1, "executed_branches": [], "missing_branches": []}}}, "src/ainpp_pb_latam/evaluation/evaluator.py": {"executed_lines": [], "summary": {"covered_lines": 0, "num_statements": 87, "percent_covered": 0.0, "percent_covered_display": "0", "missing_lines": 87, "excluded_lines": 0, "percent_statements_covered": 0.0, "percent_statements_covered_display": "0", "num_branches": 34, "num_partial_branches": 0, "covered_branches": 0, "missing_branches": 34, "percent_branches_covered": 0.0, "percent_branches_covered_display": "0"}, "missing_lines": [1, 2, 3, 4, 5, 7, 8, 9, 10, 11, 12, 13, 15, 20, 21, 22, 23, 24, 25, 28, 31, 32, 33, 34, 35, 37, 38, 41, 42, 43, 44, 45, 46, 48, 49, 50, 52, 53, 55, 57, 58, 59, 60, 62, 64, 65, 68, 71, 72, 73, 75, 76, 79, 80, 81, 83, 84, 87, 88, 89, 90, 96, 97, 98, 99, 104, 105, 106, 107, 113, 114, 115, 116, 117, 122, 123, 124, 125, 130, 131, 132, 133, 139, 140, 141, 142, 144], "excluded_lines": [], "executed_branches": [], "missing_branches": [[58, 59], [58, 139], [59, 60], [59, 62], [71, 72], [71, 75], [80, 58], [80, 81], [87, 88], [87, 96], [89, 90], [89, 96], [96, 97], [96, 104], [98, 99], [98, 104], [104, 105], [104, 113], [106, 107], [106, 113], [113, 80], [113, 114], [114, 115], [114, 122], [116, 117], [116, 122], [122, 123], [122, 130], [124, 125], [124, 130], [130, 113], [130, 131], [132, 113], [132, 133]], "functions": {"Evaluator.__init__": {"executed_lines": [], "summary": {"covered_lines": 0, "num_statements": 19, "percent_covered": 0.0, "percent_covered_display": "0", "missing_lines": 19, "excluded_lines": 0, "percent_statements_covered": 0.0, "percent_statements_covered_display": "0", "num_branches": 0, "num_partial_branches": 0, "covered_branches": 0, "missing_branches": 0, "percent_branches_covered": 100.0, "percent_branches_covered_display": "100"}, "missing_lines": [21, 22, 23, 24, 25, 28, 31, 32, 33, 34, 35, 37, 38, 41, 42, 43, 44, 45, 46], "excluded_lines": [], "start_line": 20, "executed_branches": [], "missing_branches": []}, "Evaluator.evaluate": {"executed_lines": [], "summary": {"covered_lines": 0, "num_statements": 53, "percent_covered": 0.0, "percent_covered_display": "0", "missing_lines": 53, "excluded_lines": 0, "percent_statements_covered": 0.0, "percent_statements_covered_display": "0", "num_branches": 34, "num_partial_branches": 0, "covered_branches": 0, "missing_branches": 34, "percent_branches_covered": 0.0, "percent_branches_covered_display": "0"}, "missing_lines": [49, 50, 52, 53, 55, 57, 58, 59, 60, 62, 64, 65, 68, 71, 72, 73, 75, 76, 79, 80, 81, 83, 84, 87, 88, 89, 90, 96, 97, 98, 99, 104, 105, 106, 107, 113, 114, 115, 116, 117, 122, 123, 124, 125, 130, 131, 132, 133, 139, 140, 141, 142, 144], "excluded_lines": [], "start_line": 48, "executed_branches": [], "missing_branches": [[58, 59], [58, 139], [59, 60], [59, 62], [71, 72], [71, 75], [80, 58], [80, 81], [87, 88], [87, 96], [89, 90], [89, 96], [96, 97], [96, 104], [98, 99], [98, 104], [104, 105], [104, 113], [106, 107], [106, 113], [113, 80], [113, 114], [114, 115], [114, 122], [116, 117], [116, 122], [122, 123], [122, 130], [124, 125], [124, 130], [130, 113], [130, 131], [132, 113], [132, 133]]}, "": {"executed_lines": [], "summary": {"covered_lines": 0, "num_statements": 15, "percent_covered": 0.0, "percent_covered_display": "0", "missing_lines": 15, "excluded_lines": 0, "percent_statements_covered": 0.0, "percent_statements_covered_display": "0", "num_branches": 0, "num_partial_branches": 0, "covered_branches": 0, "missing_branches": 0, "percent_branches_covered": 100.0, "percent_branches_covered_display": "100"}, "missing_lines": [1, 2, 3, 4, 5, 7, 8, 9, 10, 11, 12, 13, 15, 20, 48], "excluded_lines": [], "start_line": 1, "executed_branches": [], "missing_branches": []}}, "classes": {"Evaluator": {"executed_lines": [], "summary": {"covered_lines": 0, "num_statements": 72, "percent_covered": 0.0, "percent_covered_display": "0", "missing_lines": 72, "excluded_lines": 0, "percent_statements_covered": 0.0, "percent_statements_covered_display": "0", "num_branches": 34, "num_partial_branches": 0, "covered_branches": 0, "missing_branches": 34, "percent_branches_covered": 0.0, "percent_branches_covered_display": "0"}, "missing_lines": [21, 22, 23, 24, 25, 28, 31, 32, 33, 34, 35, 37, 38, 41, 42, 43, 44, 45, 46, 49, 50, 52, 53, 55, 57, 58, 59, 60, 62, 64, 65, 68, 71, 72, 73, 75, 76, 79, 80, 81, 83, 84, 87, 88, 89, 90, 96, 97, 98, 99, 104, 105, 106, 107, 113, 114, 115, 116, 117, 122, 123, 124, 125, 130, 131, 132, 133, 139, 140, 141, 142, 144], "excluded_lines": [], "start_line": 15, "executed_branches": [], "missing_branches": [[58, 59], [58, 139], [59, 60], [59, 62], [71, 72], [71, 75], [80, 58], [80, 81], [87, 88], [87, 96], [89, 90], [89, 96], [96, 97], [96, 104], [98, 99], [98, 104], [104, 105], [104, 113], [106, 107], [106, 113], [113, 80], [113, 114], [114, 115], [114, 122], [116, 117], [116, 122], [122, 123], [122, 130], [124, 125], [124, 130], [130, 113], [130, 131], [132, 113], [132, 133]]}, "": {"executed_lines": [], "summary": {"covered_lines": 0, "num_statements": 15, "percent_covered": 0.0, "percent_covered_display": "0", "missing_lines": 15, "excluded_lines": 0, "percent_statements_covered": 0.0, "percent_statements_covered_display": "0", "num_branches": 0, "num_partial_branches": 0, "covered_branches": 0, "missing_branches": 0, "percent_branches_covered": 100.0, "percent_branches_covered_display": "100"}, "missing_lines": [1, 2, 3, 4, 5, 7, 8, 9, 10, 11, 12, 13, 15, 20, 48], "excluded_lines": [], "start_line": 1, "executed_branches": [], "missing_branches": []}}}, "src/ainpp_pb_latam/inference/__init__.py": {"executed_lines": [], "summary": {"covered_lines": 0, "num_statements": 2, "percent_covered": 0.0, "percent_covered_display": "0", "missing_lines": 2, "excluded_lines": 0, "percent_statements_covered": 0.0, "percent_statements_covered_display": "0", "num_branches": 0, "num_partial_branches": 0, "covered_branches": 0, "missing_branches": 0, "percent_branches_covered": 100.0, "percent_branches_covered_display": "100"}, "missing_lines": [1, 3], "excluded_lines": [], "executed_branches": [], "missing_branches": [], "functions": {"": {"executed_lines": [], "summary": {"covered_lines": 0, "num_statements": 2, "percent_covered": 0.0, "percent_covered_display": "0", "missing_lines": 2, "excluded_lines": 0, "percent_statements_covered": 0.0, "percent_statements_covered_display": "0", "num_branches": 0, "num_partial_branches": 0, "covered_branches": 0, "missing_branches": 0, "percent_branches_covered": 100.0, "percent_branches_covered_display": "100"}, "missing_lines": [1, 3], "excluded_lines": [], "start_line": 1, "executed_branches": [], "missing_branches": []}}, "classes": {"": {"executed_lines": [], "summary": {"covered_lines": 0, "num_statements": 2, "percent_covered": 0.0, "percent_covered_display": "0", "missing_lines": 2, "excluded_lines": 0, "percent_statements_covered": 0.0, "percent_statements_covered_display": "0", "num_branches": 0, "num_partial_branches": 0, "covered_branches": 0, "missing_branches": 0, "percent_branches_covered": 100.0, "percent_branches_covered_display": "100"}, "missing_lines": [1, 3], "excluded_lines": [], "start_line": 1, "executed_branches": [], "missing_branches": []}}}, "src/ainpp_pb_latam/inference/inferencer.py": {"executed_lines": [], "summary": {"covered_lines": 0, "num_statements": 74, "percent_covered": 0.0, "percent_covered_display": "0", "missing_lines": 74, "excluded_lines": 0, "percent_statements_covered": 0.0, "percent_statements_covered_display": "0", "num_branches": 10, "num_partial_branches": 0, "covered_branches": 0, "missing_branches": 10, "percent_branches_covered": 0.0, "percent_branches_covered_display": "0"}, "missing_lines": [1, 2, 3, 4, 5, 6, 7, 8, 9, 10, 11, 12, 14, 16, 23, 37, 38, 39, 40, 42, 43, 60, 61, 63, 64, 67, 68, 72, 73, 74, 76, 77, 78, 81, 83, 84, 86, 87, 89, 94, 95, 98, 99, 101, 102, 104, 105, 119, 120, 122, 124, 125, 127, 128, 129, 133, 135, 136, 137, 139, 142, 144, 145, 148, 151, 160, 161, 164, 165, 166, 167, 168, 170, 171], "excluded_lines": [], "executed_branches": [], "missing_branches": [[60, 61], [60, 63], [81, 83], [81, 98], [127, 128], [127, 164], [128, 129], [128, 133], [142, 144], [142, 160]], "functions": {"Inferencer.__init__": {"executed_lines": [], "summary": {"covered_lines": 0, "num_statements": 4, "percent_covered": 0.0, "percent_covered_display": "0", "missing_lines": 4, "excluded_lines": 0, "percent_statements_covered": 0.0, "percent_statements_covered_display": "0", "num_branches": 0, "num_partial_branches": 0, "covered_branches": 0, "missing_branches": 0, "percent_branches_covered": 100.0, "percent_branches_covered_display": "100"}, "missing_lines": [37, 38, 39, 40], "excluded_lines": [], "start_line": 23, "executed_branches": [], "missing_branches": []}, "Inferencer.infer_single": {"executed_lines": [], "summary": {"covered_lines": 0, "num_statements": 24, "percent_covered": 0.0, "percent_covered_display": "0", "missing_lines": 24, "excluded_lines": 0, "percent_statements_covered": 0.0, "percent_statements_covered_display": "0", "num_branches": 4, "num_partial_branches": 0, "covered_branches": 0, "missing_branches": 4, "percent_branches_covered": 0.0, "percent_branches_covered_display": "0"}, "missing_lines": [60, 61, 63, 64, 67, 68, 72, 73, 74, 76, 77, 78, 81, 83, 84, 86, 87, 89, 94, 95, 98, 99, 101, 102], "excluded_lines": [], "start_line": 43, "executed_branches": [], "missing_branches": [[60, 61], [60, 63], [81, 83], [81, 98]]}, "Inferencer.infer_historical": {"executed_lines": [], "summary": {"covered_lines": 0, "num_statements": 27, "percent_covered": 0.0, "percent_covered_display": "0", "missing_lines": 27, "excluded_lines": 0, "percent_statements_covered": 0.0, "percent_statements_covered_display": "0", "num_branches": 6, "num_partial_branches": 0, "covered_branches": 0, "missing_branches": 6, "percent_branches_covered": 0.0, "percent_branches_covered_display": "0"}, "missing_lines": [119, 120, 122, 124, 125, 127, 128, 129, 133, 135, 136, 137, 139, 142, 144, 145, 148, 151, 160, 161, 164, 165, 166, 167, 168, 170, 171], "excluded_lines": [], "start_line": 105, "executed_branches": [], "missing_branches": [[127, 128], [127, 164], [128, 129], [128, 133], [142, 144], [142, 160]]}, "": {"executed_lines": [], "summary": {"covered_lines": 0, "num_statements": 19, "percent_covered": 0.0, "percent_covered_display": "0", "missing_lines": 19, "excluded_lines": 0, "percent_statements_covered": 0.0, "percent_statements_covered_display": "0", "num_branches": 0, "num_partial_branches": 0, "covered_branches": 0, "missing_branches": 0, "percent_branches_covered": 100.0, "percent_branches_covered_display": "100"}, "missing_lines": [1, 2, 3, 4, 5, 6, 7, 8, 9, 10, 11, 12, 14, 16, 23, 42, 43, 104, 105], "excluded_lines": [], "start_line": 1, "executed_branches": [], "missing_branches": []}}, "classes": {"Inferencer": {"executed_lines": [], "summary": {"covered_lines": 0, "num_statements": 55, "percent_covered": 0.0, "percent_covered_display": "0", "missing_lines": 55, "excluded_lines": 0, "percent_statements_covered": 0.0, "percent_statements_covered_display": "0", "num_branches": 10, "num_partial_branches": 0, "covered_branches": 0, "missing_branches": 10, "percent_branches_covered": 0.0, "percent_branches_covered_display": "0"}, "missing_lines": [37, 38, 39, 40, 60, 61, 63, 64, 67, 68, 72, 73, 74, 76, 77, 78, 81, 83, 84, 86, 87, 89, 94, 95, 98, 99, 101, 102, 119, 120, 122, 124, 125, 127, 128, 129, 133, 135, 136, 137, 139, 142, 144, 145, 148, 151, 160, 161, 164, 165, 166, 167, 168, 170, 171], "excluded_lines": [], "start_line": 16, "executed_branches": [], "missing_branches": [[60, 61], [60, 63], [81, 83], [81, 98], [127, 128], [127, 164], [128, 129], [128, 133], [142, 144], [142, 160]]}, "": {"executed_lines": [], "summary": {"covered_lines": 0, "num_statements": 19, "percent_covered": 0.0, "percent_covered_display": "0", "missing_lines": 19, "excluded_lines": 0, "percent_statements_covered": 0.0, "percent_statements_covered_display": "0", "num_branches": 0, "num_partial_branches": 0, "covered_branches": 0, "missing_branches": 0, "percent_branches_covered": 100.0, "percent_branches_covered_display": "100"}, "missing_lines": [1, 2, 3, 4, 5, 6, 7, 8, 9, 10, 11, 12, 14, 16, 23, 42, 43, 104, 105], "excluded_lines": [], "start_line": 1, "executed_branches": [], "missing_branches": []}}}, "src/ainpp_pb_latam/layers/__init__.py": {"executed_lines": [1], "summary": {"covered_lines": 1, "num_statements": 1, "percent_covered": 100.0, "percent_covered_display": "100", "missing_lines": 0, "excluded_lines": 0, "percent_statements_covered": 100.0, "percent_statements_covered_display": "100", "num_branches": 0, "num_partial_branches": 0, "covered_branches": 0, "missing_branches": 0, "percent_branches_covered": 100.0, "percent_branches_covered_display": "100"}, "missing_lines": [], "excluded_lines": [], "executed_branches": [], "missing_branches": [], "functions": {"": {"executed_lines": [1], "summary": {"covered_lines": 1, "num_statements": 1, "percent_covered": 100.0, "percent_covered_display": "100", "missing_lines": 0, "excluded_lines": 0, "percent_statements_covered": 100.0, "percent_statements_covered_display": "100", "num_branches": 0, "num_partial_branches": 0, "covered_branches": 0, "missing_branches": 0, "percent_branches_covered": 100.0, "percent_branches_covered_display": "100"}, "missing_lines": [], "excluded_lines": [], "start_line": 1, "executed_branches": [], "missing_branches": []}}, "classes": {"": {"executed_lines": [1], "summary": {"covered_lines": 1, "num_statements": 1, "percent_covered": 100.0, "percent_covered_display": "100", "missing_lines": 0, "excluded_lines": 0, "percent_statements_covered": 100.0, "percent_statements_covered_display": "100", "num_branches": 0, "num_partial_branches": 0, "covered_branches": 0, "missing_branches": 0, "percent_branches_covered": 100.0, "percent_branches_covered_display": "100"}, "missing_lines": [], "excluded_lines": [], "start_line": 1, "executed_branches": [], "missing_branches": []}}}, "src/ainpp_pb_latam/layers/blocks.py": {"executed_lines": [1, 2, 7, 8, 21, 24, 25, 36], "summary": {"covered_lines": 8, "num_statements": 25, "percent_covered": 27.586206896551722, "percent_covered_display": "28", "missing_lines": 17, "excluded_lines": 0, "percent_statements_covered": 32.0, "percent_statements_covered_display": "32", "num_branches": 4, "num_partial_branches": 0, "covered_branches": 0, "missing_branches": 4, "percent_branches_covered": 0.0, "percent_branches_covered_display": "0"}, "missing_lines": [9, 10, 11, 12, 22, 26, 29, 30, 31, 33, 34, 37, 40, 41, 42, 45, 46], "excluded_lines": [], "executed_branches": [], "missing_branches": [[10, 11], [10, 12], [29, 30], [29, 33]], "functions": {"DoubleConv.__init__": {"executed_lines": [], "summary": {"covered_lines": 0, "num_statements": 4, "percent_covered": 0.0, "percent_covered_display": "0", "missing_lines": 4, "excluded_lines": 0, "percent_statements_covered": 0.0, "percent_statements_covered_display": "0", "num_branches": 2, "num_partial_branches": 0, "covered_branches": 0, "missing_branches": 2, "percent_branches_covered": 0.0, "percent_branches_covered_display": "0"}, "missing_lines": [9, 10, 11, 12], "excluded_lines": [], "start_line": 8, "executed_branches": [], "missing_branches": [[10, 11], [10, 12]]}, "DoubleConv.forward": {"executed_lines": [], "summary": {"covered_lines": 0, "num_statements": 1, "percent_covered": 0.0, "percent_covered_display": "0", "missing_lines": 1, "excluded_lines": 0, "percent_statements_covered": 0.0, "percent_statements_covered_display": "0", "num_branches": 0, "num_partial_branches": 0, "covered_branches": 0, "missing_branches": 0, "percent_branches_covered": 100.0, "percent_branches_covered_display": "100"}, "missing_lines": [22], "excluded_lines": [], "start_line": 21, "executed_branches": [], "missing_branches": []}, "Up.__init__": {"executed_lines": [], "summary": {"covered_lines": 0, "num_statements": 6, "percent_covered": 0.0, "percent_covered_display": "0", "missing_lines": 6, "excluded_lines": 0, "percent_statements_covered": 0.0, "percent_statements_covered_display": "0", "num_branches": 2, "num_partial_branches": 0, "covered_branches": 0, "missing_branches": 2, "percent_branches_covered": 0.0, "percent_branches_covered_display": "0"}, "missing_lines": [26, 29, 30, 31, 33, 34], "excluded_lines": [], "start_line": 25, "executed_branches": [], "missing_branches": [[29, 30], [29, 33]]}, "Up.forward": {"executed_lines": [], "summary": {"covered_lines": 0, "num_statements": 6, "percent_covered": 0.0, "percent_covered_display": "0", "missing_lines": 6, "excluded_lines": 0, "percent_statements_covered": 0.0, "percent_statements_covered_display": "0", "num_branches": 0, "num_partial_branches": 0, "covered_branches": 0, "missing_branches": 0, "percent_branches_covered": 100.0, "percent_branches_covered_display": "100"}, "missing_lines": [37, 40, 41, 42, 45, 46], "excluded_lines": [], "start_line": 36, "executed_branches": [], "missing_branches": []}, "": {"executed_lines": [1, 2, 7, 8, 21, 24, 25, 36], "summary": {"covered_lines": 8, "num_statements": 8, "percent_covered": 100.0, "percent_covered_display": "100", "missing_lines": 0, "excluded_lines": 0, "percent_statements_covered": 100.0, "percent_statements_covered_display": "100", "num_branches": 0, "num_partial_branches": 0, "covered_branches": 0, "missing_branches": 0, "percent_branches_covered": 100.0, "percent_branches_covered_display": "100"}, "missing_lines": [], "excluded_lines": [], "start_line": 1, "executed_branches": [], "missing_branches": []}}, "classes": {"DoubleConv": {"executed_lines": [], "summary": {"covered_lines": 0, "num_statements": 5, "percent_covered": 0.0, "percent_covered_display": "0", "missing_lines": 5, "excluded_lines": 0, "percent_statements_covered": 0.0, "percent_statements_covered_display": "0", "num_branches": 2, "num_partial_branches": 0, "covered_branches": 0, "missing_branches": 2, "percent_branches_covered": 0.0, "percent_branches_covered_display": "0"}, "missing_lines": [9, 10, 11, 12, 22], "excluded_lines": [], "start_line": 7, "executed_branches": [], "missing_branches": [[10, 11], [10, 12]]}, "Up": {"executed_lines": [], "summary": {"covered_lines": 0, "num_statements": 12, "percent_covered": 0.0, "percent_covered_display": "0", "missing_lines": 12, "excluded_lines": 0, "percent_statements_covered": 0.0, "percent_statements_covered_display": "0", "num_branches": 2, "num_partial_branches": 0, "covered_branches": 0, "missing_branches": 2, "percent_branches_covered": 0.0, "percent_branches_covered_display": "0"}, "missing_lines": [26, 29, 30, 31, 33, 34, 37, 40, 41, 42, 45, 46], "excluded_lines": [], "start_line": 24, "executed_branches": [], "missing_branches": [[29, 30], [29, 33]]}, "": {"executed_lines": [1, 2, 7, 8, 21, 24, 25, 36], "summary": {"covered_lines": 8, "num_statements": 8, "percent_covered": 100.0, "percent_covered_display": "100", "missing_lines": 0, "excluded_lines": 0, "percent_statements_covered": 100.0, "percent_statements_covered_display": "100", "num_branches": 0, "num_partial_branches": 0, "covered_branches": 0, "missing_branches": 0, "percent_branches_covered": 100.0, "percent_branches_covered_display": "100"}, "missing_lines": [], "excluded_lines": [], "start_line": 1, "executed_branches": [], "missing_branches": []}}}, "src/ainpp_pb_latam/losses.py": {"executed_lines": [10, 11, 13, 14, 15, 16, 18, 30, 37, 38, 39, 41, 50, 54, 55, 56, 57, 58, 60, 63, 75, 76, 78, 79, 80, 83, 94, 100, 101, 102, 103, 105, 106, 110, 112, 113, 114, 115, 116, 118, 127, 128, 130, 131, 132, 134, 135, 136, 138, 139, 141, 144, 146, 153, 154, 155, 156, 157, 159, 162, 163, 171, 175, 178, 189, 195, 196, 198, 199, 201, 202, 203, 204, 205, 207, 218, 227, 231, 238, 248, 259, 266, 278, 297, 304, 314, 329, 336, 347, 361, 368, 378, 403, 410, 433], "summary": {"covered_lines": 95, "num_statements": 186, "percent_covered": 47.22222222222222, "percent_covered_display": "47", "missing_lines": 91, "excluded_lines": 0, "percent_statements_covered": 51.075268817204304, "percent_statements_covered_display": "51", "num_branches": 30, "num_partial_branches": 3, "covered_branches": 7, "missing_branches": 23, "percent_branches_covered": 23.333333333333332, "percent_branches_covered_display": "23"}, "missing_lines": [165, 166, 167, 168, 172, 224, 225, 228, 244, 245, 246, 254, 255, 256, 273, 274, 275, 276, 280, 283, 286, 287, 288, 290, 291, 292, 294, 310, 311, 312, 319, 320, 322, 323, 325, 326, 342, 343, 344, 345, 348, 349, 353, 354, 355, 357, 358, 374, 375, 376, 382, 383, 384, 385, 388, 389, 392, 393, 394, 398, 400, 416, 417, 419, 420, 421, 424, 425, 427, 428, 429, 430, 431, 434, 435, 438, 439, 440, 441, 445, 446, 447, 449, 450, 451, 457, 458, 459, 460, 461, 463], "excluded_lines": [], "executed_branches": [[54, 55], [54, 60], [154, 155], [162, 163], [171, 175], [203, 204], [203, 205]], "missing_branches": [[154, 159], [162, 165], [171, 172], [254, 255], [254, 256], [290, 291], [290, 294], [353, 354], [353, 357], [382, 383], [382, 388], [424, 425], [424, 427], [434, 435], [434, 438], [438, 439], [438, 445], [445, 446], [445, 449], [457, 458], [457, 463], [460, 457], [460, 461]], "functions": {"WeightedMSELoss.__init__": {"executed_lines": [37, 38, 39], "summary": {"covered_lines": 3, "num_statements": 3, "percent_covered": 100.0, "percent_covered_display": "100", "missing_lines": 0, "excluded_lines": 0, "percent_statements_covered": 100.0, "percent_statements_covered_display": "100", "num_branches": 0, "num_partial_branches": 0, "covered_branches": 0, "missing_branches": 0, "percent_branches_covered": 100.0, "percent_branches_covered_display": "100"}, "missing_lines": [], "excluded_lines": [], "start_line": 30, "executed_branches": [], "missing_branches": []}, "WeightedMSELoss.forward": {"executed_lines": [50, 54, 55, 56, 57, 58, 60], "summary": {"covered_lines": 7, "num_statements": 7, "percent_covered": 100.0, "percent_covered_display": "100", "missing_lines": 0, "excluded_lines": 0, "percent_statements_covered": 100.0, "percent_statements_covered_display": "100", "num_branches": 2, "num_partial_branches": 0, "covered_branches": 2, "missing_branches": 0, "percent_branches_covered": 100.0, "percent_branches_covered_display": "100"}, "missing_lines": [], "excluded_lines": [], "start_line": 41, "executed_branches": [[54, 55], [54, 60]], "missing_branches": []}, "LogCoshLoss.__init__": {"executed_lines": [76], "summary": {"covered_lines": 1, "num_statements": 1, "percent_covered": 100.0, "percent_covered_display": "100", "missing_lines": 0, "excluded_lines": 0, "percent_statements_covered": 100.0, "percent_statements_covered_display": "100", "num_branches": 0, "num_partial_branches": 0, "covered_branches": 0, "missing_branches": 0, "percent_branches_covered": 100.0, "percent_branches_covered_display": "100"}, "missing_lines": [], "excluded_lines": [], "start_line": 75, "executed_branches": [], "missing_branches": []}, "LogCoshLoss.forward": {"executed_lines": [79, 80], "summary": {"covered_lines": 2, "num_statements": 2, "percent_covered": 100.0, "percent_covered_display": "100", "missing_lines": 0, "excluded_lines": 0, "percent_statements_covered": 100.0, "percent_statements_covered_display": "100", "num_branches": 0, "num_partial_branches": 0, "covered_branches": 0, "missing_branches": 0, "percent_branches_covered": 100.0, "percent_branches_covered_display": "100"}, "missing_lines": [], "excluded_lines": [], "start_line": 78, "executed_branches": [], "missing_branches": []}, "SSIMLoss.__init__": {"executed_lines": [100, 101, 102, 103], "summary": {"covered_lines": 4, "num_statements": 4, "percent_covered": 100.0, "percent_covered_display": "100", "missing_lines": 0, "excluded_lines": 0, "percent_statements_covered": 100.0, "percent_statements_covered_display": "100", "num_branches": 0, "num_partial_branches": 0, "covered_branches": 0, "missing_branches": 0, "percent_branches_covered": 100.0, "percent_branches_covered_display": "100"}, "missing_lines": [], "excluded_lines": [], "start_line": 94, "executed_branches": [], "missing_branches": []}, "SSIMLoss._gaussian": {"executed_lines": [106, 110], "summary": {"covered_lines": 2, "num_statements": 2, "percent_covered": 100.0, "percent_covered_display": "100", "missing_lines": 0, "excluded_lines": 0, "percent_statements_covered": 100.0, "percent_statements_covered_display": "100", "num_branches": 0, "num_partial_branches": 0, "covered_branches": 0, "missing_branches": 0, "percent_branches_covered": 100.0, "percent_branches_covered_display": "100"}, "missing_lines": [], "excluded_lines": [], "start_line": 105, "executed_branches": [], "missing_branches": []}, "SSIMLoss._create_window": {"executed_lines": [113, 114, 115, 116], "summary": {"covered_lines": 4, "num_statements": 4, "percent_covered": 100.0, "percent_covered_display": "100", "missing_lines": 0, "excluded_lines": 0, "percent_statements_covered": 100.0, "percent_statements_covered_display": "100", "num_branches": 0, "num_partial_branches": 0, "covered_branches": 0, "missing_branches": 0, "percent_branches_covered": 100.0, "percent_branches_covered_display": "100"}, "missing_lines": [], "excluded_lines": [], "start_line": 112, "executed_branches": [], "missing_branches": []}, "SSIMLoss._ssim": {"executed_lines": [127, 128, 130, 131, 132, 134, 135, 136, 138, 139, 141, 144], "summary": {"covered_lines": 12, "num_statements": 12, "percent_covered": 100.0, "percent_covered_display": "100", "missing_lines": 0, "excluded_lines": 0, "percent_statements_covered": 100.0, "percent_statements_covered_display": "100", "num_branches": 0, "num_partial_branches": 0, "covered_branches": 0, "missing_branches": 0, "percent_branches_covered": 100.0, "percent_branches_covered_display": "100"}, "missing_lines": [], "excluded_lines": [], "start_line": 118, "executed_branches": [], "missing_branches": []}, "SSIMLoss.forward": {"executed_lines": [153, 154, 155, 156, 157, 159, 162, 163, 171, 175], "summary": {"covered_lines": 10, "num_statements": 15, "percent_covered": 61.904761904761905, "percent_covered_display": "62", "missing_lines": 5, "excluded_lines": 0, "percent_statements_covered": 66.66666666666667, "percent_statements_covered_display": "67", "num_branches": 6, "num_partial_branches": 3, "covered_branches": 3, "missing_branches": 3, "percent_branches_covered": 50.0, "percent_branches_covered_display": "50"}, "missing_lines": [165, 166, 167, 168, 172], "excluded_lines": [], "start_line": 146, "executed_branches": [[154, 155], [162, 163], [171, 175]], "missing_branches": [[154, 159], [162, 165], [171, 172]]}, "HybridLoss.__init__": {"executed_lines": [195, 196, 198, 199], "summary": {"covered_lines": 4, "num_statements": 4, "percent_covered": 100.0, "percent_covered_display": "100", "missing_lines": 0, "excluded_lines": 0, "percent_statements_covered": 100.0, "percent_statements_covered_display": "100", "num_branches": 0, "num_partial_branches": 0, "covered_branches": 0, "missing_branches": 0, "percent_branches_covered": 100.0, "percent_branches_covered_display": "100"}, "missing_lines": [], "excluded_lines": [], "start_line": 189, "executed_branches": [], "missing_branches": []}, "HybridLoss.forward": {"executed_lines": [202, 203, 204, 205], "summary": {"covered_lines": 4, "num_statements": 4, "percent_covered": 100.0, "percent_covered_display": "100", "missing_lines": 0, "excluded_lines": 0, "percent_statements_covered": 100.0, "percent_statements_covered_display": "100", "num_branches": 2, "num_partial_branches": 0, "covered_branches": 2, "missing_branches": 0, "percent_branches_covered": 100.0, "percent_branches_covered_display": "100"}, "missing_lines": [], "excluded_lines": [], "start_line": 201, "executed_branches": [[203, 204], [203, 205]], "missing_branches": []}, "HuberLoss.__init__": {"executed_lines": [], "summary": {"covered_lines": 0, "num_statements": 2, "percent_covered": 0.0, "percent_covered_display": "0", "missing_lines": 2, "excluded_lines": 0, "percent_statements_covered": 0.0, "percent_statements_covered_display": "0", "num_branches": 0, "num_partial_branches": 0, "covered_branches": 0, "missing_branches": 0, "percent_branches_covered": 100.0, "percent_branches_covered_display": "100"}, "missing_lines": [224, 225], "excluded_lines": [], "start_line": 218, "executed_branches": [], "missing_branches": []}, "HuberLoss.forward": {"executed_lines": [], "summary": {"covered_lines": 0, "num_statements": 1, "percent_covered": 0.0, "percent_covered_display": "0", "missing_lines": 1, "excluded_lines": 0, "percent_statements_covered": 0.0, "percent_statements_covered_display": "0", "num_branches": 0, "num_partial_branches": 0, "covered_branches": 0, "missing_branches": 0, "percent_branches_covered": 100.0, "percent_branches_covered_display": "100"}, "missing_lines": [228], "excluded_lines": [], "start_line": 227, "executed_branches": [], "missing_branches": []}, "CrossEntropyLoss.__init__": {"executed_lines": [], "summary": {"covered_lines": 0, "num_statements": 3, "percent_covered": 0.0, "percent_covered_display": "0", "missing_lines": 3, "excluded_lines": 0, "percent_statements_covered": 0.0, "percent_statements_covered_display": "0", "num_branches": 0, "num_partial_branches": 0, "covered_branches": 0, "missing_branches": 0, "percent_branches_covered": 100.0, "percent_branches_covered_display": "100"}, "missing_lines": [244, 245, 246], "excluded_lines": [], "start_line": 238, "executed_branches": [], "missing_branches": []}, "CrossEntropyLoss.forward": {"executed_lines": [], "summary": {"covered_lines": 0, "num_statements": 3, "percent_covered": 0.0, "percent_covered_display": "0", "missing_lines": 3, "excluded_lines": 0, "percent_statements_covered": 0.0, "percent_statements_covered_display": "0", "num_branches": 2, "num_partial_branches": 0, "covered_branches": 0, "missing_branches": 2, "percent_branches_covered": 0.0, "percent_branches_covered_display": "0"}, "missing_lines": [254, 255, 256], "excluded_lines": [], "start_line": 248, "executed_branches": [], "missing_branches": [[254, 255], [254, 256]]}, "BinaryFocalLoss.__init__": {"executed_lines": [], "summary": {"covered_lines": 0, "num_statements": 4, "percent_covered": 0.0, "percent_covered_display": "0", "missing_lines": 4, "excluded_lines": 0, "percent_statements_covered": 0.0, "percent_statements_covered_display": "0", "num_branches": 0, "num_partial_branches": 0, "covered_branches": 0, "missing_branches": 0, "percent_branches_covered": 100.0, "percent_branches_covered_display": "100"}, "missing_lines": [273, 274, 275, 276], "excluded_lines": [], "start_line": 266, "executed_branches": [], "missing_branches": []}, "BinaryFocalLoss.forward": {"executed_lines": [], "summary": {"covered_lines": 0, "num_statements": 9, "percent_covered": 0.0, "percent_covered_display": "0", "missing_lines": 9, "excluded_lines": 0, "percent_statements_covered": 0.0, "percent_statements_covered_display": "0", "num_branches": 2, "num_partial_branches": 0, "covered_branches": 0, "missing_branches": 2, "percent_branches_covered": 0.0, "percent_branches_covered_display": "0"}, "missing_lines": [280, 283, 286, 287, 288, 290, 291, 292, 294], "excluded_lines": [], "start_line": 278, "executed_branches": [], "missing_branches": [[290, 291], [290, 294]]}, "DiceLoss.__init__": {"executed_lines": [], "summary": {"covered_lines": 0, "num_statements": 3, "percent_covered": 0.0, "percent_covered_display": "0", "missing_lines": 3, "excluded_lines": 0, "percent_statements_covered": 0.0, "percent_statements_covered_display": "0", "num_branches": 0, "num_partial_branches": 0, "covered_branches": 0, "missing_branches": 0, "percent_branches_covered": 100.0, "percent_branches_covered_display": "100"}, "missing_lines": [310, 311, 312], "excluded_lines": [], "start_line": 304, "executed_branches": [], "missing_branches": []}, "DiceLoss.forward": {"executed_lines": [], "summary": {"covered_lines": 0, "num_statements": 6, "percent_covered": 0.0, "percent_covered_display": "0", "missing_lines": 6, "excluded_lines": 0, "percent_statements_covered": 0.0, "percent_statements_covered_display": "0", "num_branches": 0, "num_partial_branches": 0, "covered_branches": 0, "missing_branches": 0, "percent_branches_covered": 100.0, "percent_branches_covered_display": "100"}, "missing_lines": [319, 320, 322, 323, 325, 326], "excluded_lines": [], "start_line": 314, "executed_branches": [], "missing_branches": []}, "AdvancedTorrentialLoss.__init__": {"executed_lines": [], "summary": {"covered_lines": 0, "num_statements": 4, "percent_covered": 0.0, "percent_covered_display": "0", "missing_lines": 4, "excluded_lines": 0, "percent_statements_covered": 0.0, "percent_statements_covered_display": "0", "num_branches": 0, "num_partial_branches": 0, "covered_branches": 0, "missing_branches": 0, "percent_branches_covered": 100.0, "percent_branches_covered_display": "100"}, "missing_lines": [342, 343, 344, 345], "excluded_lines": [], "start_line": 336, "executed_branches": [], "missing_branches": []}, "AdvancedTorrentialLoss.forward": {"executed_lines": [], "summary": {"covered_lines": 0, "num_statements": 7, "percent_covered": 0.0, "percent_covered_display": "0", "missing_lines": 7, "excluded_lines": 0, "percent_statements_covered": 0.0, "percent_statements_covered_display": "0", "num_branches": 2, "num_partial_branches": 0, "covered_branches": 0, "missing_branches": 2, "percent_branches_covered": 0.0, "percent_branches_covered_display": "0"}, "missing_lines": [348, 349, 353, 354, 355, 357, 358], "excluded_lines": [], "start_line": 347, "executed_branches": [], "missing_branches": [[353, 354], [353, 357]]}, "SpectralLoss.__init__": {"executed_lines": [], "summary": {"covered_lines": 0, "num_statements": 3, "percent_covered": 0.0, "percent_covered_display": "0", "missing_lines": 3, "excluded_lines": 0, "percent_statements_covered": 0.0, "percent_statements_covered_display": "0", "num_branches": 0, "num_partial_branches": 0, "covered_branches": 0, "missing_branches": 0, "percent_branches_covered": 100.0, "percent_branches_covered_display": "100"}, "missing_lines": [374, 375, 376], "excluded_lines": [], "start_line": 368, "executed_branches": [], "missing_branches": []}, "SpectralLoss.forward": {"executed_lines": [], "summary": {"covered_lines": 0, "num_statements": 11, "percent_covered": 0.0, "percent_covered_display": "0", "missing_lines": 11, "excluded_lines": 0, "percent_statements_covered": 0.0, "percent_statements_covered_display": "0", "num_branches": 2, "num_partial_branches": 0, "covered_branches": 0, "missing_branches": 2, "percent_branches_covered": 0.0, "percent_branches_covered_display": "0"}, "missing_lines": [382, 383, 384, 385, 388, 389, 392, 393, 394, 398, 400], "excluded_lines": [], "start_line": 378, "executed_branches": [], "missing_branches": [[382, 383], [382, 388]]}, "PerceptualLoss.__init__": {"executed_lines": [], "summary": {"covered_lines": 0, "num_statements": 12, "percent_covered": 0.0, "percent_covered_display": "0", "missing_lines": 12, "excluded_lines": 0, "percent_statements_covered": 0.0, "percent_statements_covered_display": "0", "num_branches": 2, "num_partial_branches": 0, "covered_branches": 0, "missing_branches": 2, "percent_branches_covered": 0.0, "percent_branches_covered_display": "0"}, "missing_lines": [416, 417, 419, 420, 421, 424, 425, 427, 428, 429, 430, 431], "excluded_lines": [], "start_line": 410, "executed_branches": [], "missing_branches": [[424, 425], [424, 427]]}, "PerceptualLoss.forward": {"executed_lines": [], "summary": {"covered_lines": 0, "num_statements": 18, "percent_covered": 0.0, "percent_covered_display": "0", "missing_lines": 18, "excluded_lines": 0, "percent_statements_covered": 0.0, "percent_statements_covered_display": "0", "num_branches": 10, "num_partial_branches": 0, "covered_branches": 0, "missing_branches": 10, "percent_branches_covered": 0.0, "percent_branches_covered_display": "0"}, "missing_lines": [434, 435, 438, 439, 440, 441, 445, 446, 447, 449, 450, 451, 457, 458, 459, 460, 461, 463], "excluded_lines": [], "start_line": 433, "executed_branches": [], "missing_branches": [[434, 435], [434, 438], [438, 439], [438, 445], [445, 446], [445, 449], [457, 458], [457, 463], [460, 457], [460, 461]]}, "": {"executed_lines": [10, 11, 13, 14, 15, 16, 18, 30, 41, 63, 75, 78, 83, 94, 105, 112, 118, 146, 178, 189, 201, 207, 218, 227, 231, 238, 248, 259, 266, 278, 297, 304, 314, 329, 336, 347, 361, 368, 378, 403, 410, 433], "summary": {"covered_lines": 42, "num_statements": 42, "percent_covered": 100.0, "percent_covered_display": "100", "missing_lines": 0, "excluded_lines": 0, "percent_statements_covered": 100.0, "percent_statements_covered_display": "100", "num_branches": 0, "num_partial_branches": 0, "covered_branches": 0, "missing_branches": 0, "percent_branches_covered": 100.0, "percent_branches_covered_display": "100"}, "missing_lines": [], "excluded_lines": [], "start_line": 1, "executed_branches": [], "missing_branches": []}}, "classes": {"WeightedMSELoss": {"executed_lines": [37, 38, 39, 50, 54, 55, 56, 57, 58, 60], "summary": {"covered_lines": 10, "num_statements": 10, "percent_covered": 100.0, "percent_covered_display": "100", "missing_lines": 0, "excluded_lines": 0, "percent_statements_covered": 100.0, "percent_statements_covered_display": "100", "num_branches": 2, "num_partial_branches": 0, "covered_branches": 2, "missing_branches": 0, "percent_branches_covered": 100.0, "percent_branches_covered_display": "100"}, "missing_lines": [], "excluded_lines": [], "start_line": 18, "executed_branches": [[54, 55], [54, 60]], "missing_branches": []}, "LogCoshLoss": {"executed_lines": [76, 79, 80], "summary": {"covered_lines": 3, "num_statements": 3, "percent_covered": 100.0, "percent_covered_display": "100", "missing_lines": 0, "excluded_lines": 0, "percent_statements_covered": 100.0, "percent_statements_covered_display": "100", "num_branches": 0, "num_partial_branches": 0, "covered_branches": 0, "missing_branches": 0, "percent_branches_covered": 100.0, "percent_branches_covered_display": "100"}, "missing_lines": [], "excluded_lines": [], "start_line": 63, "executed_branches": [], "missing_branches": []}, "SSIMLoss": {"executed_lines": [100, 101, 102, 103, 106, 110, 113, 114, 115, 116, 127, 128, 130, 131, 132, 134, 135, 136, 138, 139, 141, 144, 153, 154, 155, 156, 157, 159, 162, 163, 171, 175], "summary": {"covered_lines": 32, "num_statements": 37, "percent_covered": 81.3953488372093, "percent_covered_display": "81", "missing_lines": 5, "excluded_lines": 0, "percent_statements_covered": 86.48648648648648, "percent_statements_covered_display": "86", "num_branches": 6, "num_partial_branches": 3, "covered_branches": 3, "missing_branches": 3, "percent_branches_covered": 50.0, "percent_branches_covered_display": "50"}, "missing_lines": [165, 166, 167, 168, 172], "excluded_lines": [], "start_line": 83, "executed_branches": [[154, 155], [162, 163], [171, 175]], "missing_branches": [[154, 159], [162, 165], [171, 172]]}, "HybridLoss": {"executed_lines": [195, 196, 198, 199, 202, 203, 204, 205], "summary": {"covered_lines": 8, "num_statements": 8, "percent_covered": 100.0, "percent_covered_display": "100", "missing_lines": 0, "excluded_lines": 0, "percent_statements_covered": 100.0, "percent_statements_covered_display": "100", "num_branches": 2, "num_partial_branches": 0, "covered_branches": 2, "missing_branches": 0, "percent_branches_covered": 100.0, "percent_branches_covered_display": "100"}, "missing_lines": [], "excluded_lines": [], "start_line": 178, "executed_branches": [[203, 204], [203, 205]], "missing_branches": []}, "HuberLoss": {"executed_lines": [], "summary": {"covered_lines": 0, "num_statements": 3, "percent_covered": 0.0, "percent_covered_display": "0", "missing_lines": 3, "excluded_lines": 0, "percent_statements_covered": 0.0, "percent_statements_covered_display": "0", "num_branches": 0, "num_partial_branches": 0, "covered_branches": 0, "missing_branches": 0, "percent_branches_covered": 100.0, "percent_branches_covered_display": "100"}, "missing_lines": [224, 225, 228], "excluded_lines": [], "start_line": 207, "executed_branches": [], "missing_branches": []}, "CrossEntropyLoss": {"executed_lines": [], "summary": {"covered_lines": 0, "num_statements": 6, "percent_covered": 0.0, "percent_covered_display": "0", "missing_lines": 6, "excluded_lines": 0, "percent_statements_covered": 0.0, "percent_statements_covered_display": "0", "num_branches": 2, "num_partial_branches": 0, "covered_branches": 0, "missing_branches": 2, "percent_branches_covered": 0.0, "percent_branches_covered_display": "0"}, "missing_lines": [244, 245, 246, 254, 255, 256], "excluded_lines": [], "start_line": 231, "executed_branches": [], "
[...]
2], "excluded_lines": [], "start_line": 1, "executed_branches": [], "missing_branches": []}}, "classes": {"": {"executed_lines": [], "summary": {"covered_lines": 0, "num_statements": 116, "percent_covered": 0.0, "percent_covered_display": "0", "missing_lines": 116, "excluded_lines": 0, "percent_statements_covered": 0.0, "percent_statements_covered_display": "0", "num_branches": 2, "num_partial_branches": 0, "covered_branches": 0, "missing_branches": 2, "percent_branches_covered": 0.0, "percent_branches_covered_display": "0"}, "missing_lines": [1, 2, 3, 4, 6, 10, 11, 13, 14, 16, 17, 18, 19, 20, 21, 22, 23, 25, 29, 30, 31, 32, 33, 34, 35, 36, 37, 38, 40, 44, 45, 46, 48, 49, 50, 51, 52, 53, 54, 55, 56, 58, 62, 63, 64, 65, 66, 67, 68, 69, 70, 71, 72, 74, 78, 79, 80, 81, 82, 83, 84, 85, 87, 88, 89, 90, 92, 93, 94, 96, 97, 98, 99, 100, 101, 102, 103, 104, 105, 107, 111, 112, 113, 114, 115, 116, 117, 118, 119, 120, 122, 126, 127, 130, 131, 132, 133, 134, 135, 136, 137, 138, 139, 140, 143, 144, 145, 146, 147, 148, 149, 150, 151, 152, 153, 154], "excluded_lines": [], "start_line": 1, "executed_branches": [], "missing_branches": [[10, 11], [10, 13]]}}}, "src/ainpp_pb_latam/visualization/plot_maps.py": {"executed_lines": [1, 2, 3, 5], "summary": {"covered_lines": 4, "num_statements": 23, "percent_covered": 16.0, "percent_covered_display": "16", "missing_lines": 19, "excluded_lines": 0, "percent_statements_covered": 17.391304347826086, "percent_statements_covered_display": "17", "num_branches": 2, "num_partial_branches": 0, "covered_branches": 0, "missing_branches": 2, "percent_branches_covered": 0.0, "percent_branches_covered_display": "0"}, "missing_lines": [17, 20, 21, 24, 25, 26, 29, 30, 31, 34, 35, 36, 37, 38, 40, 41, 43, 44, 45], "excluded_lines": [], "executed_branches": [], "missing_branches": [[40, 41], [40, 43]], "functions": {"plot_comparison": {"executed_lines": [], "summary": {"covered_lines": 0, "num_statements": 19, "percent_covered": 0.0, "percent_covered_display": "0", "missing_lines": 19, "excluded_lines": 0, "percent_statements_covered": 0.0, "percent_statements_covered_display": "0", "num_branches": 2, "num_partial_branches": 0, "covered_branches": 0, "missing_branches": 2, "percent_branches_covered": 0.0, "percent_branches_covered_display": "0"}, "missing_lines": [17, 20, 21, 24, 25, 26, 29, 30, 31, 34, 35, 36, 37, 38, 40, 41, 43, 44, 45], "excluded_lines": [], "start_line": 5, "executed_branches": [], "missing_branches": [[40, 41], [40, 43]]}, "": {"executed_lines": [1, 2, 3, 5], "summary": {"covered_lines": 4, "num_statements": 4, "percent_covered": 100.0, "percent_covered_display": "100", "missing_lines": 0, "excluded_lines": 0, "percent_statements_covered": 100.0, "percent_statements_covered_display": "100", "num_branches": 0, "num_partial_branches": 0, "covered_branches": 0, "missing_branches": 0, "percent_branches_covered": 100.0, "percent_branches_covered_display": "100"}, "missing_lines": [], "excluded_lines": [], "start_line": 1, "executed_branches": [], "missing_branches": []}}, "classes": {"": {"executed_lines": [1, 2, 3, 5], "summary": {"covered_lines": 4, "num_statements": 23, "percent_covered": 16.0, "percent_covered_display": "16", "missing_lines": 19, "excluded_lines": 0, "percent_statements_covered": 17.391304347826086, "percent_statements_covered_display": "17", "num_branches": 2, "num_partial_branches": 0, "covered_branches": 0, "missing_branches": 2, "percent_branches_covered": 0.0, "percent_branches_covered_display": "0"}, "missing_lines": [17, 20, 21, 24, 25, 26, 29, 30, 31, 34, 35, 36, 37, 38, 40, 41, 43, 44, 45], "excluded_lines": [], "start_line": 1, "executed_branches": [], "missing_branches": [[40, 41], [40, 43]]}}}, "src/ainpp_pb_latam/visualization/plot_metrics.py": {"executed_lines": [1, 2, 3, 4, 6, 70, 81, 83, 85, 86, 87, 89, 90, 91, 92, 93, 95, 96, 97, 98, 100, 108, 109, 111, 112, 113, 114, 115, 116, 117, 118, 119, 120, 122, 123, 124, 125], "summary": {"covered_lines": 37, "num_statements": 79, "percent_covered": 38.144329896907216, "percent_covered_display": "38", "missing_lines": 42, "excluded_lines": 0, "percent_statements_covered": 46.835443037974684, "percent_statements_covered_display": "47", "num_branches": 18, "num_partial_branches": 0, "covered_branches": 0, "missing_branches": 18, "percent_branches_covered": 0.0, "percent_branches_covered_display": "0"}, "missing_lines": [10, 11, 13, 14, 15, 16, 17, 19, 20, 21, 24, 25, 26, 27, 28, 29, 31, 33, 34, 35, 37, 38, 41, 42, 45, 47, 48, 49, 51, 54, 55, 56, 58, 59, 60, 61, 62, 63, 65, 66, 67, 68], "excluded_lines": [], "executed_branches": [], "missing_branches": [[10, 11], [10, 13], [19, 20], [19, 37], [24, 19], [24, 25], [26, 27], [26, 28], [28, 29], [28, 31], [37, 38], [37, 41], [42, 45], [42, 54], [49, 42], [49, 51], [55, 56], [55, 58]], "functions": {"plot_performance_diagram": {"executed_lines": [], "summary": {"covered_lines": 0, "num_statements": 42, "percent_covered": 0.0, "percent_covered_display": "0", "missing_lines": 42, "excluded_lines": 0, "percent_statements_covered": 0.0, "percent_statements_covered_display": "0", "num_branches": 18, "num_partial_branches": 0, "covered_branches": 0, "missing_branches": 18, "percent_branches_covered": 0.0, "percent_branches_covered_display": "0"}, "missing_lines": [10, 11, 13, 14, 15, 16, 17, 19, 20, 21, 24, 25, 26, 27, 28, 29, 31, 33, 34, 35, 37, 38, 41, 42, 45, 47, 48, 49, 51, 54, 55, 56, 58, 59, 60, 61, 62, 63, 65, 66, 67, 68], "excluded_lines": [], "start_line": 6, "executed_branches": [], "missing_branches": [[10, 11], [10, 13], [19, 20], [19, 37], [24, 19], [24, 25], [26, 27], [26, 28], [28, 29], [28, 31], [37, 38], [37, 41], [42, 45], [42, 54], [49, 42], [49, 51], [55, 56], [55, 58]]}, "plot_reliability_diagram": {"executed_lines": [81, 83, 85, 86, 87, 89, 90, 91, 92, 93, 95, 96, 97, 98], "summary": {"covered_lines": 14, "num_statements": 14, "percent_covered": 100.0, "percent_covered_display": "100", "missing_lines": 0, "excluded_lines": 0, "percent_statements_covered": 100.0, "percent_statements_covered_display": "100", "num_branches": 0, "num_partial_branches": 0, "covered_branches": 0, "missing_branches": 0, "percent_branches_covered": 100.0, "percent_branches_covered_display": "100"}, "missing_lines": [], "excluded_lines": [], "start_line": 70, "executed_branches": [], "missing_branches": []}, "plot_roc_curve": {"executed_lines": [108, 109, 111, 112, 113, 114, 115, 116, 117, 118, 119, 120, 122, 123, 124, 125], "summary": {"covered_lines": 16, "num_statements": 16, "percent_covered": 100.0, "percent_covered_display": "100", "missing_lines": 0, "excluded_lines": 0, "percent_statements_covered": 100.0, "percent_statements_covered_display": "100", "num_branches": 0, "num_partial_branches": 0, "covered_branches": 0, "missing_branches": 0, "percent_branches_covered": 100.0, "percent_branches_covered_display": "100"}, "missing_lines": [], "excluded_lines": [], "start_line": 100, "executed_branches": [], "missing_branches": []}, "": {"executed_lines": [1, 2, 3, 4, 6, 70, 100], "summary": {"covered_lines": 7, "num_statements": 7, "percent_covered": 100.0, "percent_covered_display": "100", "missing_lines": 0, "excluded_lines": 0, "percent_statements_covered": 100.0, "percent_statements_covered_display": "100", "num_branches": 0, "num_partial_branches": 0, "covered_branches": 0, "missing_branches": 0, "percent_branches_covered": 100.0, "percent_branches_covered_display": "100"}, "missing_lines": [], "excluded_lines": [], "start_line": 1, "executed_branches": [], "missing_branches": []}}, "classes": {"": {"executed_lines": [1, 2, 3, 4, 6, 70, 81, 83, 85, 86, 87, 89, 90, 91, 92, 93, 95, 96, 97, 98, 100, 108, 109, 111, 112, 113, 114, 115, 116, 117, 118, 119, 120, 122, 123, 124, 125], "summary": {"covered_lines": 37, "num_statements": 79, "percent_covered": 38.144329896907216, "percent_covered_display": "38", "missing_lines": 42, "excluded_lines": 0, "percent_statements_covered": 46.835443037974684, "percent_statements_covered_display": "47", "num_branches": 18, "num_partial_branches": 0, "covered_branches": 0, "missing_branches": 18, "percent_branches_covered": 0.0, "percent_branches_covered_display": "0"}, "missing_lines": [10, 11, 13, 14, 15, 16, 17, 19, 20, 21, 24, 25, 26, 27, 28, 29, 31, 33, 34, 35, 37, 38, 41, 42, 45, 47, 48, 49, 51, 54, 55, 56, 58, 59, 60, 61, 62, 63, 65, 66, 67, 68], "excluded_lines": [], "start_line": 1, "executed_branches": [], "missing_branches": [[10, 11], [10, 13], [19, 20], [19, 37], [24, 19], [24, 25], [26, 27], [26, 28], [28, 29], [28, 31], [37, 38], [37, 41], [42, 45], [42, 54], [49, 42], [49, 51], [55, 56], [55, 58]]}}}, "src/ainpp_pb_latam/visualization/runner.py": {"executed_lines": [2, 3, 4, 5, 6, 7, 8, 9, 10, 12, 13, 27, 38, 70], "summary": {"covered_lines": 14, "num_statements": 59, "percent_covered": 18.666666666666668, "percent_covered_display": "19", "missing_lines": 45, "excluded_lines": 0, "percent_statements_covered": 23.728813559322035, "percent_statements_covered_display": "24", "num_branches": 16, "num_partial_branches": 0, "covered_branches": 0, "missing_branches": 16, "percent_branches_covered": 0.0, "percent_branches_covered_display": "0"}, "missing_lines": [20, 21, 22, 23, 25, 28, 29, 30, 33, 36, 39, 40, 41, 42, 44, 45, 54, 55, 56, 57, 59, 60, 61, 62, 63, 64, 65, 67, 68, 71, 72, 73, 74, 76, 77, 79, 80, 81, 82, 83, 86, 89, 98, 107, 108], "excluded_lines": [], "executed_branches": [], "missing_branches": [[40, 41], [40, 44], [55, 56], [55, 65], [56, 57], [56, 65], [57, 56], [57, 59], [61, 56], [61, 62], [67, -38], [67, 68], [72, 73], [72, 76], [79, -70], [79, 80]], "functions": {"VisualizationRunner.__init__": {"executed_lines": [], "summary": {"covered_lines": 0, "num_statements": 5, "percent_covered": 0.0, "percent_covered_display": "0", "missing_lines": 5, "excluded_lines": 0, "percent_statements_covered": 0.0, "percent_statements_covered_display": "0", "num_branches": 0, "num_partial_branches": 0, "covered_branches": 0, "missing_branches": 0, "percent_branches_covered": 100.0, "percent_branches_covered_display": "100"}, "missing_lines": [20, 21, 22, 23, 25], "excluded_lines": [], "start_line": 13, "executed_branches": [], "missing_branches": []}, "VisualizationRunner.run": {"executed_lines": [], "summary": {"covered_lines": 0, "num_statements": 5, "percent_covered": 0.0, "percent_covered_display": "0", "missing_lines": 5, "excluded_lines": 0, "percent_statements_covered": 0.0, "percent_statements_covered_display": "0", "num_branches": 0, "num_partial_branches": 0, "covered_branches": 0, "missing_branches": 0, "percent_branches_covered": 100.0, "percent_branches_covered_display": "100"}, "missing_lines": [28, 29, 30, 33, 36], "excluded_lines": [], "start_line": 27, "executed_branches": [], "missing_branches": []}, "VisualizationRunner.plot_metrics": {"executed_lines": [], "summary": {"covered_lines": 0, "num_statements": 19, "percent_covered": 0.0, "percent_covered_display": "0", "missing_lines": 19, "excluded_lines": 0, "percent_statements_covered": 0.0, "percent_statements_covered_display": "0", "num_branches": 12, "num_partial_branches": 0, "covered_branches": 0, "missing_branches": 12, "percent_branches_covered": 0.0, "percent_branches_covered_display": "0"}, "missing_lines": [39, 40, 41, 42, 44, 45, 54, 55, 56, 57, 59, 60, 61, 62, 63, 64, 65, 67, 68], "excluded_lines": [], "start_line": 38, "executed_branches": [], "missing_branches": [[40, 41], [40, 44], [55, 56], [55, 65], [56, 57], [56, 65], [57, 56], [57, 59], [61, 56], [61, 62], [67, -38], [67, 68]]}, "VisualizationRunner.plot_samples": {"executed_lines": [], "summary": {"covered_lines": 0, "num_statements": 16, "percent_covered": 0.0, "percent_covered_display": "0", "missing_lines": 16, "excluded_lines": 0, "percent_statements_covered": 0.0, "percent_statements_covered_display": "0", "num_branches": 4, "num_partial_branches": 0, "covered_branches": 0, "missing_branches": 4, "percent_branches_covered": 0.0, "percent_branches_covered_display": "0"}, "missing_lines": [71, 72, 73, 74, 76, 77, 79, 80, 81, 82, 83, 86, 89, 98, 107, 108], "excluded_lines": [], "start_line": 70, "executed_branches": [], "missing_branches": [[72, 73], [72, 76], [79, -70], [79, 80]]}, "": {"executed_lines": [2, 3, 4, 5, 6, 7, 8, 9, 10, 12, 13, 27, 38, 70], "summary": {"covered_lines": 14, "num_statements": 14, "percent_covered": 100.0, "percent_covered_display": "100", "missing_lines": 0, "excluded_lines": 0, "percent_statements_covered": 100.0, "percent_statements_covered_display": "100", "num_branches": 0, "num_partial_branches": 0, "covered_branches": 0, "missing_branches": 0, "percent_branches_covered": 100.0, "percent_branches_covered_display": "100"}, "missing_lines": [], "excluded_lines": [], "start_line": 1, "executed_branches": [], "missing_branches": []}}, "classes": {"VisualizationRunner": {"executed_lines": [], "summary": {"covered_lines": 0, "num_statements": 45, "percent_covered": 0.0, "percent_covered_display": "0", "missing_lines": 45, "excluded_lines": 0, "percent_statements_covered": 0.0, "percent_statements_covered_display": "0", "num_branches": 16, "num_partial_branches": 0, "covered_branches": 0, "missing_branches": 16, "percent_branches_covered": 0.0, "percent_branches_covered_display": "0"}, "missing_lines": [20, 21, 22, 23, 25, 28, 29, 30, 33, 36, 39, 40, 41, 42, 44, 45, 54, 55, 56, 57, 59, 60, 61, 62, 63, 64, 65, 67, 68, 71, 72, 73, 74, 76, 77, 79, 80, 81, 82, 83, 86, 89, 98, 107, 108], "excluded_lines": [], "start_line": 12, "executed_branches": [], "missing_branches": [[40, 41], [40, 44], [55, 56], [55, 65], [56, 57], [56, 65], [57, 56], [57, 59], [61, 56], [61, 62], [67, -38], [67, 68], [72, 73], [72, 76], [79, -70], [79, 80]]}, "": {"executed_lines": [2, 3, 4, 5, 6, 7, 8, 9, 10, 12, 13, 27, 38, 70], "summary": {"covered_lines": 14, "num_statements": 14, "percent_covered": 100.0, "percent_covered_display": "100", "missing_lines": 0, "excluded_lines": 0, "percent_statements_covered": 100.0, "percent_statements_covered_display": "100", "num_branches": 0, "num_partial_branches": 0, "covered_branches": 0, "missing_branches": 0, "percent_branches_covered": 100.0, "percent_branches_covered_display": "100"}, "missing_lines": [], "excluded_lines": [], "start_line": 1, "executed_branches": [], "missing_branches": []}}}, "src/ainpp_pb_latam/visualization/samples.py": {"executed_lines": [1, 2, 3, 4, 6], "summary": {"covered_lines": 5, "num_statements": 33, "percent_covered": 13.513513513513514, "percent_covered_display": "14", "missing_lines": 28, "excluded_lines": 0, "percent_statements_covered": 15.151515151515152, "percent_statements_covered_display": "15", "num_branches": 4, "num_partial_branches": 0, "covered_branches": 0, "missing_branches": 4, "percent_branches_covered": 0.0, "percent_branches_covered_display": "0"}, "missing_lines": [10, 11, 14, 17, 18, 19, 21, 26, 27, 30, 31, 34, 35, 38, 41, 42, 47, 49, 50, 51, 52, 55, 56, 57, 58, 60, 61, 62], "excluded_lines": [], "executed_branches": [], "missing_branches": [[41, 42], [41, 47], [47, 49], [47, 60]], "functions": {"save_epoch_sample": {"executed_lines": [], "summary": {"covered_lines": 0, "num_statements": 28, "percent_covered": 0.0, "percent_covered_display": "0", "missing_lines": 28, "excluded_lines": 0, "percent_statements_covered": 0.0, "percent_statements_covered_display": "0", "num_branches": 4, "num_partial_branches": 0, "covered_branches": 0, "missing_branches": 4, "percent_branches_covered": 0.0, "percent_branches_covered_display": "0"}, "missing_lines": [10, 11, 14, 17, 18, 19, 21, 26, 27, 30, 31, 34, 35, 38, 41, 42, 47, 49, 50, 51, 52, 55, 56, 57, 58, 60, 61, 62], "excluded_lines": [], "start_line": 6, "executed_branches": [], "missing_branches": [[41, 42], [41, 47], [47, 49], [47, 60]]}, "": {"executed_lines": [1, 2, 3, 4, 6], "summary": {"covered_lines": 5, "num_statements": 5, "percent_covered": 100.0, "percent_covered_display": "100", "missing_lines": 0, "excluded_lines": 0, "percent_statements_covered": 100.0, "percent_statements_covered_display": "100", "num_branches": 0, "num_partial_branches": 0, "covered_branches": 0, "missing_branches": 0, "percent_branches_covered": 100.0, "percent_branches_covered_display": "100"}, "missing_lines": [], "excluded_lines": [], "start_line": 1, "executed_branches": [], "missing_branches": []}}, "classes": {"": {"executed_lines": [1, 2, 3, 4, 6], "summary": {"covered_lines": 5, "num_statements": 33, "percent_covered": 13.513513513513514, "percent_covered_display": "14", "missing_lines": 28, "excluded_lines": 0, "percent_statements_covered": 15.151515151515152, "percent_statements_covered_display": "15", "num_branches": 4, "num_partial_branches": 0, "covered_branches": 0, "missing_branches": 4, "percent_branches_covered": 0.0, "percent_branches_covered_display": "0"}, "missing_lines": [10, 11, 14, 17, 18, 19, 21, 26, 27, 30, 31, 34, 35, 38, 41, 42, 47, 49, 50, 51, 52, 55, 56, 57, 58, 60, 61, 62], "excluded_lines": [], "start_line": 1, "executed_branches": [], "missing_branches": [[41, 42], [41, 47], [47, 49], [47, 60]]}}}, "src/ainpp_pb_latam/visualization/style.py": {"executed_lines": [1, 2, 4], "summary": {"covered_lines": 3, "num_statements": 14, "percent_covered": 18.75, "percent_covered_display": "19", "missing_lines": 11, "excluded_lines": 0, "percent_statements_covered": 21.428571428571427, "percent_statements_covered_display": "21", "num_branches": 2, "num_partial_branches": 0, "covered_branches": 0, "missing_branches": 2, "percent_branches_covered": 0.0, "percent_branches_covered_display": "0"}, "missing_lines": [17, 18, 19, 20, 21, 22, 24, 25, 26, 28, 30], "excluded_lines": [], "executed_branches": [], "missing_branches": [[17, 18], [17, 24]], "functions": {"set_style": {"executed_lines": [], "summary": {"covered_lines": 0, "num_statements": 11, "percent_covered": 0.0, "percent_covered_display": "0", "missing_lines": 11, "excluded_lines": 0, "percent_statements_covered": 0.0, "percent_statements_covered_display": "0", "num_branches": 2, "num_partial_branches": 0, "covered_branches": 0, "missing_branches": 2, "percent_branches_covered": 0.0, "percent_branches_covered_display": "0"}, "missing_lines": [17, 18, 19, 20, 21, 22, 24, 25, 26, 28, 30], "excluded_lines": [], "start_line": 4, "executed_branches": [], "missing_branches": [[17, 18], [17, 24]]}, "": {"executed_lines": [1, 2, 4], "summary": {"covered_lines": 3, "num_statements": 3, "percent_covered": 100.0, "percent_covered_display": "100", "missing_lines": 0, "excluded_lines": 0, "percent_statements_covered": 100.0, "percent_statements_covered_display": "100", "num_branches": 0, "num_partial_branches": 0, "covered_branches": 0, "missing_branches": 0, "percent_branches_covered": 100.0, "percent_branches_covered_display": "100"}, "missing_lines": [], "excluded_lines": [], "start_line": 1, "executed_branches": [], "missing_branches": []}}, "classes": {"": {"executed_lines": [1, 2, 4], "summary": {"covered_lines": 3, "num_statements": 14, "percent_covered": 18.75, "percent_covered_display": "19", "missing_lines": 11, "excluded_lines": 0, "percent_statements_covered": 21.428571428571427, "percent_statements_covered_display": "21", "num_branches": 2, "num_partial_branches": 0, "covered_branches": 0, "missing_branches": 2, "percent_branches_covered": 0.0, "percent_branches_covered_display": "0"}, "missing_lines": [17, 18, 19, 20, 21, 22, 24, 25, 26, 28, 30], "excluded_lines": [], "start_line": 1, "executed_branches": [], "missing_branches": [[17, 18], [17, 24]]}}}}, "totals": {"covered_lines": 411, "num_statements": 2105, "percent_covered": 17.36139214892756, "percent_covered_display": "17", "missing_lines": 1694, "excluded_lines": 0, "percent_statements_covered": 19.524940617577197, "percent_statements_covered_display": "20", "num_branches": 366, "num_partial_branches": 8, "covered_branches": 18, "missing_branches": 348, "percent_branches_covered": 4.918032786885246, "percent_branches_covered_display": "5"}}